2021.12.09 09:54:05.244 [INFO] com.dreamteam.model2.Floor: Queue at floor25, elevator0, queue size: 1
2021.12.09 09:54:05.294 [INFO] com.dreamteam.model2.Elevator: No users left Elevator4
2021.12.09 09:54:05.294 [INFO] com.dreamteam.model2.Elevator: No users left Elevator2
2021.12.09 09:54:05.294 [INFO] com.dreamteam.model2.ElevatorA: No active and waiting users, elevator is free now
2021.12.09 09:54:05.294 [INFO] com.dreamteam.model2.Elevator: No users left Elevator1
2021.12.09 09:54:05.294 [INFO] com.dreamteam.model2.ElevatorA: No active and waiting users, elevator is free now
2021.12.09 09:54:05.294 [INFO] com.dreamteam.model2.Elevator: No users left Elevator3
2021.12.09 09:54:05.294 [INFO] com.dreamteam.model2.ElevatorA: No active and waiting users, elevator is free now
2021.12.09 09:54:05.294 [INFO] com.dreamteam.model2.Elevator: No users left Elevator0
2021.12.09 09:54:05.294 [INFO] com.dreamteam.model2.ElevatorA: No active and waiting users, elevator is free now
2021.12.09 09:54:05.294 [INFO] com.dreamteam.model2.ElevatorA: No active and waiting users, elevator is free now
2021.12.09 09:54:05.299 [INFO] com.dreamteam.utils.UserFactory: New user: Passenger, ID: 0, Start floor: 25, Destination floor: 13, ElevatorA0
2021.12.09 09:54:05.299 [INFO] com.dreamteam.model2.Floor: Queue at floor29, elevator0, queue size: 1
2021.12.09 09:54:05.304 [INFO] com.dreamteam.utils.UserFactory: New user: Passenger, ID: 1, Start floor: 29, Destination floor: 4, ElevatorA0
2021.12.09 09:54:05.309 [INFO] com.dreamteam.model2.Elevator: Elevator0 goes to user Passenger0
2021.12.09 09:54:05.314 [INFO] com.dreamteam.model2.Floor: Queue at floor29, elevator3, queue size: 1
2021.12.09 09:54:05.314 [INFO] com.dreamteam.utils.UserFactory: New user: Passenger, ID: 2, Start floor: 29, Destination floor: 11, ElevatorA3
2021.12.09 09:54:05.314 [INFO] com.dreamteam.model2.Elevator: Elevator3 goes to user Passenger2
2021.12.09 09:54:05.321 [INFO] com.dreamteam.model2.Elevator: User Passenger1 added to Elevator0 waiting list, size: 2
2021.12.09 09:54:05.364 [INFO] com.dreamteam.model2.Floor: Queue at floor7, elevator0, queue size: 1
2021.12.09 09:54:05.364 [INFO] com.dreamteam.utils.UserFactory: New user: Passenger, ID: 3, Start floor: 7, Destination floor: 15, ElevatorA0
2021.12.09 09:54:05.364 [INFO] com.dreamteam.model2.Elevator: User Passenger3 added to Elevator0 waiting list, size: 3
2021.12.09 09:54:05.379 [INFO] com.dreamteam.model2.Elevator: No users left Elevator4
2021.12.09 09:54:05.389 [INFO] com.dreamteam.model2.ElevatorA: No active and waiting users, elevator is free now
2021.12.09 09:54:05.389 [INFO] com.dreamteam.model2.Elevator: No users left Elevator3
2021.12.09 09:54:05.399 [INFO] com.dreamteam.model2.Elevator: No users left Elevator0
2021.12.09 09:54:05.379 [INFO] com.dreamteam.model2.Elevator: No users left Elevator1
2021.12.09 09:54:05.409 [INFO] com.dreamteam.model2.ElevatorA: No active and waiting users, elevator is free now
2021.12.09 09:54:05.409 [INFO] com.dreamteam.model2.Elevator: No users left Elevator2
2021.12.09 09:54:05.409 [INFO] com.dreamteam.model2.ElevatorA: No active and waiting users, elevator is free now
2021.12.09 09:54:05.414 [INFO] com.dreamteam.model2.ElevatorA: ElevatorA3 goes to floor 29, direction: UP
2021.12.09 09:54:05.414 [INFO] com.dreamteam.model2.ElevatorA: ElevatorA0 goes to floor 25, direction: UP
2021.12.09 09:54:05.444 [INFO] com.dreamteam.model2.Floor: Queue at floor10, elevator0, queue size: 1
2021.12.09 09:54:05.449 [INFO] com.dreamteam.utils.UserFactory: New user: Passenger, ID: 4, Start floor: 10, Destination floor: 14, ElevatorA0
2021.12.09 09:54:05.479 [INFO] com.dreamteam.model2.Elevator: No users left Elevator4
2021.12.09 09:54:05.479 [INFO] com.dreamteam.model2.ElevatorA: No active and waiting users, elevator is free now
2021.12.09 09:54:05.479 [INFO] com.dreamteam.model2.Floor: Queue at floor1, elevator0, queue size: 1
2021.12.09 09:54:05.479 [INFO] com.dreamteam.utils.UserFactory: New user: Passenger, ID: 5, Start floor: 1, Destination floor: 28, ElevatorA0
2021.12.09 09:54:05.494 [INFO] com.dreamteam.model2.Elevator: No users left Elevator2
2021.12.09 09:54:05.494 [INFO] com.dreamteam.model2.ElevatorA: No active and waiting users, elevator is free now
2021.12.09 09:54:05.494 [INFO] com.dreamteam.model2.Elevator: No users left Elevator1
2021.12.09 09:54:05.494 [INFO] com.dreamteam.model2.ElevatorA: No active and waiting users, elevator is free now
2021.12.09 09:54:05.554 [INFO] com.dreamteam.model2.Floor: Queue at floor18, elevator0, queue size: 1
2021.12.09 09:54:05.554 [INFO] com.dreamteam.utils.UserFactory: New user: Passenger, ID: 6, Start floor: 18, Destination floor: 17, ElevatorA0
2021.12.09 09:54:05.574 [INFO] com.dreamteam.model2.Elevator: No users left Elevator4
2021.12.09 09:54:05.574 [INFO] com.dreamteam.model2.ElevatorA: No active and waiting users, elevator is free now
2021.12.09 09:54:05.594 [INFO] com.dreamteam.model2.Elevator: No users left Elevator2
2021.12.09 09:54:05.594 [INFO] com.dreamteam.model2.Elevator: No users left Elevator1
2021.12.09 09:54:05.594 [INFO] com.dreamteam.model2.ElevatorA: No active and waiting users, elevator is free now
2021.12.09 09:54:05.594 [INFO] com.dreamteam.model2.ElevatorA: No active and waiting users, elevator is free now
2021.12.09 09:54:05.614 [INFO] com.dreamteam.model2.Floor: Queue at floor24, elevator0, queue size: 1
2021.12.09 09:54:05.614 [INFO] com.dreamteam.utils.UserFactory: New user: Passenger, ID: 7, Start floor: 24, Destination floor: 7, ElevatorA0
2021.12.09 09:54:05.664 [INFO] com.dreamteam.model2.Elevator: No users left Elevator4
2021.12.09 09:54:05.664 [INFO] com.dreamteam.model2.ElevatorA: No active and waiting users, elevator is free now
2021.12.09 09:54:05.664 [INFO] com.dreamteam.model2.Floor: Queue at floor10, elevator3, queue size: 1
2021.12.09 09:54:05.664 [INFO] com.dreamteam.utils.UserFactory: New user: Passenger, ID: 8, Start floor: 10, Destination floor: 26, ElevatorA3
2021.12.09 09:54:05.679 [INFO] com.dreamteam.model2.Elevator: No users left Elevator1
2021.12.09 09:54:05.679 [INFO] com.dreamteam.model2.Elevator: No users left Elevator2
2021.12.09 09:54:05.679 [INFO] com.dreamteam.model2.ElevatorA: No active and waiting users, elevator is free now
2021.12.09 09:54:05.679 [INFO] com.dreamteam.model2.ElevatorA: No active and waiting users, elevator is free now
2021.12.09 09:54:05.734 [INFO] com.dreamteam.model2.Floor: Queue at floor6, elevator0, queue size: 1
2021.12.09 09:54:05.734 [INFO] com.dreamteam.utils.UserFactory: New user: Passenger, ID: 9, Start floor: 6, Destination floor: 8, ElevatorA0
2021.12.09 09:54:05.754 [INFO] com.dreamteam.model2.Elevator: No users left Elevator4
2021.12.09 09:54:05.754 [INFO] com.dreamteam.model2.ElevatorA: No active and waiting users, elevator is free now
2021.12.09 09:54:05.769 [INFO] com.dreamteam.model2.Elevator: No users left Elevator1
2021.12.09 09:54:05.769 [INFO] com.dreamteam.model2.Elevator: No users left Elevator2
2021.12.09 09:54:05.769 [INFO] com.dreamteam.model2.ElevatorA: No active and waiting users, elevator is free now
2021.12.09 09:54:05.769 [INFO] com.dreamteam.model2.ElevatorA: No active and waiting users, elevator is free now
2021.12.09 09:54:05.784 [INFO] com.dreamteam.model2.Floor: Queue at floor11, elevator0, queue size: 1
2021.12.09 09:54:05.784 [INFO] com.dreamteam.utils.UserFactory: New user: Passenger, ID: 10, Start floor: 11, Destination floor: 1, ElevatorA0
2021.12.09 09:54:05.839 [INFO] com.dreamteam.model2.Elevator: No users left Elevator4
2021.12.09 09:54:05.839 [INFO] com.dreamteam.model2.ElevatorA: No active and waiting users, elevator is free now
2021.12.09 09:54:05.839 [INFO] com.dreamteam.model2.Floor: Queue at floor21, elevator0, queue size: 1
2021.12.09 09:54:05.839 [INFO] com.dreamteam.utils.UserFactory: New user: Passenger, ID: 11, Start floor: 21, Destination floor: 25, ElevatorA0
2021.12.09 09:54:05.854 [INFO] com.dreamteam.model2.Elevator: No users left Elevator1
2021.12.09 09:54:05.854 [INFO] com.dreamteam.model2.Elevator: No users left Elevator2
2021.12.09 09:54:05.854 [INFO] com.dreamteam.model2.ElevatorA: No active and waiting users, elevator is free now
2021.12.09 09:54:05.854 [INFO] com.dreamteam.model2.ElevatorA: No active and waiting users, elevator is free now
2021.12.09 09:54:05.914 [INFO] com.dreamteam.model2.Floor: Queue at floor20, elevator0, queue size: 1
2021.12.09 09:54:05.914 [INFO] com.dreamteam.utils.UserFactory: New user: Passenger, ID: 12, Start floor: 20, Destination floor: 8, ElevatorA0
2021.12.09 09:54:05.929 [INFO] com.dreamteam.model2.Elevator: No users left Elevator4
2021.12.09 09:54:05.929 [INFO] com.dreamteam.model2.ElevatorA: No active and waiting users, elevator is free now
2021.12.09 09:54:05.949 [INFO] com.dreamteam.model2.Elevator: No users left Elevator1
2021.12.09 09:54:05.949 [INFO] com.dreamteam.model2.Elevator: No users left Elevator2
2021.12.09 09:54:05.949 [INFO] com.dreamteam.model2.ElevatorA: No active and waiting users, elevator is free now
2021.12.09 09:54:05.949 [INFO] com.dreamteam.model2.ElevatorA: No active and waiting users, elevator is free now
2021.12.09 09:54:05.974 [INFO] com.dreamteam.model2.Floor: Queue at floor20, elevator3, queue size: 1
2021.12.09 09:54:05.979 [INFO] com.dreamteam.utils.UserFactory: New user: Passenger, ID: 13, Start floor: 20, Destination floor: 2, ElevatorA3
2021.12.09 09:54:06.022 [INFO] com.dreamteam.model2.Elevator: No users left Elevator4
2021.12.09 09:54:06.022 [INFO] com.dreamteam.model2.ElevatorA: No active and waiting users, elevator is free now
2021.12.09 09:54:06.022 [INFO] com.dreamteam.model2.Floor: Queue at floor9, elevator0, queue size: 1
2021.12.09 09:54:06.022 [INFO] com.dreamteam.utils.UserFactory: New user: Passenger, ID: 14, Start floor: 9, Destination floor: 27, ElevatorA0
2021.12.09 09:54:06.039 [INFO] com.dreamteam.model2.Elevator: No users left Elevator1
2021.12.09 09:54:06.039 [INFO] com.dreamteam.model2.Elevator: No users left Elevator2
2021.12.09 09:54:06.039 [INFO] com.dreamteam.model2.ElevatorA: No active and waiting users, elevator is free now
2021.12.09 09:54:06.039 [INFO] com.dreamteam.model2.ElevatorA: No active and waiting users, elevator is free now
2021.12.09 09:54:06.094 [INFO] com.dreamteam.model2.Floor: Queue at floor16, elevator0, queue size: 1
2021.12.09 09:54:06.094 [INFO] com.dreamteam.utils.UserFactory: New user: Passenger, ID: 15, Start floor: 16, Destination floor: 13, ElevatorA0
2021.12.09 09:54:06.109 [INFO] com.dreamteam.model2.Elevator: No users left Elevator4
2021.12.09 09:54:06.109 [INFO] com.dreamteam.model2.ElevatorA: No active and waiting users, elevator is free now
2021.12.09 09:54:06.129 [INFO] com.dreamteam.model2.Elevator: No users left Elevator1
2021.12.09 09:54:06.129 [INFO] com.dreamteam.model2.Elevator: No users left Elevator2
2021.12.09 09:54:06.129 [INFO] com.dreamteam.model2.ElevatorA: No active and waiting users, elevator is free now
2021.12.09 09:54:06.129 [INFO] com.dreamteam.model2.ElevatorA: No active and waiting users, elevator is free now
2021.12.09 09:54:06.149 [INFO] com.dreamteam.model2.Floor: Queue at floor26, elevator0, queue size: 1
2021.12.09 09:54:06.149 [INFO] com.dreamteam.utils.UserFactory: New user: Passenger, ID: 16, Start floor: 26, Destination floor: 20, ElevatorA0
2021.12.09 09:54:06.209 [INFO] com.dreamteam.model2.Elevator: No users left Elevator4
2021.12.09 09:54:06.209 [INFO] com.dreamteam.model2.ElevatorA: No active and waiting users, elevator is free now
2021.12.09 09:54:06.209 [INFO] com.dreamteam.model2.Floor: Queue at floor7, elevator3, queue size: 1
2021.12.09 09:54:06.209 [INFO] com.dreamteam.utils.UserFactory: New user: Passenger, ID: 17, Start floor: 7, Destination floor: 16, ElevatorA3
2021.12.09 09:54:06.229 [INFO] com.dreamteam.model2.Elevator: No users left Elevator2
2021.12.09 09:54:06.229 [INFO] com.dreamteam.model2.ElevatorA: No active and waiting users, elevator is free now
2021.12.09 09:54:06.229 [INFO] com.dreamteam.model2.Elevator: No users left Elevator1
2021.12.09 09:54:06.229 [INFO] com.dreamteam.model2.ElevatorA: No active and waiting users, elevator is free now
2021.12.09 09:54:06.259 [INFO] com.dreamteam.model2.Floor: Queue at floor26, elevator3, queue size: 1
2021.12.09 09:54:06.259 [INFO] com.dreamteam.utils.UserFactory: New user: Passenger, ID: 18, Start floor: 26, Destination floor: 15, ElevatorA3
2021.12.09 09:54:06.299 [INFO] com.dreamteam.model2.Elevator: No users left Elevator4
2021.12.09 09:54:06.299 [INFO] com.dreamteam.model2.ElevatorA: No active and waiting users, elevator is free now
2021.12.09 09:54:06.319 [INFO] com.dreamteam.model2.Elevator: No users left Elevator1
2021.12.09 09:54:06.319 [INFO] com.dreamteam.model2.Elevator: No users left Elevator2
2021.12.09 09:54:06.319 [INFO] com.dreamteam.model2.ElevatorA: No active and waiting users, elevator is free now
2021.12.09 09:54:06.319 [INFO] com.dreamteam.model2.ElevatorA: No active and waiting users, elevator is free now
2021.12.09 09:54:06.319 [INFO] com.dreamteam.model2.Floor: Queue at floor14, elevator0, queue size: 1
2021.12.09 09:54:06.319 [INFO] com.dreamteam.utils.UserFactory: New user: Passenger, ID: 19, Start floor: 14, Destination floor: 28, ElevatorA0
2021.12.09 09:54:06.389 [INFO] com.dreamteam.model2.Elevator: No users left Elevator4
2021.12.09 09:54:06.389 [INFO] com.dreamteam.model2.ElevatorA: No active and waiting users, elevator is free now
2021.12.09 09:54:06.389 [INFO] com.dreamteam.model2.Floor: Queue at floor9, elevator3, queue size: 1
2021.12.09 09:54:06.389 [INFO] com.dreamteam.utils.UserFactory: New user: Passenger, ID: 20, Start floor: 9, Destination floor: 7, ElevatorA3
2021.12.09 09:54:06.409 [INFO] com.dreamteam.model2.Elevator: No users left Elevator1
2021.12.09 09:54:06.409 [INFO] com.dreamteam.model2.Elevator: No users left Elevator2
2021.12.09 09:54:06.409 [INFO] com.dreamteam.model2.ElevatorA: No active and waiting users, elevator is free now
2021.12.09 09:54:06.409 [INFO] com.dreamteam.model2.ElevatorA: No active and waiting users, elevator is free now
2021.12.09 09:54:06.449 [INFO] com.dreamteam.model2.Floor: Queue at floor24, elevator3, queue size: 1
2021.12.09 09:54:06.449 [INFO] com.dreamteam.utils.UserFactory: New user: Passenger, ID: 21, Start floor: 24, Destination floor: 27, ElevatorA3
2021.12.09 09:54:06.484 [INFO] com.dreamteam.model2.Elevator: No users left Elevator4
2021.12.09 09:54:06.484 [INFO] com.dreamteam.model2.ElevatorA: No active and waiting users, elevator is free now
2021.12.09 09:54:06.499 [INFO] com.dreamteam.model2.Elevator: No users left Elevator2
2021.12.09 09:54:06.499 [INFO] com.dreamteam.model2.ElevatorA: No active and waiting users, elevator is free now
2021.12.09 09:54:06.499 [INFO] com.dreamteam.model2.Elevator: No users left Elevator1
2021.12.09 09:54:06.499 [INFO] com.dreamteam.model2.ElevatorA: No active and waiting users, elevator is free now
2021.12.09 09:54:06.499 [INFO] com.dreamteam.model2.Floor: Queue at floor20, elevator4, queue size: 1
2021.12.09 09:54:06.499 [INFO] com.dreamteam.utils.UserFactory: New user: Passenger, ID: 22, Start floor: 20, Destination floor: 23, ElevatorA4
2021.12.09 09:54:06.499 [INFO] com.dreamteam.model2.Elevator: Elevator4 goes to user Passenger22
2021.12.09 09:54:06.574 [INFO] com.dreamteam.model2.Elevator: No users left Elevator4
2021.12.09 09:54:06.574 [INFO] com.dreamteam.model2.ElevatorA: ElevatorA4 goes to floor 20, direction: UP
2021.12.09 09:54:06.579 [INFO] com.dreamteam.model2.Floor: Queue at floor24, elevator4, queue size: 1
2021.12.09 09:54:06.579 [INFO] com.dreamteam.utils.UserFactory: New user: Passenger, ID: 23, Start floor: 24, Destination floor: 23, ElevatorA4
2021.12.09 09:54:06.589 [INFO] com.dreamteam.model2.Elevator: No users left Elevator2
2021.12.09 09:54:06.589 [INFO] com.dreamteam.model2.ElevatorA: No active and waiting users, elevator is free now
2021.12.09 09:54:06.589 [INFO] com.dreamteam.model2.Elevator: No users left Elevator1
2021.12.09 09:54:06.589 [INFO] com.dreamteam.model2.ElevatorA: No active and waiting users, elevator is free now
2021.12.09 09:54:06.629 [INFO] com.dreamteam.model2.Floor: Queue at floor10, elevator4, queue size: 1
2021.12.09 09:54:06.629 [INFO] com.dreamteam.utils.UserFactory: New user: Passenger, ID: 24, Start floor: 10, Destination floor: 21, ElevatorA4
2021.12.09 09:54:06.684 [INFO] com.dreamteam.model2.Elevator: No users left Elevator2
2021.12.09 09:54:06.684 [INFO] com.dreamteam.model2.Elevator: No users left Elevator1
2021.12.09 09:54:06.684 [INFO] com.dreamteam.model2.ElevatorA: No active and waiting users, elevator is free now
2021.12.09 09:54:06.684 [INFO] com.dreamteam.model2.ElevatorA: No active and waiting users, elevator is free now
2021.12.09 09:54:06.684 [INFO] com.dreamteam.model2.Floor: Queue at floor9, elevator4, queue size: 1
2021.12.09 09:54:06.684 [INFO] com.dreamteam.utils.UserFactory: New user: Passenger, ID: 25, Start floor: 9, Destination floor: 15, ElevatorA4
2021.12.09 09:54:06.739 [INFO] com.dreamteam.model2.Floor: Queue at floor13, elevator0, queue size: 1
2021.12.09 09:54:06.744 [INFO] com.dreamteam.utils.UserFactory: New user: Passenger, ID: 26, Start floor: 13, Destination floor: 27, ElevatorA0
2021.12.09 09:54:06.774 [INFO] com.dreamteam.model2.Elevator: No users left Elevator2
2021.12.09 09:54:06.774 [INFO] com.dreamteam.model2.Elevator: No users left Elevator1
2021.12.09 09:54:06.774 [INFO] com.dreamteam.model2.ElevatorA: No active and waiting users, elevator is free now
2021.12.09 09:54:06.774 [INFO] com.dreamteam.model2.ElevatorA: No active and waiting users, elevator is free now
2021.12.09 09:54:06.834 [INFO] com.dreamteam.model2.Floor: Queue at floor3, elevator0, queue size: 1
2021.12.09 09:54:06.834 [INFO] com.dreamteam.utils.UserFactory: New user: Passenger, ID: 27, Start floor: 3, Destination floor: 1, ElevatorA0
2021.12.09 09:54:06.864 [INFO] com.dreamteam.model2.Elevator: No users left Elevator1
2021.12.09 09:54:06.864 [INFO] com.dreamteam.model2.Elevator: No users left Elevator2
2021.12.09 09:54:06.864 [INFO] com.dreamteam.model2.ElevatorA: No active and waiting users, elevator is free now
2021.12.09 09:54:06.864 [INFO] com.dreamteam.model2.ElevatorA: No active and waiting users, elevator is free now
2021.12.09 09:54:06.864 [INFO] com.dreamteam.model2.Floor: Queue at floor16, elevator3, queue size: 1
2021.12.09 09:54:06.864 [INFO] com.dreamteam.utils.UserFactory: New user: Passenger, ID: 28, Start floor: 16, Destination floor: 24, ElevatorA3
2021.12.09 09:54:06.923 [INFO] com.dreamteam.model2.Floor: Queue at floor28, elevator0, queue size: 1
2021.12.09 09:54:06.923 [INFO] com.dreamteam.utils.UserFactory: New user: Passenger, ID: 29, Start floor: 28, Destination floor: 11, ElevatorA0
2021.12.09 09:54:06.954 [INFO] com.dreamteam.model2.Elevator: No users left Elevator2
2021.12.09 09:54:06.954 [INFO] com.dreamteam.model2.Elevator: No users left Elevator1
2021.12.09 09:54:06.954 [INFO] com.dreamteam.model2.ElevatorA: No active and waiting users, elevator is free now
2021.12.09 09:54:06.954 [INFO] com.dreamteam.model2.ElevatorA: No active and waiting users, elevator is free now
2021.12.09 09:54:06.994 [INFO] com.dreamteam.model2.Floor: Queue at floor24, elevator1, queue size: 1
2021.12.09 09:54:06.994 [INFO] com.dreamteam.utils.UserFactory: New user: Passenger, ID: 30, Start floor: 24, Destination floor: 8, ElevatorA1
2021.12.09 09:54:06.994 [INFO] com.dreamteam.model2.Elevator: Elevator1 goes to user Passenger30
2021.12.09 09:54:07.049 [INFO] com.dreamteam.model2.Elevator: No users left Elevator2
2021.12.09 09:54:07.049 [INFO] com.dreamteam.model2.Elevator: No users left Elevator1
2021.12.09 09:54:07.049 [INFO] com.dreamteam.model2.ElevatorA: No active and waiting users, elevator is free now
2021.12.09 09:54:07.049 [INFO] com.dreamteam.model2.ElevatorA: ElevatorA1 goes to floor 24, direction: UP
2021.12.09 09:54:07.049 [INFO] com.dreamteam.model2.Floor: Queue at floor5, elevator0, queue size: 1
2021.12.09 09:54:07.049 [INFO] com.dreamteam.utils.UserFactory: New user: Passenger, ID: 31, Start floor: 5, Destination floor: 1, ElevatorA0
2021.12.09 09:54:07.069 [INFO] com.dreamteam.model2.Elevator: User Passenger25 added to Elevator4 waiting list, size: 1
2021.12.09 09:54:07.069 [INFO] com.dreamteam.model2.Elevator: User Passenger28 added to Elevator3 waiting list, size: 1
2021.12.09 09:54:07.069 [INFO] com.dreamteam.model2.Elevator: User Passenger31 added to Elevator0 waiting list, size: 3
2021.12.09 09:54:07.069 [INFO] com.dreamteam.model2.Elevator: User Passenger24 added to Elevator4 waiting list, size: 2
2021.12.09 09:54:07.069 [INFO] com.dreamteam.model2.Elevator: User Passenger21 added to Elevator3 waiting list, size: 2
2021.12.09 09:54:07.069 [INFO] com.dreamteam.model2.Elevator: User Passenger23 added to Elevator4 waiting list, size: 3
2021.12.09 09:54:07.069 [INFO] com.dreamteam.model2.Elevator: User Passenger29 added to Elevator0 waiting list, size: 4
2021.12.09 09:54:07.069 [INFO] com.dreamteam.model2.Elevator: User Passenger20 added to Elevator3 waiting list, size: 3
2021.12.09 09:54:07.079 [INFO] com.dreamteam.model2.Elevator: User Passenger18 added to Elevator3 waiting list, size: 4
2021.12.09 09:54:07.079 [INFO] com.dreamteam.model2.Elevator: User Passenger17 added to Elevator3 waiting list, size: 5
2021.12.09 09:54:07.079 [INFO] com.dreamteam.model2.Elevator: User Passenger13 added to Elevator3 waiting list, size: 6
2021.12.09 09:54:07.079 [INFO] com.dreamteam.model2.Elevator: User Passenger8 added to Elevator3 waiting list, size: 7
2021.12.09 09:54:07.079 [INFO] com.dreamteam.model2.Elevator: User Passenger27 added to Elevator0 waiting list, size: 5
2021.12.09 09:54:07.079 [INFO] com.dreamteam.model2.Elevator: User Passenger26 added to Elevator0 waiting list, size: 6
2021.12.09 09:54:07.079 [INFO] com.dreamteam.model2.Elevator: User Passenger19 added to Elevator0 waiting list, size: 7
2021.12.09 09:54:07.079 [INFO] com.dreamteam.model2.Elevator: User Passenger16 added to Elevator0 waiting list, size: 8
2021.12.09 09:54:07.079 [INFO] com.dreamteam.model2.Elevator: User Passenger15 added to Elevator0 waiting list, size: 9
2021.12.09 09:54:07.089 [INFO] com.dreamteam.model2.Elevator: User Passenger14 added to Elevator0 waiting list, size: 10
2021.12.09 09:54:07.089 [INFO] com.dreamteam.model2.Elevator: User Passenger12 added to Elevator0 waiting list, size: 11
