2021.12.09 09:27:39.628 [INFO] com.dreamteam.model2.Elevator: No users left Elevator2
2021.12.09 09:27:39.661 [INFO] com.dreamteam.model2.ElevatorA: No active and waiting users, elevator is free now
2021.12.09 09:27:39.631 [INFO] com.dreamteam.model2.Floor: Queue at floor26, elevator3, queue size: 1
2021.12.09 09:27:39.621 [INFO] com.dreamteam.model2.Elevator: No users left Elevator1
2021.12.09 09:27:39.628 [INFO] com.dreamteam.model2.Elevator: No users left Elevator0
2021.12.09 09:27:39.628 [INFO] com.dreamteam.model2.Elevator: No users left Elevator3
2021.12.09 09:27:39.628 [INFO] com.dreamteam.model2.Elevator: No users left Elevator4
2021.12.09 09:27:39.661 [INFO] com.dreamteam.model2.ElevatorA: No active and waiting users, elevator is free now
2021.12.09 09:27:39.661 [INFO] com.dreamteam.model2.ElevatorA: No active and waiting users, elevator is free now
2021.12.09 09:27:39.661 [INFO] com.dreamteam.model2.ElevatorA: No active and waiting users, elevator is free now
2021.12.09 09:27:39.661 [INFO] com.dreamteam.model2.ElevatorA: No active and waiting users, elevator is free now
2021.12.09 09:27:39.716 [INFO] com.dreamteam.utils.UserFactory: New user: Passenger, ID: 0, Start floor: 26, Destination floor: 28, ElevatorA3
2021.12.09 09:27:39.716 [INFO] com.dreamteam.model2.Floor: Queue at floor5, elevator3, queue size: 1
2021.12.09 09:27:39.726 [INFO] com.dreamteam.model2.Elevator: Elevator3 goes to user Passenger0
2021.12.09 09:27:39.731 [INFO] com.dreamteam.utils.UserFactory: New user: Passenger, ID: 1, Start floor: 5, Destination floor: 11, ElevatorA3
2021.12.09 09:27:39.731 [INFO] com.dreamteam.model2.Floor: Queue at floor24, elevator3, queue size: 1
2021.12.09 09:27:39.731 [INFO] com.dreamteam.utils.UserFactory: New user: Passenger, ID: 2, Start floor: 24, Destination floor: 14, ElevatorA3
2021.12.09 09:27:39.736 [INFO] com.dreamteam.model2.Floor: Queue at floor2, elevator3, queue size: 1
2021.12.09 09:27:39.736 [INFO] com.dreamteam.utils.UserFactory: New user: Passenger, ID: 3, Start floor: 2, Destination floor: 29, ElevatorA3
2021.12.09 09:27:39.741 [INFO] com.dreamteam.model2.Elevator: User Passenger1 added to Elevator3 waiting list, size: 2
2021.12.09 09:27:39.741 [INFO] com.dreamteam.model2.Elevator: User Passenger3 added to Elevator3 waiting list, size: 3
2021.12.09 09:27:39.741 [INFO] com.dreamteam.model2.Elevator: User Passenger2 added to Elevator3 waiting list, size: 4
2021.12.09 09:27:39.746 [INFO] com.dreamteam.model2.Elevator: No users left Elevator2
2021.12.09 09:27:39.746 [INFO] com.dreamteam.model2.Elevator: No users left Elevator3
2021.12.09 09:27:39.746 [INFO] com.dreamteam.model2.Elevator: No users left Elevator1
2021.12.09 09:27:39.746 [INFO] com.dreamteam.model2.ElevatorA: No active and waiting users, elevator is free now
2021.12.09 09:27:39.746 [INFO] com.dreamteam.model2.ElevatorA: No active and waiting users, elevator is free now
2021.12.09 09:27:39.746 [INFO] com.dreamteam.model2.Elevator: No users left Elevator0
2021.12.09 09:27:39.746 [INFO] com.dreamteam.model2.ElevatorA: No active and waiting users, elevator is free now
2021.12.09 09:27:39.746 [INFO] com.dreamteam.model2.Floor: Queue at floor9, elevator3, queue size: 1
2021.12.09 09:27:39.746 [INFO] com.dreamteam.utils.UserFactory: New user: Passenger, ID: 4, Start floor: 9, Destination floor: 0, ElevatorA3
2021.12.09 09:27:39.751 [INFO] com.dreamteam.model2.ElevatorA: ElevatorA3 goes to floor 26, direction: UP
2021.12.09 09:27:39.761 [INFO] com.dreamteam.model2.Elevator: No users left Elevator4
2021.12.09 09:27:39.761 [INFO] com.dreamteam.model2.ElevatorA: No active and waiting users, elevator is free now
2021.12.09 09:27:39.831 [INFO] com.dreamteam.model2.Floor: Queue at floor5, elevator0, queue size: 1
2021.12.09 09:27:39.831 [INFO] com.dreamteam.utils.UserFactory: New user: Passenger, ID: 5, Start floor: 5, Destination floor: 25, ElevatorA0
2021.12.09 09:27:39.831 [INFO] com.dreamteam.model2.Elevator: Elevator0 goes to user Passenger5
2021.12.09 09:27:39.836 [INFO] com.dreamteam.model2.Elevator: No users left Elevator0
2021.12.09 09:27:39.836 [INFO] com.dreamteam.model2.ElevatorA: ElevatorA0 goes to floor 5, direction: UP
2021.12.09 09:27:39.841 [INFO] com.dreamteam.model2.Elevator: No users left Elevator2
2021.12.09 09:27:39.841 [INFO] com.dreamteam.model2.Elevator: No users left Elevator1
2021.12.09 09:27:39.841 [INFO] com.dreamteam.model2.ElevatorA: No active and waiting users, elevator is free now
2021.12.09 09:27:39.841 [INFO] com.dreamteam.model2.ElevatorA: No active and waiting users, elevator is free now
2021.12.09 09:27:39.856 [INFO] com.dreamteam.model2.Elevator: No users left Elevator4
2021.12.09 09:27:39.856 [INFO] com.dreamteam.model2.ElevatorA: No active and waiting users, elevator is free now
2021.12.09 09:27:39.876 [INFO] com.dreamteam.model2.Floor: Queue at floor28, elevator3, queue size: 1
2021.12.09 09:27:39.876 [INFO] com.dreamteam.utils.UserFactory: New user: Passenger, ID: 6, Start floor: 28, Destination floor: 20, ElevatorA3
2021.12.09 09:27:39.926 [INFO] com.dreamteam.model2.Elevator: No users left Elevator2
2021.12.09 09:27:39.926 [INFO] com.dreamteam.model2.Elevator: No users left Elevator1
2021.12.09 09:27:39.926 [INFO] com.dreamteam.model2.ElevatorA: No active and waiting users, elevator is free now
2021.12.09 09:27:39.926 [INFO] com.dreamteam.model2.ElevatorA: No active and waiting users, elevator is free now
2021.12.09 09:27:39.931 [INFO] com.dreamteam.model2.Floor: Queue at floor11, elevator3, queue size: 1
2021.12.09 09:27:39.931 [INFO] com.dreamteam.utils.UserFactory: New user: Passenger, ID: 7, Start floor: 11, Destination floor: 14, ElevatorA3
2021.12.09 09:27:39.946 [INFO] com.dreamteam.model2.Elevator: No users left Elevator4
2021.12.09 09:27:39.946 [INFO] com.dreamteam.model2.ElevatorA: No active and waiting users, elevator is free now
2021.12.09 09:27:39.996 [INFO] com.dreamteam.model2.Floor: Queue at floor22, elevator3, queue size: 1
2021.12.09 09:27:39.999 [INFO] com.dreamteam.utils.UserFactory: New user: Passenger, ID: 8, Start floor: 22, Destination floor: 29, ElevatorA3
2021.12.09 09:27:40.011 [INFO] com.dreamteam.model2.Elevator: No users left Elevator2
2021.12.09 09:27:40.011 [INFO] com.dreamteam.model2.Elevator: No users left Elevator1
2021.12.09 09:27:40.011 [INFO] com.dreamteam.model2.ElevatorA: No active and waiting users, elevator is free now
2021.12.09 09:27:40.011 [INFO] com.dreamteam.model2.ElevatorA: No active and waiting users, elevator is free now
2021.12.09 09:27:40.029 [INFO] com.dreamteam.model2.Elevator: No users left Elevator4
2021.12.09 09:27:40.029 [INFO] com.dreamteam.model2.ElevatorA: No active and waiting users, elevator is free now
2021.12.09 09:27:40.046 [INFO] com.dreamteam.model2.Floor: Queue at floor8, elevator3, queue size: 1
2021.12.09 09:27:40.046 [INFO] com.dreamteam.utils.UserFactory: New user: Passenger, ID: 9, Start floor: 8, Destination floor: 9, ElevatorA3
2021.12.09 09:27:40.096 [INFO] com.dreamteam.model2.Elevator: No users left Elevator2
2021.12.09 09:27:40.096 [INFO] com.dreamteam.model2.Elevator: No users left Elevator1
2021.12.09 09:27:40.096 [INFO] com.dreamteam.model2.ElevatorA: No active and waiting users, elevator is free now
2021.12.09 09:27:40.096 [INFO] com.dreamteam.model2.ElevatorA: No active and waiting users, elevator is free now
2021.12.09 09:27:40.116 [INFO] com.dreamteam.model2.Elevator: No users left Elevator4
2021.12.09 09:27:40.116 [INFO] com.dreamteam.model2.ElevatorA: No active and waiting users, elevator is free now
2021.12.09 09:27:40.116 [INFO] com.dreamteam.model2.Floor: Queue at floor29, elevator3, queue size: 1
2021.12.09 09:27:40.116 [INFO] com.dreamteam.utils.UserFactory: New user: Passenger, ID: 10, Start floor: 29, Destination floor: 17, ElevatorA3
2021.12.09 09:27:40.176 [INFO] com.dreamteam.model2.Elevator: No users left Elevator2
2021.12.09 09:27:40.176 [INFO] com.dreamteam.model2.Elevator: No users left Elevator1
2021.12.09 09:27:40.176 [INFO] com.dreamteam.model2.ElevatorA: No active and waiting users, elevator is free now
2021.12.09 09:27:40.176 [INFO] com.dreamteam.model2.ElevatorA: No active and waiting users, elevator is free now
2021.12.09 09:27:40.176 [INFO] com.dreamteam.model2.Floor: Queue at floor8, elevator0, queue size: 1
2021.12.09 09:27:40.176 [INFO] com.dreamteam.utils.UserFactory: New user: Passenger, ID: 11, Start floor: 8, Destination floor: 25, ElevatorA0
2021.12.09 09:27:40.206 [INFO] com.dreamteam.model2.Elevator: No users left Elevator4
2021.12.09 09:27:40.206 [INFO] com.dreamteam.model2.ElevatorA: No active and waiting users, elevator is free now
2021.12.09 09:27:40.231 [INFO] com.dreamteam.model2.Floor: Queue at floor18, elevator3, queue size: 1
2021.12.09 09:27:40.231 [INFO] com.dreamteam.utils.UserFactory: New user: Passenger, ID: 12, Start floor: 18, Destination floor: 7, ElevatorA3
2021.12.09 09:27:40.261 [INFO] com.dreamteam.model2.Elevator: No users left Elevator2
2021.12.09 09:27:40.261 [INFO] com.dreamteam.model2.Elevator: No users left Elevator1
2021.12.09 09:27:40.261 [INFO] com.dreamteam.model2.ElevatorA: No active and waiting users, elevator is free now
2021.12.09 09:27:40.261 [INFO] com.dreamteam.model2.ElevatorA: No active and waiting users, elevator is free now
2021.12.09 09:27:40.296 [INFO] com.dreamteam.model2.Elevator: No users left Elevator4
2021.12.09 09:27:40.296 [INFO] com.dreamteam.model2.ElevatorA: No active and waiting users, elevator is free now
2021.12.09 09:27:40.296 [INFO] com.dreamteam.model2.Floor: Queue at floor14, elevator3, queue size: 1
2021.12.09 09:27:40.296 [INFO] com.dreamteam.utils.UserFactory: New user: Passenger, ID: 13, Start floor: 14, Destination floor: 21, ElevatorA3
2021.12.09 09:27:40.346 [INFO] com.dreamteam.model2.Elevator: No users left Elevator2
2021.12.09 09:27:40.346 [INFO] com.dreamteam.model2.Elevator: No users left Elevator1
2021.12.09 09:27:40.346 [INFO] com.dreamteam.model2.ElevatorA: No active and waiting users, elevator is free now
2021.12.09 09:27:40.346 [INFO] com.dreamteam.model2.ElevatorA: No active and waiting users, elevator is free now
2021.12.09 09:27:40.346 [INFO] com.dreamteam.model2.Floor: Queue at floor15, elevator3, queue size: 1
2021.12.09 09:27:40.346 [INFO] com.dreamteam.utils.UserFactory: New user: Passenger, ID: 14, Start floor: 15, Destination floor: 17, ElevatorA3
2021.12.09 09:27:40.380 [INFO] com.dreamteam.model2.Elevator: No users left Elevator4
2021.12.09 09:27:40.380 [INFO] com.dreamteam.model2.ElevatorA: No active and waiting users, elevator is free now
2021.12.09 09:27:40.411 [INFO] com.dreamteam.model2.Floor: Queue at floor0, elevator3, queue size: 1
2021.12.09 09:27:40.411 [INFO] com.dreamteam.utils.UserFactory: New user: Passenger, ID: 15, Start floor: 0, Destination floor: 24, ElevatorA3
2021.12.09 09:27:40.431 [INFO] com.dreamteam.model2.Elevator: No users left Elevator2
2021.12.09 09:27:40.431 [INFO] com.dreamteam.model2.Elevator: No users left Elevator1
2021.12.09 09:27:40.431 [INFO] com.dreamteam.model2.ElevatorA: No active and waiting users, elevator is free now
2021.12.09 09:27:40.431 [INFO] com.dreamteam.model2.ElevatorA: No active and waiting users, elevator is free now
2021.12.09 09:27:40.466 [INFO] com.dreamteam.model2.Elevator: No users left Elevator4
2021.12.09 09:27:40.466 [INFO] com.dreamteam.model2.ElevatorA: No active and waiting users, elevator is free now
2021.12.09 09:27:40.466 [INFO] com.dreamteam.model2.Floor: Queue at floor16, elevator3, queue size: 1
2021.12.09 09:27:40.466 [INFO] com.dreamteam.utils.UserFactory: New user: Passenger, ID: 16, Start floor: 16, Destination floor: 5, ElevatorA3
2021.12.09 09:27:40.516 [INFO] com.dreamteam.model2.Elevator: No users left Elevator1
2021.12.09 09:27:40.516 [INFO] com.dreamteam.model2.Elevator: No users left Elevator2
2021.12.09 09:27:40.516 [INFO] com.dreamteam.model2.ElevatorA: No active and waiting users, elevator is free now
2021.12.09 09:27:40.516 [INFO] com.dreamteam.model2.ElevatorA: No active and waiting users, elevator is free now
2021.12.09 09:27:40.551 [INFO] com.dreamteam.model2.Elevator: No users left Elevator4
2021.12.09 09:27:40.551 [INFO] com.dreamteam.model2.ElevatorA: No active and waiting users, elevator is free now
2021.12.09 09:27:40.556 [INFO] com.dreamteam.model2.Floor: Queue at floor20, elevator3, queue size: 1
2021.12.09 09:27:40.556 [INFO] com.dreamteam.utils.UserFactory: New user: Passenger, ID: 17, Start floor: 20, Destination floor: 25, ElevatorA3
2021.12.09 09:27:40.586 [INFO] com.dreamteam.model2.Floor: Queue at floor24, elevator0, queue size: 1
2021.12.09 09:27:40.586 [INFO] com.dreamteam.utils.UserFactory: New user: Passenger, ID: 18, Start floor: 24, Destination floor: 25, ElevatorA0
2021.12.09 09:27:40.602 [INFO] com.dreamteam.model2.Elevator: No users left Elevator1
2021.12.09 09:27:40.602 [INFO] com.dreamteam.model2.ElevatorA: No active and waiting users, elevator is free now
2021.12.09 09:27:40.602 [INFO] com.dreamteam.model2.Elevator: No users left Elevator2
2021.12.09 09:27:40.602 [INFO] com.dreamteam.model2.ElevatorA: No active and waiting users, elevator is free now
2021.12.09 09:27:40.636 [INFO] com.dreamteam.model2.Elevator: No users left Elevator4
2021.12.09 09:27:40.636 [INFO] com.dreamteam.model2.ElevatorA: No active and waiting users, elevator is free now
2021.12.09 09:27:40.656 [INFO] com.dreamteam.model2.Floor: Queue at floor5, elevator2, queue size: 1
2021.12.09 09:27:40.656 [INFO] com.dreamteam.utils.UserFactory: New user: Passenger, ID: 19, Start floor: 5, Destination floor: 7, ElevatorA2
2021.12.09 09:27:40.656 [INFO] com.dreamteam.model2.Elevator: Elevator2 goes to user Passenger19
2021.12.09 09:27:40.695 [INFO] com.dreamteam.model2.Elevator: No users left Elevator1
2021.12.09 09:27:40.695 [INFO] com.dreamteam.model2.Elevator: No users left Elevator2
2021.12.09 09:27:40.695 [INFO] com.dreamteam.model2.ElevatorA: No active and waiting users, elevator is free now
2021.12.09 09:27:40.695 [INFO] com.dreamteam.model2.ElevatorA: ElevatorA2 goes to floor 5, direction: UP
2021.12.09 09:27:40.716 [INFO] com.dreamteam.model2.Floor: Queue at floor28, elevator0, queue size: 1
2021.12.09 09:27:40.716 [INFO] com.dreamteam.utils.UserFactory: New user: Passenger, ID: 20, Start floor: 28, Destination floor: 15, ElevatorA0
2021.12.09 09:27:40.736 [INFO] com.dreamteam.model2.Elevator: No users left Elevator4
2021.12.09 09:27:40.736 [INFO] com.dreamteam.model2.ElevatorA: No active and waiting users, elevator is free now
2021.12.09 09:27:40.776 [INFO] com.dreamteam.model2.Elevator: No users left Elevator1
2021.12.09 09:27:40.776 [INFO] com.dreamteam.model2.ElevatorA: No active and waiting users, elevator is free now
2021.12.09 09:27:40.780 [INFO] com.dreamteam.model2.Floor: Queue at floor21, elevator3, queue size: 1
2021.12.09 09:27:40.780 [INFO] com.dreamteam.utils.UserFactory: New user: Passenger, ID: 21, Start floor: 21, Destination floor: 8, ElevatorA3
2021.12.09 09:27:40.831 [INFO] com.dreamteam.model2.Elevator: No users left Elevator4
2021.12.09 09:27:40.831 [INFO] com.dreamteam.model2.ElevatorA: No active and waiting users, elevator is free now
2021.12.09 09:27:40.886 [INFO] com.dreamteam.model2.Elevator: No users left Elevator1
2021.12.09 09:27:40.886 [INFO] com.dreamteam.model2.ElevatorA: No active and waiting users, elevator is free now
2021.12.09 09:27:40.886 [INFO] com.dreamteam.model2.Floor: Queue at floor27, elevator3, queue size: 1
2021.12.09 09:27:40.886 [INFO] com.dreamteam.utils.UserFactory: New user: Passenger, ID: 22, Start floor: 27, Destination floor: 19, ElevatorA3
2021.12.09 09:27:40.906 [INFO] com.dreamteam.model2.Floor: Queue at floor15, elevator0, queue size: 1
2021.12.09 09:27:40.906 [INFO] com.dreamteam.utils.UserFactory: New user: Passenger, ID: 23, Start floor: 15, Destination floor: 25, ElevatorA0
2021.12.09 09:27:40.925 [INFO] com.dreamteam.model2.Elevator: No users left Elevator4
2021.12.09 09:27:40.925 [INFO] com.dreamteam.model2.ElevatorA: No active and waiting users, elevator is free now
2021.12.09 09:27:40.961 [INFO] com.dreamteam.model2.Floor: Queue at floor13, elevator3, queue size: 1
2021.12.09 09:27:40.961 [INFO] com.dreamteam.utils.UserFactory: New user: Passenger, ID: 24, Start floor: 13, Destination floor: 4, ElevatorA3
2021.12.09 09:27:40.976 [INFO] com.dreamteam.model2.Elevator: No users left Elevator1
2021.12.09 09:27:40.976 [INFO] com.dreamteam.model2.ElevatorA: No active and waiting users, elevator is free now
2021.12.09 09:27:41.016 [INFO] com.dreamteam.model2.Elevator: No users left Elevator4
2021.12.09 09:27:41.016 [INFO] com.dreamteam.model2.ElevatorA: No active and waiting users, elevator is free now
2021.12.09 09:27:41.021 [INFO] com.dreamteam.model2.Floor: Queue at floor29, elevator0, queue size: 1
2021.12.09 09:27:41.021 [INFO] com.dreamteam.utils.UserFactory: New user: Passenger, ID: 25, Start floor: 29, Destination floor: 0, ElevatorA0
2021.12.09 09:27:41.070 [INFO] com.dreamteam.model2.Elevator: No users left Elevator1
2021.12.09 09:27:41.070 [INFO] com.dreamteam.model2.ElevatorA: No active and waiting users, elevator is free now
2021.12.09 09:27:41.106 [INFO] com.dreamteam.model2.Elevator: No users left Elevator4
2021.12.09 09:27:41.106 [INFO] com.dreamteam.model2.ElevatorA: No active and waiting users, elevator is free now
2021.12.09 09:27:41.161 [INFO] com.dreamteam.model2.Elevator: No users left Elevator1
2021.12.09 09:27:41.161 [INFO] com.dreamteam.model2.ElevatorA: No active and waiting users, elevator is free now
2021.12.09 09:27:41.162 [INFO] com.dreamteam.model2.Floor: Queue at floor13, elevator0, queue size: 1
2021.12.09 09:27:41.162 [INFO] com.dreamteam.utils.UserFactory: New user: Passenger, ID: 26, Start floor: 13, Destination floor: 17, ElevatorA0
2021.12.09 09:27:41.162 [INFO] com.dreamteam.model2.Floor: Queue at floor29, elevator2, queue size: 1
2021.12.09 09:27:41.164 [INFO] com.dreamteam.utils.UserFactory: New user: Passenger, ID: 27, Start floor: 29, Destination floor: 9, ElevatorA2
2021.12.09 09:27:41.196 [INFO] com.dreamteam.model2.Elevator: No users left Elevator4
2021.12.09 09:27:41.196 [INFO] com.dreamteam.model2.ElevatorA: No active and waiting users, elevator is free now
2021.12.09 09:27:41.247 [INFO] com.dreamteam.model2.Elevator: No users left Elevator1
2021.12.09 09:27:41.251 [INFO] com.dreamteam.model2.ElevatorA: No active and waiting users, elevator is free now
2021.12.09 09:27:41.296 [INFO] com.dreamteam.model2.Elevator: No users left Elevator4
2021.12.09 09:27:41.296 [INFO] com.dreamteam.model2.ElevatorA: No active and waiting users, elevator is free now
2021.12.09 09:27:41.336 [INFO] com.dreamteam.model2.Elevator: No users left Elevator1
2021.12.09 09:27:41.336 [INFO] com.dreamteam.model2.ElevatorA: No active and waiting users, elevator is free now
2021.12.09 09:27:41.389 [INFO] com.dreamteam.model2.Elevator: No users left Elevator4
2021.12.09 09:27:41.389 [INFO] com.dreamteam.model2.ElevatorA: No active and waiting users, elevator is free now
2021.12.09 09:27:41.422 [INFO] com.dreamteam.model2.Elevator: No users left Elevator1
2021.12.09 09:27:41.422 [INFO] com.dreamteam.model2.ElevatorA: No active and waiting users, elevator is free now
2021.12.09 09:27:41.422 [INFO] com.dreamteam.model2.Floor: Queue at floor0, elevator0, queue size: 1
2021.12.09 09:27:41.422 [INFO] com.dreamteam.utils.UserFactory: New user: Passenger, ID: 28, Start floor: 0, Destination floor: 19, ElevatorA0
2021.12.09 09:27:41.422 [INFO] com.dreamteam.model2.Floor: Queue at floor21, elevator0, queue size: 1
2021.12.09 09:27:41.422 [INFO] com.dreamteam.utils.UserFactory: New user: Passenger, ID: 29, Start floor: 21, Destination floor: 17, ElevatorA0
2021.12.09 09:27:41.426 [INFO] com.dreamteam.model2.Floor: Queue at floor18, elevator0, queue size: 1
2021.12.09 09:27:41.426 [INFO] com.dreamteam.utils.UserFactory: New user: Passenger, ID: 30, Start floor: 18, Destination floor: 9, ElevatorA0
2021.12.09 09:27:41.426 [INFO] com.dreamteam.model2.Floor: Queue at floor19, elevator3, queue size: 1
2021.12.09 09:27:41.426 [INFO] com.dreamteam.utils.UserFactory: New user: Passenger, ID: 31, Start floor: 19, Destination floor: 2, ElevatorA3
2021.12.09 09:27:41.473 [INFO] com.dreamteam.model2.Elevator: No users left Elevator4
2021.12.09 09:27:41.473 [INFO] com.dreamteam.model2.ElevatorA: No active and waiting users, elevator is free now
2021.12.09 09:27:41.476 [INFO] com.dreamteam.model2.Floor: Queue at floor1, elevator3, queue size: 1
2021.12.09 09:27:41.476 [INFO] com.dreamteam.utils.UserFactory: New user: Passenger, ID: 32, Start floor: 1, Destination floor: 28, ElevatorA3
2021.12.09 09:27:41.511 [INFO] com.dreamteam.model2.Elevator: No users left Elevator1
2021.12.09 09:27:41.511 [INFO] com.dreamteam.model2.ElevatorA: No active and waiting users, elevator is free now
2021.12.09 09:27:41.516 [INFO] com.dreamteam.model2.Floor: Queue at floor14, elevator0, queue size: 1
2021.12.09 09:27:41.516 [INFO] com.dreamteam.utils.UserFactory: New user: Passenger, ID: 33, Start floor: 14, Destination floor: 23, ElevatorA0
2021.12.09 09:27:41.553 [INFO] com.dreamteam.model2.Floor: Queue at floor22, elevator0, queue size: 1
2021.12.09 09:27:41.553 [INFO] com.dreamteam.utils.UserFactory: New user: Passenger, ID: 34, Start floor: 22, Destination floor: 19, ElevatorA0
2021.12.09 09:27:41.571 [INFO] com.dreamteam.model2.Elevator: No users left Elevator4
2021.12.09 09:27:41.571 [INFO] com.dreamteam.model2.ElevatorA: No active and waiting users, elevator is free now
2021.12.09 09:27:41.611 [INFO] com.dreamteam.model2.Elevator: No users left Elevator1
2021.12.09 09:27:41.611 [INFO] com.dreamteam.model2.ElevatorA: No active and waiting users, elevator is free now
2021.12.09 09:27:41.616 [INFO] com.dreamteam.model2.Floor: Queue at floor20, elevator0, queue size: 1
2021.12.09 09:27:41.621 [INFO] com.dreamteam.utils.UserFactory: New user: Passenger, ID: 35, Start floor: 20, Destination floor: 18, ElevatorA0
2021.12.09 09:27:41.671 [INFO] com.dreamteam.model2.Elevator: No users left Elevator4
2021.12.09 09:27:41.671 [INFO] com.dreamteam.model2.ElevatorA: No active and waiting users, elevator is free now
2021.12.09 09:27:41.676 [INFO] com.dreamteam.model2.Floor: Queue at floor23, elevator3, queue size: 1
2021.12.09 09:27:41.676 [INFO] com.dreamteam.utils.UserFactory: New user: Passenger, ID: 36, Start floor: 23, Destination floor: 6, ElevatorA3
2021.12.09 09:27:41.706 [INFO] com.dreamteam.model2.Elevator: No users left Elevator1
2021.12.09 09:27:41.706 [INFO] com.dreamteam.model2.ElevatorA: No active and waiting users, elevator is free now
2021.12.09 09:27:41.726 [INFO] com.dreamteam.model2.Floor: Queue at floor9, elevator0, queue size: 1
2021.12.09 09:27:41.726 [INFO] com.dreamteam.utils.UserFactory: New user: Passenger, ID: 37, Start floor: 9, Destination floor: 3, ElevatorA0
2021.12.09 09:27:41.761 [INFO] com.dreamteam.model2.Elevator: No users left Elevator4
2021.12.09 09:27:41.761 [INFO] com.dreamteam.model2.ElevatorA: No active and waiting users, elevator is free now
2021.12.09 09:27:41.796 [INFO] com.dreamteam.model2.Elevator: No users left Elevator1
2021.12.09 09:27:41.796 [INFO] com.dreamteam.model2.ElevatorA: No active and waiting users, elevator is free now
2021.12.09 09:27:41.801 [INFO] com.dreamteam.model2.Floor: Queue at floor7, elevator3, queue size: 1
2021.12.09 09:27:41.801 [INFO] com.dreamteam.utils.UserFactory: New user: Passenger, ID: 38, Start floor: 7, Destination floor: 5, ElevatorA3
2021.12.09 09:27:41.851 [INFO] com.dreamteam.model2.Elevator: No users left Elevator4
2021.12.09 09:27:41.851 [INFO] com.dreamteam.model2.ElevatorA: No active and waiting users, elevator is free now
2021.12.09 09:27:41.851 [INFO] com.dreamteam.model2.Floor: Queue at floor7, elevator0, queue size: 1
2021.12.09 09:27:41.851 [INFO] com.dreamteam.utils.UserFactory: New user: Passenger, ID: 39, Start floor: 7, Destination floor: 27, ElevatorA0
2021.12.09 09:27:41.878 [INFO] com.dreamteam.model2.Elevator: No users left Elevator1
2021.12.09 09:27:41.878 [INFO] com.dreamteam.model2.ElevatorA: No active and waiting users, elevator is free now
2021.12.09 09:27:41.916 [INFO] com.dreamteam.model2.Floor: Queue at floor12, elevator3, queue size: 1
2021.12.09 09:27:41.916 [INFO] com.dreamteam.utils.UserFactory: New user: Passenger, ID: 40, Start floor: 12, Destination floor: 0, ElevatorA3
2021.12.09 09:27:41.931 [INFO] com.dreamteam.model2.Elevator: No users left Elevator4
2021.12.09 09:27:41.931 [INFO] com.dreamteam.model2.ElevatorA: No active and waiting users, elevator is free now
2021.12.09 09:27:41.966 [INFO] com.dreamteam.model2.Elevator: No users left Elevator1
2021.12.09 09:27:41.966 [INFO] com.dreamteam.model2.ElevatorA: No active and waiting users, elevator is free now
2021.12.09 09:27:41.971 [INFO] com.dreamteam.model2.Floor: Queue at floor14, elevator2, queue size: 1
2021.12.09 09:27:41.971 [INFO] com.dreamteam.utils.UserFactory: New user: Passenger, ID: 41, Start floor: 14, Destination floor: 21, ElevatorA2
2021.12.09 09:27:42.016 [INFO] com.dreamteam.model2.Elevator: No users left Elevator4
2021.12.09 09:27:42.016 [INFO] com.dreamteam.model2.ElevatorA: No active and waiting users, elevator is free now
2021.12.09 09:27:42.041 [INFO] com.dreamteam.model2.Floor: Queue at floor2, elevator0, queue size: 1
2021.12.09 09:27:42.044 [INFO] com.dreamteam.utils.UserFactory: New user: Passenger, ID: 42, Start floor: 2, Destination floor: 4, ElevatorA0
2021.12.09 09:27:42.051 [INFO] com.dreamteam.model2.Elevator: No users left Elevator1
2021.12.09 09:27:42.051 [INFO] com.dreamteam.model2.ElevatorA: No active and waiting users, elevator is free now
2021.12.09 09:27:42.091 [INFO] com.dreamteam.model2.Floor: Queue at floor14, elevator4, queue size: 1
2021.12.09 09:27:42.091 [INFO] com.dreamteam.utils.UserFactory: New user: Passenger, ID: 43, Start floor: 14, Destination floor: 9, ElevatorA4
2021.12.09 09:27:42.091 [INFO] com.dreamteam.model2.Elevator: Elevator4 goes to user Passenger43
2021.12.09 09:27:42.106 [INFO] com.dreamteam.model2.Elevator: No users left Elevator4
2021.12.09 09:27:42.106 [INFO] com.dreamteam.model2.ElevatorA: ElevatorA4 goes to floor 14, direction: UP
2021.12.09 09:27:42.144 [INFO] com.dreamteam.model2.Elevator: No users left Elevator1
2021.12.09 09:27:42.144 [INFO] com.dreamteam.model2.ElevatorA: No active and waiting users, elevator is free now
2021.12.09 09:27:42.161 [INFO] com.dreamteam.model2.Floor: Queue at floor13, elevator2, queue size: 1
2021.12.09 09:27:42.161 [INFO] com.dreamteam.utils.UserFactory: New user: Passenger, ID: 44, Start floor: 13, Destination floor: 4, ElevatorA2
2021.12.09 09:27:42.216 [INFO] com.dreamteam.model2.Floor: Queue at floor15, elevator2, queue size: 1
2021.12.09 09:27:42.216 [INFO] com.dreamteam.utils.UserFactory: New user: Passenger, ID: 45, Start floor: 15, Destination floor: 7, ElevatorA2
2021.12.09 09:27:42.231 [INFO] com.dreamteam.model2.Elevator: No users left Elevator1
2021.12.09 09:27:42.231 [INFO] com.dreamteam.model2.ElevatorA: No active and waiting users, elevator is free now
2021.12.09 09:27:42.266 [INFO] com.dreamteam.model2.Floor: Queue at floor10, elevator3, queue size: 1
2021.12.09 09:27:42.266 [INFO] com.dreamteam.utils.UserFactory: New user: Passenger, ID: 46, Start floor: 10, Destination floor: 1, ElevatorA3
2021.12.09 09:27:42.326 [INFO] com.dreamteam.model2.Elevator: No users left Elevator1
2021.12.09 09:27:42.326 [INFO] com.dreamteam.model2.ElevatorA: No active and waiting users, elevator is free now
2021.12.09 09:27:42.326 [INFO] com.dreamteam.model2.Floor: Queue at floor7, elevator2, queue size: 1
2021.12.09 09:27:42.331 [INFO] com.dreamteam.utils.UserFactory: New user: Passenger, ID: 47, Start floor: 7, Destination floor: 20, ElevatorA2
2021.12.09 09:27:42.396 [INFO] com.dreamteam.model2.Elevator: Elevator0, current floor: 5
2021.12.09 09:27:42.396 [INFO] com.dreamteam.model2.Elevator: User Passenger42 added to Elevator0 waiting list, size: 1
2021.12.09 09:27:42.416 [INFO] com.dreamteam.model2.Elevator: User Passenger39 added to Elevator0 waiting list, size: 2
2021.12.09 09:27:42.416 [INFO] com.dreamteam.model2.Elevator: No users left Elevator1
2021.12.09 09:27:42.416 [INFO] com.dreamteam.model2.ElevatorA: No active and waiting users, elevator is free now
2021.12.09 09:27:42.416 [INFO] com.dreamteam.model2.Elevator: User Passenger37 added to Elevator0 waiting list, size: 3
2021.12.09 09:27:42.416 [INFO] com.dreamteam.model2.Elevator: User Passenger35 added to Elevator0 waiting list, size: 4
2021.12.09 09:27:42.416 [INFO] com.dreamteam.model2.Elevator: User Passenger34 added to Elevator0 waiting list, size: 5
2021.12.09 09:27:42.416 [INFO] com.dreamteam.model2.Elevator: User Passenger33 added to Elevator0 waiting list, size: 6
2021.12.09 09:27:42.416 [INFO] com.dreamteam.model2.Elevator: User Passenger30 added to Elevator0 waiting list, size: 7
2021.12.09 09:27:42.416 [INFO] com.dreamteam.model2.Elevator: User Passenger29 added to Elevator0 waiting list, size: 8
2021.12.09 09:27:42.416 [INFO] com.dreamteam.model2.Elevator: User Passenger28 added to Elevator0 waiting list, size: 9
2021.12.09 09:27:42.416 [INFO] com.dreamteam.model2.Elevator: User Passenger26 added to Elevator0 waiting list, size: 10
2021.12.09 09:27:42.416 [INFO] com.dreamteam.model2.Elevator: User Passenger25 added to Elevator0 waiting list, size: 11
2021.12.09 09:27:42.416 [INFO] com.dreamteam.model2.Elevator: User Passenger23 added to Elevator0 waiting list, size: 12
2021.12.09 09:27:42.416 [INFO] com.dreamteam.model2.Elevator: User Passenger20 added to Elevator0 waiting list, size: 13
2021.12.09 09:27:42.416 [INFO] com.dreamteam.model2.Elevator: User Passenger18 added to Elevator0 waiting list, size: 14
2021.12.09 09:27:42.416 [INFO] com.dreamteam.model2.Elevator: User Passenger11 added to Elevator0 waiting list, size: 15
2021.12.09 09:27:42.416 [INFO] com.dreamteam.model2.Floor: Queue at floor19, elevator0, queue size: 1
2021.12.09 09:27:42.421 [INFO] com.dreamteam.utils.UserFactory: New user: Passenger, ID: 48, Start floor: 19, Destination floor: 13, ElevatorA0
2021.12.09 09:27:42.421 [INFO] com.dreamteam.model2.Elevator: User Passenger48 added to Elevator0 waiting list, size: 16
2021.12.09 09:27:42.451 [INFO] com.dreamteam.model2.Floor: Queue at floor6, elevator3, queue size: 1
2021.12.09 09:27:42.451 [INFO] com.dreamteam.utils.UserFactory: New user: Passenger, ID: 49, Start floor: 6, Destination floor: 14, ElevatorA3
2021.12.09 09:27:42.486 [INFO] com.dreamteam.model2.Elevator: No users left Elevator0
2021.12.09 09:27:42.486 [INFO] com.dreamteam.model2.Elevator: User Passenger5 entered Elevator0, active users: 1
2021.12.09 09:27:42.491 [INFO] com.dreamteam.model2.ElevatorA: ElevatorA0 goes to floor 25, direction: UP
2021.12.09 09:27:42.501 [INFO] com.dreamteam.model2.Elevator: No users left Elevator1
2021.12.09 09:27:42.501 [INFO] com.dreamteam.model2.ElevatorA: No active and waiting users, elevator is free now
2021.12.09 09:27:42.521 [INFO] com.dreamteam.model2.Floor: Queue at floor8, elevator2, queue size: 1
2021.12.09 09:27:42.526 [INFO] com.dreamteam.utils.UserFactory: New user: Passenger, ID: 50, Start floor: 8, Destination floor: 10, ElevatorA2
2021.12.09 09:27:42.571 [INFO] com.dreamteam.model2.Floor: Queue at floor24, elevator2, queue size: 1
2021.12.09 09:27:42.571 [INFO] com.dreamteam.utils.UserFactory: New user: Passenger, ID: 51, Start floor: 24, Destination floor: 25, ElevatorA2
2021.12.09 09:27:42.591 [INFO] com.dreamteam.model2.Elevator: No users left Elevator1
2021.12.09 09:27:42.591 [INFO] com.dreamteam.model2.ElevatorA: No active and waiting users, elevator is free now
2021.12.09 09:27:42.641 [INFO] com.dreamteam.model2.Floor: Queue at floor18, elevator2, queue size: 1
2021.12.09 09:27:42.645 [INFO] com.dreamteam.utils.UserFactory: New user: Passenger, ID: 52, Start floor: 18, Destination floor: 1, ElevatorA2
2021.12.09 09:27:42.676 [INFO] com.dreamteam.model2.Elevator: No users left Elevator1
2021.12.09 09:27:42.676 [INFO] com.dreamteam.model2.ElevatorA: No active and waiting users, elevator is free now
2021.12.09 09:27:42.696 [INFO] com.dreamteam.model2.Floor: Queue at floor18, elevator4, queue size: 1
2021.12.09 09:27:42.696 [INFO] com.dreamteam.utils.UserFactory: New user: Passenger, ID: 53, Start floor: 18, Destination floor: 22, ElevatorA4
2021.12.09 09:27:42.751 [INFO] com.dreamteam.model2.Floor: Queue at floor2, elevator2, queue size: 1
2021.12.09 09:27:42.756 [INFO] com.dreamteam.utils.UserFactory: New user: Passenger, ID: 54, Start floor: 2, Destination floor: 5, ElevatorA2
2021.12.09 09:27:42.766 [INFO] com.dreamteam.model2.Elevator: No users left Elevator1
2021.12.09 09:27:42.766 [INFO] com.dreamteam.model2.ElevatorA: No active and waiting users, elevator is free now
2021.12.09 09:27:42.806 [INFO] com.dreamteam.model2.Floor: Queue at floor10, elevator0, queue size: 1
2021.12.09 09:27:42.806 [INFO] com.dreamteam.utils.UserFactory: New user: Passenger, ID: 55, Start floor: 10, Destination floor: 2, ElevatorA0
2021.12.09 09:27:42.861 [INFO] com.dreamteam.model2.Elevator: No users left Elevator1
2021.12.09 09:27:42.861 [INFO] com.dreamteam.model2.ElevatorA: No active and waiting users, elevator is free now
2021.12.09 09:27:42.881 [INFO] com.dreamteam.model2.Floor: Queue at floor27, elevator0, queue size: 1
2021.12.09 09:27:42.881 [INFO] com.dreamteam.utils.UserFactory: New user: Passenger, ID: 56, Start floor: 27, Destination floor: 5, ElevatorA0
2021.12.09 09:27:42.936 [INFO] com.dreamteam.model2.Floor: Queue at floor21, elevator2, queue size: 1
2021.12.09 09:27:42.936 [INFO] com.dreamteam.utils.UserFactory: New user: Passenger, ID: 57, Start floor: 21, Destination floor: 7, ElevatorA2
2021.12.09 09:27:42.951 [INFO] com.dreamteam.model2.Elevator: No users left Elevator1
2021.12.09 09:27:42.951 [INFO] com.dreamteam.model2.ElevatorA: No active and waiting users, elevator is free now
2021.12.09 09:27:42.991 [INFO] com.dreamteam.model2.Floor: Queue at floor7, elevator4, queue size: 1
2021.12.09 09:27:42.991 [INFO] com.dreamteam.utils.UserFactory: New user: Passenger, ID: 58, Start floor: 7, Destination floor: 8, ElevatorA4
2021.12.09 09:27:43.041 [INFO] com.dreamteam.model2.Elevator: No users left Elevator1
2021.12.09 09:27:43.041 [INFO] com.dreamteam.model2.ElevatorA: No active and waiting users, elevator is free now
2021.12.09 09:27:43.061 [INFO] com.dreamteam.model2.Floor: Queue at floor0, elevator2, queue size: 1
2021.12.09 09:27:43.061 [INFO] com.dreamteam.utils.UserFactory: New user: Passenger, ID: 59, Start floor: 0, Destination floor: 24, ElevatorA2
2021.12.09 09:27:43.116 [INFO] com.dreamteam.model2.Floor: Queue at floor2, elevator4, queue size: 1
2021.12.09 09:27:43.116 [INFO] com.dreamteam.utils.UserFactory: New user: Passenger, ID: 60, Start floor: 2, Destination floor: 27, ElevatorA4
2021.12.09 09:27:43.131 [INFO] com.dreamteam.model2.Elevator: No users left Elevator1
2021.12.09 09:27:43.131 [INFO] com.dreamteam.model2.ElevatorA: No active and waiting users, elevator is free now
2021.12.09 09:27:43.181 [INFO] com.dreamteam.model2.Floor: Queue at floor24, elevator4, queue size: 1
2021.12.09 09:27:43.181 [INFO] com.dreamteam.utils.UserFactory: New user: Passenger, ID: 61, Start floor: 24, Destination floor: 8, ElevatorA4
2021.12.09 09:27:43.221 [INFO] com.dreamteam.model2.Elevator: No users left Elevator1
2021.12.09 09:27:43.221 [INFO] com.dreamteam.model2.ElevatorA: No active and waiting users, elevator is free now
2021.12.09 09:27:43.241 [INFO] com.dreamteam.model2.Elevator: Elevator2, current floor: 5
2021.12.09 09:27:43.241 [INFO] com.dreamteam.model2.Elevator: User Passenger59 added to Elevator2 waiting list, size: 1
2021.12.09 09:27:43.256 [INFO] com.dreamteam.model2.Elevator: User Passenger57 added to Elevator2 waiting list, size: 2
2021.12.09 09:27:43.256 [INFO] com.dreamteam.model2.Elevator: User Passenger54 added to Elevator2 waiting list, size: 3
2021.12.09 09:27:43.256 [INFO] com.dreamteam.model2.Floor: Queue at floor19, elevator2, queue size: 1
2021.12.09 09:27:43.256 [INFO] com.dreamteam.model2.Elevator: User Passenger52 added to Elevator2 waiting list, size: 4
2021.12.09 09:27:43.256 [INFO] com.dreamteam.model2.Elevator: User Passenger51 added to Elevator2 waiting list, size: 5
2021.12.09 09:27:43.256 [INFO] com.dreamteam.model2.Elevator: User Passenger50 added to Elevator2 waiting list, size: 6
2021.12.09 09:27:43.256 [INFO] com.dreamteam.utils.UserFactory: New user: Passenger, ID: 62, Start floor: 19, Destination floor: 13, ElevatorA2
2021.12.09 09:27:43.256 [INFO] com.dreamteam.model2.Elevator: User Passenger47 added to Elevator2 waiting list, size: 7
2021.12.09 09:27:43.258 [INFO] com.dreamteam.model2.Elevator: User Passenger45 added to Elevator2 waiting list, size: 8
2021.12.09 09:27:43.258 [INFO] com.dreamteam.model2.Elevator: User Passenger44 added to Elevator2 waiting list, size: 9
2021.12.09 09:27:43.258 [INFO] com.dreamteam.model2.Elevator: User Passenger41 added to Elevator2 waiting list, size: 10
2021.12.09 09:27:43.258 [INFO] com.dreamteam.model2.Elevator: User Passenger27 added to Elevator2 waiting list, size: 11
2021.12.09 09:27:43.261 [INFO] com.dreamteam.model2.Elevator: User Passenger62 added to Elevator2 waiting list, size: 12
2021.12.09 09:27:43.297 [INFO] com.dreamteam.model2.Floor: Queue at floor10, elevator2, queue size: 1
2021.12.09 09:27:43.297 [INFO] com.dreamteam.utils.UserFactory: New user: Passenger, ID: 63, Start floor: 10, Destination floor: 17, ElevatorA2
2021.12.09 09:27:43.297 [INFO] com.dreamteam.model2.Elevator: User Passenger63 added to Elevator2 waiting list, size: 13
2021.12.09 09:27:43.316 [INFO] com.dreamteam.model2.Elevator: No users left Elevator1
2021.12.09 09:27:43.316 [INFO] com.dreamteam.model2.ElevatorA: No active and waiting users, elevator is free now
2021.12.09 09:27:43.336 [INFO] com.dreamteam.model2.Elevator: No users left Elevator2
2021.12.09 09:27:43.336 [INFO] com.dreamteam.model2.Elevator: User Passenger19 entered Elevator2, active users: 1
2021.12.09 09:27:43.336 [INFO] com.dreamteam.model2.ElevatorA: ElevatorA2 goes to floor 7, direction: UP
2021.12.09 09:27:43.360 [INFO] com.dreamteam.model2.Floor: Queue at floor5, elevator0, queue size: 1
2021.12.09 09:27:43.360 [INFO] com.dreamteam.utils.UserFactory: New user: Passenger, ID: 64, Start floor: 5, Destination floor: 21, ElevatorA0
2021.12.09 09:27:43.406 [INFO] com.dreamteam.model2.Elevator: No users left Elevator1
2021.12.09 09:27:43.406 [INFO] com.dreamteam.model2.ElevatorA: No active and waiting users, elevator is free now
2021.12.09 09:27:43.407 [INFO] com.dreamteam.model2.Floor: Queue at floor6, elevator0, queue size: 1
2021.12.09 09:27:43.407 [INFO] com.dreamteam.utils.UserFactory: New user: Passenger, ID: 65, Start floor: 6, Destination floor: 8, ElevatorA0
2021.12.09 09:27:43.481 [INFO] com.dreamteam.model2.Floor: Queue at floor2, elevator1, queue size: 1
2021.12.09 09:27:43.481 [INFO] com.dreamteam.utils.UserFactory: New user: Passenger, ID: 66, Start floor: 2, Destination floor: 8, ElevatorA1
2021.12.09 09:27:43.481 [INFO] com.dreamteam.model2.Elevator: Elevator1 goes to user Passenger66
2021.12.09 09:27:43.496 [INFO] com.dreamteam.model2.Elevator: No users left Elevator1
2021.12.09 09:27:43.496 [INFO] com.dreamteam.model2.ElevatorA: ElevatorA1 goes to floor 2, direction: UP
2021.12.09 09:27:43.546 [INFO] com.dreamteam.model2.Floor: Queue at floor1, elevator0, queue size: 1
2021.12.09 09:27:43.546 [INFO] com.dreamteam.utils.UserFactory: New user: Passenger, ID: 67, Start floor: 1, Destination floor: 24, ElevatorA0
2021.12.09 09:27:43.610 [INFO] com.dreamteam.model2.Floor: Queue at floor17, elevator3, queue size: 1
2021.12.09 09:27:43.610 [INFO] com.dreamteam.utils.UserFactory: New user: Passenger, ID: 68, Start floor: 17, Destination floor: 9, ElevatorA3
2021.12.09 09:27:43.651 [INFO] com.dreamteam.model2.Floor: Queue at floor13, elevator4, queue size: 1
2021.12.09 09:27:43.651 [INFO] com.dreamteam.utils.UserFactory: New user: Passenger, ID: 69, Start floor: 13, Destination floor: 24, ElevatorA4
2021.12.09 09:27:43.706 [INFO] com.dreamteam.model2.Floor: Queue at floor13, elevator1, queue size: 1
2021.12.09 09:27:43.707 [INFO] com.dreamteam.utils.UserFactory: New user: Passenger, ID: 70, Start floor: 13, Destination floor: 16, ElevatorA1
2021.12.09 09:27:43.776 [INFO] com.dreamteam.model2.Floor: Queue at floor20, elevator2, queue size: 1
2021.12.09 09:27:43.781 [INFO] com.dreamteam.utils.UserFactory: New user: Passenger, ID: 71, Start floor: 20, Destination floor: 29, ElevatorA2
2021.12.09 09:27:43.826 [INFO] com.dreamteam.model2.Floor: Queue at floor12, elevator0, queue size: 1
2021.12.09 09:27:43.831 [INFO] com.dreamteam.utils.UserFactory: New user: Passenger, ID: 72, Start floor: 12, Destination floor: 20, ElevatorA0
2021.12.09 09:27:43.901 [INFO] com.dreamteam.model2.Floor: Queue at floor1, elevator2, queue size: 1
2021.12.09 09:27:43.901 [INFO] com.dreamteam.utils.UserFactory: New user: Passenger, ID: 73, Start floor: 1, Destination floor: 3, ElevatorA2
2021.12.09 09:27:43.956 [INFO] com.dreamteam.model2.Floor: Queue at floor22, elevator2, queue size: 1
2021.12.09 09:27:43.956 [INFO] com.dreamteam.utils.UserFactory: New user: Passenger, ID: 74, Start floor: 22, Destination floor: 29, ElevatorA2
2021.12.09 09:27:44.036 [INFO] com.dreamteam.model2.Floor: Queue at floor20, elevator4, queue size: 1
2021.12.09 09:27:44.036 [INFO] com.dreamteam.utils.UserFactory: New user: Passenger, ID: 75, Start floor: 20, Destination floor: 16, ElevatorA4
2021.12.09 09:27:44.071 [INFO] com.dreamteam.model2.Floor: Queue at floor0, elevator4, queue size: 1
2021.12.09 09:27:44.071 [INFO] com.dreamteam.utils.UserFactory: New user: Passenger, ID: 76, Start floor: 0, Destination floor: 2, ElevatorA4
2021.12.09 09:27:44.141 [INFO] com.dreamteam.model2.Floor: Queue at floor12, elevator2, queue size: 1
2021.12.09 09:27:44.141 [INFO] com.dreamteam.utils.UserFactory: New user: Passenger, ID: 77, Start floor: 12, Destination floor: 4, ElevatorA2
2021.12.09 09:27:44.196 [INFO] com.dreamteam.model2.Floor: Queue at floor23, elevator0, queue size: 1
2021.12.09 09:27:44.196 [INFO] com.dreamteam.utils.UserFactory: New user: Passenger, ID: 78, Start floor: 23, Destination floor: 20, ElevatorA0
2021.12.09 09:27:44.246 [INFO] com.dreamteam.model2.Floor: Queue at floor6, elevator2, queue size: 1
2021.12.09 09:27:44.251 [INFO] com.dreamteam.utils.UserFactory: New user: Passenger, ID: 79, Start floor: 6, Destination floor: 7, ElevatorA2
2021.12.09 09:27:44.309 [INFO] com.dreamteam.model2.Floor: Queue at floor8, elevator4, queue size: 1
2021.12.09 09:27:44.309 [INFO] com.dreamteam.utils.UserFactory: New user: Passenger, ID: 80, Start floor: 8, Destination floor: 7, ElevatorA4
2021.12.09 09:27:44.366 [INFO] com.dreamteam.model2.Elevator: Elevator2, current floor: 7
2021.12.09 09:27:44.366 [INFO] com.dreamteam.model2.Elevator: User Passenger79 added to Elevator2 waiting list, size: 14
2021.12.09 09:27:44.381 [INFO] com.dreamteam.model2.Elevator: User Passenger77 added to Elevator2 waiting list, size: 15
2021.12.09 09:27:44.381 [INFO] com.dreamteam.model2.Floor: Queue at floor29, elevator4, queue size: 1
2021.12.09 09:27:44.381 [INFO] com.dreamteam.model2.Elevator: User Passenger74 added to Elevator2 waiting list, size: 16
2021.12.09 09:27:44.381 [INFO] com.dreamteam.utils.UserFactory: New user: Passenger, ID: 81, Start floor: 29, Destination floor: 0, ElevatorA4
2021.12.09 09:27:44.381 [INFO] com.dreamteam.model2.Elevator: User Passenger73 added to Elevator2 waiting list, size: 17
2021.12.09 09:27:44.381 [INFO] com.dreamteam.model2.Elevator: User Passenger71 added to Elevator2 waiting list, size: 18
2021.12.09 09:27:44.431 [INFO] com.dreamteam.model2.Floor: Queue at floor4, elevator3, queue size: 1
2021.12.09 09:27:44.431 [INFO] com.dreamteam.utils.UserFactory: New user: Passenger, ID: 82, Start floor: 4, Destination floor: 2, ElevatorA3
2021.12.09 09:27:44.451 [INFO] com.dreamteam.model2.Elevator: User(s) left Elevator2
2021.12.09 09:27:44.451 [INFO] com.dreamteam.model2.Elevator: User Passenger47 entered Elevator2, active users: 1
2021.12.09 09:27:44.451 [INFO] com.dreamteam.model2.ElevatorA: ElevatorA2 goes to floor 20, direction: UP
2021.12.09 09:27:44.486 [INFO] com.dreamteam.model2.Floor: Queue at floor12, elevator4, queue size: 1
2021.12.09 09:27:44.488 [INFO] com.dreamteam.utils.UserFactory: New user: Passenger, ID: 83, Start floor: 12, Destination floor: 0, ElevatorA4
2021.12.09 09:27:44.501 [INFO] com.dreamteam.model2.Elevator: Elevator1, current floor: 2
2021.12.09 09:27:44.501 [INFO] com.dreamteam.model2.Elevator: User Passenger70 added to Elevator1 waiting list, size: 1
2021.12.09 09:27:44.551 [INFO] com.dreamteam.model2.Floor: Queue at floor6, elevator4, queue size: 1
2021.12.09 09:27:44.551 [INFO] com.dreamteam.utils.UserFactory: New user: Passenger, ID: 84, Start floor: 6, Destination floor: 22, ElevatorA4
2021.12.09 09:27:44.586 [INFO] com.dreamteam.model2.Elevator: No users left Elevator1
2021.12.09 09:27:44.586 [INFO] com.dreamteam.model2.Elevator: User Passenger66 entered Elevator1, active users: 1
2021.12.09 09:27:44.586 [INFO] com.dreamteam.model2.ElevatorA: ElevatorA1 goes to floor 8, direction: UP
2021.12.09 09:27:44.626 [INFO] com.dreamteam.model2.Floor: Queue at floor0, elevator1, queue size: 1
2021.12.09 09:27:44.626 [INFO] com.dreamteam.utils.UserFactory: New user: Passenger, ID: 85, Start floor: 0, Destination floor: 11, ElevatorA1
2021.12.09 09:27:44.686 [INFO] com.dreamteam.model2.Floor: Queue at floor27, elevator2, queue size: 1
2021.12.09 09:27:44.686 [INFO] com.dreamteam.utils.UserFactory: New user: Passenger, ID: 86, Start floor: 27, Destination floor: 6, ElevatorA2
2021.12.09 09:27:44.731 [INFO] com.dreamteam.model2.Floor: Queue at floor6, elevator1, queue size: 1
2021.12.09 09:27:44.736 [INFO] com.dreamteam.utils.UserFactory: New user: Passenger, ID: 87, Start floor: 6, Destination floor: 22, ElevatorA1
2021.12.09 09:27:44.801 [INFO] com.dreamteam.model2.Floor: Queue at floor1, elevator4, queue size: 1
2021.12.09 09:27:44.801 [INFO] com.dreamteam.utils.UserFactory: New user: Passenger, ID: 88, Start floor: 1, Destination floor: 16, ElevatorA4
2021.12.09 09:27:44.856 [INFO] com.dreamteam.model2.Floor: Queue at floor15, elevator4, queue size: 1
2021.12.09 09:27:44.856 [INFO] com.dreamteam.utils.UserFactory: New user: Passenger, ID: 89, Start floor: 15, Destination floor: 10, ElevatorA4
2021.12.09 09:27:44.911 [INFO] com.dreamteam.model2.Floor: Queue at floor0, elevator3, queue size: 2
2021.12.09 09:27:44.911 [INFO] com.dreamteam.utils.UserFactory: New user: Passenger, ID: 90, Start floor: 0, Destination floor: 9, ElevatorA3
2021.12.09 09:27:44.976 [INFO] com.dreamteam.model2.Floor: Queue at floor29, elevator1, queue size: 1
2021.12.09 09:27:44.976 [INFO] com.dreamteam.utils.UserFactory: New user: Passenger, ID: 91, Start floor: 29, Destination floor: 2, ElevatorA1
2021.12.09 09:27:45.026 [INFO] com.dreamteam.model2.Floor: Queue at floor5, elevator2, queue size: 1
2021.12.09 09:27:45.026 [INFO] com.dreamteam.utils.UserFactory: New user: Passenger, ID: 92, Start floor: 5, Destination floor: 17, ElevatorA2
2021.12.09 09:27:45.096 [INFO] com.dreamteam.model2.Floor: Queue at floor29, elevator3, queue size: 2
2021.12.09 09:27:45.101 [INFO] com.dreamteam.utils.UserFactory: New user: Passenger, ID: 93, Start floor: 29, Destination floor: 23, ElevatorA3
2021.12.09 09:27:45.176 [INFO] com.dreamteam.model2.Floor: Queue at floor12, elevator1, queue size: 1
2021.12.09 09:27:45.176 [INFO] com.dreamteam.utils.UserFactory: New user: Passenger, ID: 94, Start floor: 12, Destination floor: 28, ElevatorA1
2021.12.09 09:27:45.216 [INFO] com.dreamteam.model2.Floor: Queue at floor1, elevator1, queue size: 1
2021.12.09 09:27:45.216 [INFO] com.dreamteam.utils.UserFactory: New user: Passenger, ID: 95, Start floor: 1, Destination floor: 13, ElevatorA1
2021.12.09 09:27:45.271 [INFO] com.dreamteam.model2.Floor: Queue at floor25, elevator3, queue size: 1
2021.12.09 09:27:45.271 [INFO] com.dreamteam.utils.UserFactory: New user: Passenger, ID: 96, Start floor: 25, Destination floor: 1, ElevatorA3
2021.12.09 09:27:45.341 [INFO] com.dreamteam.model2.Floor: Queue at floor28, elevator2, queue size: 1
2021.12.09 09:27:45.341 [INFO] com.dreamteam.utils.UserFactory: New user: Passenger, ID: 97, Start floor: 28, Destination floor: 19, ElevatorA2
2021.12.09 09:27:45.396 [INFO] com.dreamteam.model2.Floor: Queue at floor7, elevator2, queue size: 1
2021.12.09 09:27:45.396 [INFO] com.dreamteam.utils.UserFactory: New user: Passenger, ID: 98, Start floor: 7, Destination floor: 5, ElevatorA2
2021.12.09 09:27:45.446 [INFO] com.dreamteam.model2.Floor: Queue at floor17, elevator0, queue size: 1
2021.12.09 09:27:45.446 [INFO] com.dreamteam.utils.UserFactory: New user: Passenger, ID: 99, Start floor: 17, Destination floor: 8, ElevatorA0
2021.12.09 09:27:45.516 [INFO] com.dreamteam.model2.Floor: Queue at floor22, elevator4, queue size: 1
2021.12.09 09:27:45.516 [INFO] com.dreamteam.utils.UserFactory: New user: Passenger, ID: 100, Start floor: 22, Destination floor: 24, ElevatorA4
2021.12.09 09:27:45.576 [INFO] com.dreamteam.model2.Floor: Queue at floor17, elevator2, queue size: 1
2021.12.09 09:27:45.576 [INFO] com.dreamteam.utils.UserFactory: New user: Passenger, ID: 101, Start floor: 17, Destination floor: 8, ElevatorA2
2021.12.09 09:27:45.641 [INFO] com.dreamteam.model2.Floor: Queue at floor3, elevator3, queue size: 1
2021.12.09 09:27:45.646 [INFO] com.dreamteam.utils.UserFactory: New user: Passenger, ID: 102, Start floor: 3, Destination floor: 23, ElevatorA3
2021.12.09 09:27:45.702 [INFO] com.dreamteam.model2.Floor: Queue at floor9, elevator2, queue size: 1
2021.12.09 09:27:45.702 [INFO] com.dreamteam.utils.UserFactory: New user: Passenger, ID: 103, Start floor: 9, Destination floor: 5, ElevatorA2
2021.12.09 09:27:45.746 [INFO] com.dreamteam.model2.Floor: Queue at floor7, elevator1, queue size: 1
2021.12.09 09:27:45.746 [INFO] com.dreamteam.utils.UserFactory: New user: Passenger, ID: 104, Start floor: 7, Destination floor: 29, ElevatorA1
2021.12.09 09:27:45.811 [INFO] com.dreamteam.model2.Floor: Queue at floor0, elevator0, queue size: 2
2021.12.09 09:27:45.811 [INFO] com.dreamteam.utils.UserFactory: New user: Passenger, ID: 105, Start floor: 0, Destination floor: 1, ElevatorA0
2021.12.09 09:27:45.866 [INFO] com.dreamteam.model2.Floor: Queue at floor19, elevator4, queue size: 1
2021.12.09 09:27:45.866 [INFO] com.dreamteam.utils.UserFactory: New user: Passenger, ID: 106, Start floor: 19, Destination floor: 5, ElevatorA4
2021.12.09 09:27:45.936 [INFO] com.dreamteam.model2.Floor: Queue at floor27, elevator4, queue size: 1
2021.12.09 09:27:45.936 [INFO] com.dreamteam.utils.UserFactory: New user: Passenger, ID: 107, Start floor: 27, Destination floor: 2, ElevatorA4
2021.12.09 09:27:45.986 [INFO] com.dreamteam.model2.Floor: Queue at floor11, elevator0, queue size: 1
2021.12.09 09:27:45.986 [INFO] com.dreamteam.utils.UserFactory: New user: Passenger, ID: 108, Start floor: 11, Destination floor: 4, ElevatorA0
2021.12.09 09:27:46.055 [INFO] com.dreamteam.model2.Floor: Queue at floor17, elevator4, queue size: 1
2021.12.09 09:27:46.055 [INFO] com.dreamteam.utils.UserFactory: New user: Passenger, ID: 109, Start floor: 17, Destination floor: 9, ElevatorA4
2021.12.09 09:27:46.111 [INFO] com.dreamteam.model2.Floor: Queue at floor28, elevator4, queue size: 1
2021.12.09 09:27:46.111 [INFO] com.dreamteam.utils.UserFactory: New user: Passenger, ID: 110, Start floor: 28, Destination floor: 24, ElevatorA4
2021.12.09 09:27:46.205 [INFO] com.dreamteam.model2.Floor: Queue at floor14, elevator1, queue size: 1
2021.12.09 09:27:46.205 [INFO] com.dreamteam.utils.UserFactory: New user: Passenger, ID: 111, Start floor: 14, Destination floor: 16, ElevatorA1
2021.12.09 09:27:46.246 [INFO] com.dreamteam.model2.Floor: Queue at floor3, elevator0, queue size: 1
2021.12.09 09:27:46.246 [INFO] com.dreamteam.utils.UserFactory: New user: Passenger, ID: 112, Start floor: 3, Destination floor: 21, ElevatorA0
2021.12.09 09:27:46.285 [INFO] com.dreamteam.model2.Floor: Queue at floor2, elevator1, queue size: 1
2021.12.09 09:27:46.285 [INFO] com.dreamteam.utils.UserFactory: New user: Passenger, ID: 113, Start floor: 2, Destination floor: 24, ElevatorA1
2021.12.09 09:27:46.355 [INFO] com.dreamteam.model2.Floor: Queue at floor18, elevator1, queue size: 1
2021.12.09 09:27:46.355 [INFO] com.dreamteam.utils.UserFactory: New user: Passenger, ID: 114, Start floor: 18, Destination floor: 26, ElevatorA1
2021.12.09 09:27:46.421 [INFO] com.dreamteam.model2.Floor: Queue at floor15, elevator1, queue size: 1
2021.12.09 09:27:46.421 [INFO] com.dreamteam.utils.UserFactory: New user: Passenger, ID: 115, Start floor: 15, Destination floor: 13, ElevatorA1
2021.12.09 09:27:46.471 [INFO] com.dreamteam.model2.Floor: Queue at floor17, elevator1, queue size: 1
2021.12.09 09:27:46.471 [INFO] com.dreamteam.utils.UserFactory: New user: Passenger, ID: 116, Start floor: 17, Destination floor: 21, ElevatorA1
2021.12.09 09:27:46.526 [INFO] com.dreamteam.model2.Floor: Queue at floor25, elevator0, queue size: 1
2021.12.09 09:27:46.526 [INFO] com.dreamteam.utils.UserFactory: New user: Passenger, ID: 117, Start floor: 25, Destination floor: 0, ElevatorA0
2021.12.09 09:27:46.595 [INFO] com.dreamteam.model2.Floor: Queue at floor12, elevator3, queue size: 2
2021.12.09 09:27:46.595 [INFO] com.dreamteam.utils.UserFactory: New user: Passenger, ID: 118, Start floor: 12, Destination floor: 1, ElevatorA3
2021.12.09 09:27:46.646 [INFO] com.dreamteam.model2.Floor: Queue at floor28, elevator1, queue size: 1
2021.12.09 09:27:46.651 [INFO] com.dreamteam.utils.UserFactory: New user: Passenger, ID: 119, Start floor: 28, Destination floor: 20, ElevatorA1
2021.12.09 09:27:46.736 [INFO] com.dreamteam.model2.Floor: Queue at floor4, elevator0, queue size: 1
2021.12.09 09:27:46.736 [INFO] com.dreamteam.utils.UserFactory: New user: Passenger, ID: 120, Start floor: 4, Destination floor: 23, ElevatorA0
2021.12.09 09:27:46.786 [INFO] com.dreamteam.model2.Floor: Queue at floor21, elevator4, queue size: 1
2021.12.09 09:27:46.791 [INFO] com.dreamteam.utils.UserFactory: New user: Passenger, ID: 121, Start floor: 21, Destination floor: 22, ElevatorA4
2021.12.09 09:27:46.832 [INFO] com.dreamteam.model2.Floor: Queue at floor29, elevator0, queue size: 2
2021.12.09 09:27:46.832 [INFO] com.dreamteam.utils.UserFactory: New user: Passenger, ID: 122, Start floor: 29, Destination floor: 27, ElevatorA0
2021.12.09 09:27:46.891 [INFO] com.dreamteam.model2.Floor: Queue at floor20, elevator1, queue size: 1
2021.12.09 09:27:46.891 [INFO] com.dreamteam.utils.UserFactory: New user: Passenger, ID: 123, Start floor: 20, Destination floor: 24, ElevatorA1
2021.12.09 09:27:46.956 [INFO] com.dreamteam.model2.Floor: Queue at floor13, elevator3, queue size: 2
2021.12.09 09:27:46.956 [INFO] com.dreamteam.utils.UserFactory: New user: Passenger, ID: 124, Start floor: 13, Destination floor: 1, ElevatorA3
2021.12.09 09:27:47.006 [INFO] com.dreamteam.model2.Floor: Queue at floor8, elevator1, queue size: 1
2021.12.09 09:27:47.006 [INFO] com.dreamteam.utils.UserFactory: New user: Passenger, ID: 125, Start floor: 8, Destination floor: 4, ElevatorA1
2021.12.09 09:27:47.071 [INFO] com.dreamteam.model2.Floor: Queue at floor9, elevator4, queue size: 1
2021.12.09 09:27:47.072 [INFO] com.dreamteam.utils.UserFactory: New user: Passenger, ID: 126, Start floor: 9, Destination floor: 21, ElevatorA4
2021.12.09 09:27:47.146 [INFO] com.dreamteam.model2.Floor: Queue at floor1, elevator3, queue size: 2
2021.12.09 09:27:47.146 [INFO] com.dreamteam.utils.UserFactory: New user: Passenger, ID: 127, Start floor: 1, Destination floor: 13, ElevatorA3
2021.12.09 09:27:47.186 [INFO] com.dreamteam.model2.Floor: Queue at floor3, elevator2, queue size: 1
2021.12.09 09:27:47.186 [INFO] com.dreamteam.utils.UserFactory: New user: Passenger, ID: 128, Start floor: 3, Destination floor: 21, ElevatorA2
2021.12.09 09:27:47.206 [INFO] com.dreamteam.model2.Elevator: User Passenger106 added to Elevator4 waiting list, size: 1
2021.12.09 09:27:47.206 [INFO] com.dreamteam.model2.Elevator: User Passenger69 added to Elevator4 waiting list, size: 2
2021.12.09 09:27:47.206 [INFO] com.dreamteam.model2.Elevator: User Passenger78 added to Elevator0 waiting list, size: 17
2021.12.09 09:27:47.206 [INFO] com.dreamteam.model2.Elevator: User Passenger72 added to Elevator0 waiting list, size: 18
2021.12.09 09:27:47.206 [INFO] com.dreamteam.model2.Elevator: User Passenger119 added to Elevator1 waiting list, size: 2
2021.12.09 09:27:47.206 [INFO] com.dreamteam.model2.Elevator: User Passenger76 added to Elevator4 waiting list, size: 3
2021.12.09 09:27:47.206 [INFO] com.dreamteam.model2.Elevator: User Passenger101 added to Elevator2 waiting list, size: 18
2021.12.09 09:27:47.206 [INFO] com.dreamteam.model2.Elevator: User Passenger100 added to Elevator4 waiting list, size: 4
2021.12.09 09:27:47.206 [INFO] com.dreamteam.model2.Elevator: User Passenger53 added to Elevator4 waiting list, size: 5
2021.12.09 09:27:47.206 [INFO] com.dreamteam.model2.Elevator: User Passenger121 added to Elevator4 waiting list, size: 6
2021.12.09 09:27:47.206 [INFO] com.dreamteam.model2.Elevator: User Passenger83 added to Elevator4 waiting list, size: 7
2021.12.09 09:27:47.206 [INFO] com.dreamteam.model2.Elevator: User Passenger109 added to Elevator4 waiting list, size: 8
2021.12.09 09:27:47.206 [INFO] com.dreamteam.model2.Elevator: User Passenger15 added to Elevator3 waiting list, size: 4
2021.12.09 09:27:47.211 [INFO] com.dreamteam.model2.Elevator: User Passenger61 added to Elevator4 waiting list, size: 9
2021.12.09 09:27:47.211 [INFO] com.dreamteam.model2.Elevator: User Passenger68 added to Elevator3 waiting list, size: 5
2021.12.09 09:27:47.211 [INFO] com.dreamteam.model2.Elevator: User Passenger38 added to Elevator3 waiting list, size: 6
2021.12.09 09:27:47.211 [INFO] com.dreamteam.model2.Elevator: User Passenger31 added to Elevator3 waiting list, size: 7
2021.12.09 09:27:47.211 [INFO] com.dreamteam.model2.Elevator: User Passenger82 added to Elevator3 waiting list, size: 8
2021.12.09 09:27:47.211 [INFO] com.dreamteam.model2.Elevator: User Passenger60 added to Elevator4 waiting list, size: 10
2021.12.09 09:27:47.211 [INFO] com.dreamteam.model2.Elevator: User Passenger22 added to Elevator3 waiting list, size: 9
2021.12.09 09:27:47.211 [INFO] com.dreamteam.model2.Elevator: User Passenger107 added to Elevator4 waiting list, size: 11
2021.12.09 09:27:47.211 [INFO] com.dreamteam.model2.Elevator: User Passenger24 added to Elevator3 waiting list, size: 10
2021.12.09 09:27:47.211 [INFO] com.dreamteam.model2.Elevator: User Passenger110 added to Elevator4 waiting list, size: 12
2021.12.09 09:27:47.206 [INFO] com.dreamteam.model2.Elevator: User Passenger117 added to Elevator0 waiting list, size: 19
2021.12.09 09:27:47.211 [INFO] com.dreamteam.model2.Elevator: User Passenger127 added to Elevator3 waiting list, size: 11
2021.12.09 09:27:47.211 [INFO] com.dreamteam.model2.Elevator: User Passenger126 added to Elevator4 waiting list, size: 13
2021.12.09 09:27:47.206 [INFO] com.dreamteam.model2.Elevator: User Passenger103 added to Elevator2 waiting list, size: 19
2021.12.09 09:27:47.211 [INFO] com.dreamteam.model2.Elevator: User Passenger122 added to Elevator0 waiting list, size: 20
2021.12.09 09:27:47.211 [INFO] com.dreamteam.model2.Elevator: User Passenger124 added to Elevator3 waiting list, size: 12
2021.12.09 09:27:47.211 [INFO] com.dreamteam.model2.Elevator: User Passenger89 added to Elevator4 waiting list, size: 14
2021.12.09 09:27:47.206 [INFO] com.dreamteam.model2.Elevator: User Passenger115 added to Elevator1 waiting list, size: 3
2021.12.09 09:27:47.211 [INFO] com.dreamteam.model2.Elevator: User Passenger128 added to Elevator2 waiting list, size: 20
2021.12.09 09:27:47.211 [INFO] com.dreamteam.model2.Elevator: User Passenger120 added to Elevator0 waiting list, size: 21
2021.12.09 09:27:47.211 [INFO] com.dreamteam.model2.Elevator: User Passenger118 added to Elevator3 waiting list, size: 13
2021.12.09 09:27:47.211 [INFO] com.dreamteam.model2.Elevator: User Passenger88 added to Elevator4 waiting list, size: 15
2021.12.09 09:27:47.216 [INFO] com.dreamteam.model2.Elevator: User Passenger98 added to Elevator2 waiting list, size: 21
2021.12.09 09:27:47.216 [INFO] com.dreamteam.model2.Elevator: User Passenger112 added to Elevator0 waiting list, size: 22
2021.12.09 09:27:47.216 [INFO] com.dreamteam.model2.Elevator: User Passenger102 added to Elevator3 waiting list, size: 14
2021.12.09 09:27:47.216 [INFO] com.dreamteam.model2.Elevator: User Passenger125 added to Elevator1 waiting list, size: 4
2021.12.09 09:27:47.216 [INFO] com.dreamteam.model2.Elevator: User Passenger84 added to Elevator4 waiting list, size: 16
2021.12.09 09:27:47.216 [INFO] com.dreamteam.model2.Elevator: User Passenger97 added to Elevator2 waiting list, size: 22
2021.12.09 09:27:47.216 [INFO] com.dreamteam.model2.Elevator: User Passenger96 added to Elevator3 waiting list, size: 15
2021.12.09 09:27:47.216 [INFO] com.dreamteam.model2.Elevator: User Passenger108 added to Elevator0 waiting list, size: 23
2021.12.09 09:27:47.216 [INFO] com.dreamteam.model2.Elevator: User Passenger123 added to Elevator1 waiting list, size: 5
2021.12.09 09:27:47.216 [INFO] com.dreamteam.model2.Elevator: User Passenger92 added to Elevator2 waiting list, size: 23
2021.12.09 09:27:47.216 [INFO] com.dreamteam.model2.Elevator: User Passenger93 added to Elevator3 waiting list, size: 16
2021.12.09 09:27:47.216 [INFO] com.dreamteam.model2.Elevator: User Passenger81 added to Elevator4 waiting list, size: 17
2021.12.09 09:27:47.216 [INFO] com.dreamteam.model2.Elevator: User Passenger86 added to Elevator2 waiting list, size: 24
2021.12.09 09:27:47.216 [INFO] com.dreamteam.model2.Elevator: User Passenger105 added to Elevator0 waiting list, size: 24
2021.12.09 09:27:47.216 [INFO] com.dreamteam.model2.Elevator: User Passenger90 added to Elevator3 waiting list, size: 17
2021.12.09 09:27:47.216 [INFO] com.dreamteam.model2.Elevator: User Passenger116 added to Elevator1 waiting list, size: 6
2021.12.09 09:27:47.216 [INFO] com.dreamteam.model2.Elevator: User Passenger80 added to Elevator4 waiting list, size: 18
2021.12.09 09:27:47.216 [INFO] com.dreamteam.model2.Elevator: User Passenger99 added to Elevator0 waiting list, size: 25
2021.12.09 09:27:47.216 [INFO] com.dreamteam.model2.Elevator: User Passenger114 added to Elevator1 waiting list, size: 7
2021.12.09 09:27:47.216 [INFO] com.dreamteam.model2.Elevator: User Passenger75 added to Elevator4 waiting list, size: 19
2021.12.09 09:27:47.216 [INFO] com.dreamteam.model2.Elevator: User Passenger49 added to Elevator3 waiting list, size: 18
2021.12.09 09:27:47.216 [INFO] com.dreamteam.model2.Elevator: User Passenger58 added to Elevator4 waiting list, size: 20
2021.12.09 09:27:47.216 [INFO] com.dreamteam.model2.Elevator: User Passenger46 added to Elevator3 waiting list, size: 19
2021.12.09 09:27:47.216 [INFO] com.dreamteam.model2.Elevator: User Passenger67 added to Elevator0 waiting list, size: 26
2021.12.09 09:27:47.216 [INFO] com.dreamteam.model2.Elevator: User Passenger40 added to Elevator3 waiting list, size: 20
2021.12.09 09:27:47.216 [INFO] com.dreamteam.model2.Elevator: User Passenger113 added to Elevator1 waiting list, size: 8
2021.12.09 09:27:47.216 [INFO] com.dreamteam.model2.Elevator: User Passenger65 added to Elevator0 waiting list, size: 27
2021.12.09 09:27:47.216 [INFO] com.dreamteam.model2.Elevator: User Passenger36 added to Elevator3 waiting list, size: 21
2021.12.09 09:27:47.216 [INFO] com.dreamteam.model2.Elevator: User Passenger111 added to Elevator1 waiting list, size: 9
2021.12.09 09:27:47.216 [INFO] com.dreamteam.model2.Elevator: User Passenger64 added to Elevator0 waiting list, size: 28
2021.12.09 09:27:47.216 [INFO] com.dreamteam.model2.Elevator: User Passenger104 added to Elevator1 waiting list, size: 10
2021.12.09 09:27:47.216 [INFO] com.dreamteam.model2.Elevator: User Passenger56 added to Elevator0 waiting list, size: 29
2021.12.09 09:27:47.216 [INFO] com.dreamteam.model2.Elevator: User Passenger32 added to Elevator3 waiting list, size: 22
2021.12.09 09:27:47.221 [INFO] com.dreamteam.model2.Elevator: User Passenger95 added to Elevator1 waiting list, size: 11
2021.12.09 09:27:47.221 [INFO] com.dreamteam.model2.Elevator: User Passenger21 added to Elevator3 waiting list, size: 23
2021.12.09 09:27:47.221 [INFO] com.dreamteam.model2.Elevator: User Passenger55 added to Elevator0 waiting list, size: 30
2021.12.09 09:27:47.221 [INFO] com.dreamteam.model2.Elevator: User Passenger94 added to Elevator1 waiting list, size: 12
2021.12.09 09:27:47.221 [INFO] com.dreamteam.model2.Elevator: User Passenger17 added to Elevator3 waiting list, size: 24
2021.12.09 09:27:47.221 [INFO] com.dreamteam.model2.Elevator: User Passenger91 added to Elevator1 waiting list, size: 13
2021.12.09 09:27:47.221 [INFO] com.dreamteam.model2.Elevator: User Passenger16 added to Elevator3 waiting list, size: 25
2021.12.09 09:27:47.221 [INFO] com.dreamteam.model2.Elevator: User Passenger87 added to Elevator1 waiting list, size: 14
2021.12.09 09:27:47.221 [INFO] com.dreamteam.model2.Elevator: User Passenger14 added to Elevator3 waiting list, size: 26
2021.12.09 09:27:47.221 [INFO] com.dreamteam.model2.Elevator: User Passenger85 added to Elevator1 waiting list, size: 15
2021.12.09 09:27:47.221 [INFO] com.dreamteam.model2.Elevator: User Passenger13 added to Elevator3 waiting list, size: 27
2021.12.09 09:27:47.221 [INFO] com.dreamteam.model2.Elevator: User Passenger12 added to Elevator3 waiting list, size: 28
2021.12.09 09:27:47.221 [INFO] com.dreamteam.model2.Elevator: User Passenger10 added to Elevator3 waiting list, size: 29
2021.12.09 09:27:47.221 [INFO] com.dreamteam.model2.Elevator: User Passenger9 added to Elevator3 waiting list, size: 30
2021.12.09 09:27:47.221 [INFO] com.dreamteam.model2.Elevator: User Passenger8 added to Elevator3 waiting list, size: 31
2021.12.09 09:27:47.221 [INFO] com.dreamteam.model2.Elevator: User Passenger7 added to Elevator3 waiting list, size: 32
2021.12.09 09:27:47.221 [INFO] com.dreamteam.model2.Elevator: User Passenger6 added to Elevator3 waiting list, size: 33
2021.12.09 09:27:47.221 [INFO] com.dreamteam.model2.Elevator: User Passenger4 added to Elevator3 waiting list, size: 34
