2021.12.09 13:43:24.799 [INFO] com.dreamteam.model2.Floor: Queue at floor9, elevator4, queue size: 1
2021.12.09 13:43:24.825 [INFO] com.dreamteam.utils.UserFactory: New user: Passenger, ID: 0, Start floor: 9, Destination floor: 15, ElevatorA4
2021.12.09 13:43:24.832 [INFO] com.dreamteam.model2.Elevator: Elevator4 goes to user Passenger0
2021.12.09 13:43:24.842 [INFO] com.dreamteam.model2.Floor: Queue at floor7, elevator4, queue size: 1
2021.12.09 13:43:24.843 [INFO] com.dreamteam.utils.UserFactory: New user: Passenger, ID: 1, Start floor: 7, Destination floor: 13, ElevatorA4
2021.12.09 13:43:24.849 [INFO] com.dreamteam.model2.Elevator: User Passenger1 added to Elevator4 waiting list, size: 2
2021.12.09 13:43:24.874 [INFO] com.dreamteam.model2.Elevator: No users left Elevator3
2021.12.09 13:43:24.874 [INFO] com.dreamteam.model2.Elevator: No users left Elevator4
2021.12.09 13:43:24.874 [INFO] com.dreamteam.model2.ElevatorA: No active and waiting users, elevator is free now
2021.12.09 13:43:24.874 [INFO] com.dreamteam.model2.Elevator: No users left Elevator2
2021.12.09 13:43:24.874 [INFO] com.dreamteam.model2.Elevator: No users left Elevator1
2021.12.09 13:43:24.875 [INFO] com.dreamteam.model2.ElevatorA: No active and waiting users, elevator is free now
2021.12.09 13:43:24.875 [INFO] com.dreamteam.model2.ElevatorA: No active and waiting users, elevator is free now
2021.12.09 13:43:24.874 [INFO] com.dreamteam.model2.Elevator: No users left Elevator0
2021.12.09 13:43:24.875 [INFO] com.dreamteam.model2.ElevatorA: No active and waiting users, elevator is free now
2021.12.09 13:43:24.881 [INFO] com.dreamteam.model2.ElevatorA: ElevatorA4 goes to floor 9, direction: UP
2021.12.09 13:43:24.903 [INFO] com.dreamteam.model2.Floor: Queue at floor3, elevator4, queue size: 1
2021.12.09 13:43:24.904 [INFO] com.dreamteam.utils.UserFactory: New user: Passenger, ID: 2, Start floor: 3, Destination floor: 9, ElevatorA4
2021.12.09 13:43:24.973 [INFO] com.dreamteam.model2.Elevator: No users left Elevator1
2021.12.09 13:43:24.973 [INFO] com.dreamteam.model2.Elevator: No users left Elevator0
2021.12.09 13:43:24.973 [INFO] com.dreamteam.model2.ElevatorA: No active and waiting users, elevator is free now
2021.12.09 13:43:24.973 [INFO] com.dreamteam.model2.ElevatorA: No active and waiting users, elevator is free now
2021.12.09 13:43:24.973 [INFO] com.dreamteam.model2.Elevator: No users left Elevator3
2021.12.09 13:43:24.973 [INFO] com.dreamteam.model2.Elevator: No users left Elevator2
2021.12.09 13:43:24.973 [INFO] com.dreamteam.model2.ElevatorA: No active and waiting users, elevator is free now
2021.12.09 13:43:24.973 [INFO] com.dreamteam.model2.ElevatorA: No active and waiting users, elevator is free now
2021.12.09 13:43:24.975 [INFO] com.dreamteam.model2.Floor: Queue at floor12, elevator4, queue size: 1
2021.12.09 13:43:24.976 [INFO] com.dreamteam.utils.UserFactory: New user: Passenger, ID: 3, Start floor: 12, Destination floor: 4, ElevatorA4
2021.12.09 13:43:25.053 [INFO] com.dreamteam.model2.Floor: Queue at floor1, elevator4, queue size: 1
2021.12.09 13:43:25.055 [INFO] com.dreamteam.utils.UserFactory: New user: Passenger, ID: 4, Start floor: 1, Destination floor: 27, ElevatorA4
2021.12.09 13:43:25.067 [INFO] com.dreamteam.model2.Elevator: No users left Elevator3
2021.12.09 13:43:25.073 [INFO] com.dreamteam.model2.ElevatorA: No active and waiting users, elevator is free now
2021.12.09 13:43:25.073 [INFO] com.dreamteam.model2.Elevator: No users left Elevator1
2021.12.09 13:43:25.073 [INFO] com.dreamteam.model2.Elevator: No users left Elevator0
2021.12.09 13:43:25.073 [INFO] com.dreamteam.model2.ElevatorA: No active and waiting users, elevator is free now
2021.12.09 13:43:25.074 [INFO] com.dreamteam.model2.Elevator: No users left Elevator2
2021.12.09 13:43:25.074 [INFO] com.dreamteam.model2.ElevatorA: No active and waiting users, elevator is free now
2021.12.09 13:43:25.074 [INFO] com.dreamteam.model2.ElevatorA: No active and waiting users, elevator is free now
2021.12.09 13:43:25.085 [INFO] com.dreamteam.model2.Floor: Queue at floor27, elevator4, queue size: 1
2021.12.09 13:43:25.087 [INFO] com.dreamteam.utils.UserFactory: New user: Passenger, ID: 5, Start floor: 27, Destination floor: 5, ElevatorA4
2021.12.09 13:43:25.180 [INFO] com.dreamteam.model2.Elevator: No users left Elevator3
2021.12.09 13:43:25.182 [INFO] com.dreamteam.model2.ElevatorA: No active and waiting users, elevator is free now
2021.12.09 13:43:25.189 [INFO] com.dreamteam.model2.Elevator: No users left Elevator0
2021.12.09 13:43:25.189 [INFO] com.dreamteam.model2.ElevatorA: No active and waiting users, elevator is free now
2021.12.09 13:43:25.189 [INFO] com.dreamteam.model2.Elevator: No users left Elevator1
2021.12.09 13:43:25.191 [INFO] com.dreamteam.model2.ElevatorA: No active and waiting users, elevator is free now
2021.12.09 13:43:25.189 [INFO] com.dreamteam.model2.Elevator: No users left Elevator2
2021.12.09 13:43:25.192 [INFO] com.dreamteam.model2.ElevatorA: No active and waiting users, elevator is free now
2021.12.09 13:43:25.245 [INFO] com.dreamteam.model2.Floor: Queue at floor8, elevator4, queue size: 1
2021.12.09 13:43:25.282 [INFO] com.dreamteam.model2.Elevator: No users left Elevator3
2021.12.09 13:43:25.282 [INFO] com.dreamteam.model2.ElevatorA: No active and waiting users, elevator is free now
2021.12.09 13:43:25.285 [INFO] com.dreamteam.utils.UserFactory: New user: Passenger, ID: 6, Start floor: 8, Destination floor: 22, ElevatorA4
2021.12.09 13:43:25.287 [INFO] com.dreamteam.model2.Floor: Queue at floor19, elevator4, queue size: 1
2021.12.09 13:43:25.341 [INFO] com.dreamteam.model2.Elevator: No users left Elevator2
2021.12.09 13:43:25.341 [INFO] com.dreamteam.model2.ElevatorA: No active and waiting users, elevator is free now
2021.12.09 13:43:25.341 [INFO] com.dreamteam.model2.Elevator: No users left Elevator0
2021.12.09 13:43:25.342 [INFO] com.dreamteam.model2.ElevatorA: No active and waiting users, elevator is free now
2021.12.09 13:43:25.341 [INFO] com.dreamteam.model2.Elevator: No users left Elevator1
2021.12.09 13:43:25.346 [INFO] com.dreamteam.utils.UserFactory: New user: Passenger, ID: 7, Start floor: 19, Destination floor: 27, ElevatorA4
2021.12.09 13:43:25.342 [INFO] com.dreamteam.model2.ElevatorA: No active and waiting users, elevator is free now
2021.12.09 13:43:25.403 [INFO] com.dreamteam.model2.Elevator: No users left Elevator3
2021.12.09 13:43:25.404 [INFO] com.dreamteam.model2.ElevatorA: No active and waiting users, elevator is free now
2021.12.09 13:43:25.466 [INFO] com.dreamteam.model2.Floor: Queue at floor3, elevator2, queue size: 1
2021.12.09 13:43:25.467 [INFO] com.dreamteam.utils.UserFactory: New user: Passenger, ID: 8, Start floor: 3, Destination floor: 13, ElevatorA2
2021.12.09 13:43:25.468 [INFO] com.dreamteam.model2.Elevator: No users left Elevator1
2021.12.09 13:43:25.468 [INFO] com.dreamteam.model2.ElevatorA: No active and waiting users, elevator is free now
2021.12.09 13:43:25.468 [INFO] com.dreamteam.model2.Elevator: No users left Elevator0
2021.12.09 13:43:25.481 [INFO] com.dreamteam.model2.ElevatorA: No active and waiting users, elevator is free now
2021.12.09 13:43:25.481 [INFO] com.dreamteam.model2.Elevator: Elevator2 goes to user Passenger8
2021.12.09 13:43:25.482 [INFO] com.dreamteam.model2.Floor: Queue at floor27, elevator2, queue size: 1
2021.12.09 13:43:25.482 [INFO] com.dreamteam.model2.Elevator: No users left Elevator2
2021.12.09 13:43:25.482 [INFO] com.dreamteam.model2.ElevatorA: ElevatorA2 goes to floor 3, direction: UP
2021.12.09 13:43:25.483 [INFO] com.dreamteam.utils.UserFactory: New user: Passenger, ID: 9, Start floor: 27, Destination floor: 26, ElevatorA2
2021.12.09 13:43:25.484 [INFO] com.dreamteam.model2.Floor: Queue at floor1, elevator2, queue size: 1
2021.12.09 13:43:25.484 [INFO] com.dreamteam.utils.UserFactory: New user: Passenger, ID: 10, Start floor: 1, Destination floor: 0, ElevatorA2
2021.12.09 13:43:25.485 [INFO] com.dreamteam.model2.Floor: Queue at floor13, elevator4, queue size: 1
2021.12.09 13:43:25.488 [INFO] com.dreamteam.utils.UserFactory: New user: Passenger, ID: 11, Start floor: 13, Destination floor: 4, ElevatorA4
2021.12.09 13:43:25.498 [INFO] com.dreamteam.model2.Elevator: No users left Elevator3
2021.12.09 13:43:25.499 [INFO] com.dreamteam.model2.ElevatorA: No active and waiting users, elevator is free now
2021.12.09 13:43:25.523 [INFO] com.dreamteam.model2.Floor: Queue at floor16, elevator4, queue size: 1
2021.12.09 13:43:25.529 [INFO] com.dreamteam.utils.UserFactory: New user: Passenger, ID: 12, Start floor: 16, Destination floor: 2, ElevatorA4
2021.12.09 13:43:25.567 [INFO] com.dreamteam.model2.Elevator: No users left Elevator1
2021.12.09 13:43:25.568 [INFO] com.dreamteam.model2.ElevatorA: No active and waiting users, elevator is free now
2021.12.09 13:43:25.580 [INFO] com.dreamteam.model2.Elevator: No users left Elevator0
2021.12.09 13:43:25.581 [INFO] com.dreamteam.model2.ElevatorA: No active and waiting users, elevator is free now
2021.12.09 13:43:25.610 [INFO] com.dreamteam.model2.Elevator: No users left Elevator3
2021.12.09 13:43:25.611 [INFO] com.dreamteam.model2.ElevatorA: No active and waiting users, elevator is free now
2021.12.09 13:43:25.613 [INFO] com.dreamteam.model2.Floor: Queue at floor10, elevator4, queue size: 1
2021.12.09 13:43:25.615 [INFO] com.dreamteam.utils.UserFactory: New user: Passenger, ID: 13, Start floor: 10, Destination floor: 7, ElevatorA4
2021.12.09 13:43:25.718 [INFO] com.dreamteam.model2.Elevator: No users left Elevator1
2021.12.09 13:43:25.718 [INFO] com.dreamteam.model2.ElevatorA: No active and waiting users, elevator is free now
2021.12.09 13:43:25.721 [INFO] com.dreamteam.model2.Elevator: No users left Elevator0
2021.12.09 13:43:25.722 [INFO] com.dreamteam.model2.ElevatorA: No active and waiting users, elevator is free now
2021.12.09 13:43:25.725 [INFO] com.dreamteam.model2.Elevator: No users left Elevator3
2021.12.09 13:43:25.734 [INFO] com.dreamteam.model2.ElevatorA: No active and waiting users, elevator is free now
2021.12.09 13:43:25.755 [INFO] com.dreamteam.model2.Floor: Queue at floor29, elevator4, queue size: 1
2021.12.09 13:43:25.866 [INFO] com.dreamteam.model2.Elevator: No users left Elevator3
2021.12.09 13:43:25.866 [INFO] com.dreamteam.utils.UserFactory: New user: Passenger, ID: 14, Start floor: 29, Destination floor: 27, ElevatorA4
2021.12.09 13:43:25.866 [INFO] com.dreamteam.model2.Elevator: No users left Elevator1
2021.12.09 13:43:25.866 [INFO] com.dreamteam.model2.Elevator: No users left Elevator0
2021.12.09 13:43:25.866 [INFO] com.dreamteam.model2.ElevatorA: No active and waiting users, elevator is free now
2021.12.09 13:43:25.867 [INFO] com.dreamteam.model2.ElevatorA: No active and waiting users, elevator is free now
2021.12.09 13:43:25.867 [INFO] com.dreamteam.model2.Floor: Queue at floor15, elevator4, queue size: 1
2021.12.09 13:43:25.866 [INFO] com.dreamteam.model2.ElevatorA: No active and waiting users, elevator is free now
2021.12.09 13:43:25.897 [INFO] com.dreamteam.utils.UserFactory: New user: Passenger, ID: 15, Start floor: 15, Destination floor: 25, ElevatorA4
2021.12.09 13:43:25.901 [INFO] com.dreamteam.model2.Floor: Queue at floor5, elevator4, queue size: 1
2021.12.09 13:43:25.903 [INFO] com.dreamteam.utils.UserFactory: New user: Passenger, ID: 16, Start floor: 5, Destination floor: 26, ElevatorA4
2021.12.09 13:43:25.904 [INFO] com.dreamteam.model2.Floor: Queue at floor1, elevator0, queue size: 1
2021.12.09 13:43:25.905 [INFO] com.dreamteam.utils.UserFactory: New user: Passenger, ID: 17, Start floor: 1, Destination floor: 19, ElevatorA0
2021.12.09 13:43:25.905 [INFO] com.dreamteam.model2.Elevator: Elevator0 goes to user Passenger17
2021.12.09 13:43:25.909 [INFO] com.dreamteam.model2.Floor: Queue at floor16, elevator2, queue size: 1
2021.12.09 13:43:25.914 [INFO] com.dreamteam.utils.UserFactory: New user: Passenger, ID: 18, Start floor: 16, Destination floor: 0, ElevatorA2
2021.12.09 13:43:25.957 [INFO] com.dreamteam.model2.Elevator: No users left Elevator3
2021.12.09 13:43:25.957 [INFO] com.dreamteam.model2.Elevator: No users left Elevator0
2021.12.09 13:43:25.957 [INFO] com.dreamteam.model2.Elevator: No users left Elevator1
2021.12.09 13:43:25.957 [INFO] com.dreamteam.model2.ElevatorA: No active and waiting users, elevator is free now
2021.12.09 13:43:25.957 [INFO] com.dreamteam.model2.ElevatorA: ElevatorA0 goes to floor 1, direction: UP
2021.12.09 13:43:25.957 [INFO] com.dreamteam.model2.ElevatorA: No active and waiting users, elevator is free now
2021.12.09 13:43:26.005 [INFO] com.dreamteam.model2.Floor: Queue at floor27, elevator0, queue size: 1
2021.12.09 13:43:26.019 [INFO] com.dreamteam.utils.UserFactory: New user: Passenger, ID: 19, Start floor: 27, Destination floor: 19, ElevatorA0
2021.12.09 13:43:26.020 [INFO] com.dreamteam.model2.Floor: Queue at floor27, elevator1, queue size: 1
2021.12.09 13:43:26.022 [INFO] com.dreamteam.utils.UserFactory: New user: Passenger, ID: 20, Start floor: 27, Destination floor: 9, ElevatorA1
2021.12.09 13:43:26.023 [INFO] com.dreamteam.model2.Elevator: Elevator1 goes to user Passenger20
2021.12.09 13:43:26.050 [INFO] com.dreamteam.model2.Elevator: No users left Elevator1
2021.12.09 13:43:26.050 [INFO] com.dreamteam.model2.ElevatorA: ElevatorA1 goes to floor 27, direction: UP
2021.12.09 13:43:26.051 [INFO] com.dreamteam.model2.Elevator: No users left Elevator3
2021.12.09 13:43:26.051 [INFO] com.dreamteam.model2.ElevatorA: No active and waiting users, elevator is free now
2021.12.09 13:43:26.076 [INFO] com.dreamteam.model2.Floor: Queue at floor21, elevator4, queue size: 1
2021.12.09 13:43:26.077 [INFO] com.dreamteam.utils.UserFactory: New user: Passenger, ID: 21, Start floor: 21, Destination floor: 11, ElevatorA4
2021.12.09 13:43:26.110 [INFO] com.dreamteam.model2.Floor: Queue at floor25, elevator4, queue size: 1
2021.12.09 13:43:26.113 [INFO] com.dreamteam.utils.UserFactory: New user: Passenger, ID: 22, Start floor: 25, Destination floor: 17, ElevatorA4
2021.12.09 13:43:26.144 [INFO] com.dreamteam.model2.Elevator: No users left Elevator3
2021.12.09 13:43:26.144 [INFO] com.dreamteam.model2.ElevatorA: No active and waiting users, elevator is free now
2021.12.09 13:43:26.168 [INFO] com.dreamteam.model2.Floor: Queue at floor11, elevator4, queue size: 1
2021.12.09 13:43:26.168 [INFO] com.dreamteam.utils.UserFactory: New user: Passenger, ID: 23, Start floor: 11, Destination floor: 2, ElevatorA4
2021.12.09 13:43:26.229 [INFO] com.dreamteam.model2.Floor: Queue at floor16, elevator0, queue size: 1
2021.12.09 13:43:26.230 [INFO] com.dreamteam.utils.UserFactory: New user: Passenger, ID: 24, Start floor: 16, Destination floor: 19, ElevatorA0
2021.12.09 13:43:26.237 [INFO] com.dreamteam.model2.Elevator: No users left Elevator3
2021.12.09 13:43:26.237 [INFO] com.dreamteam.model2.ElevatorA: No active and waiting users, elevator is free now
2021.12.09 13:43:26.285 [INFO] com.dreamteam.model2.Floor: Queue at floor25, elevator2, queue size: 1
2021.12.09 13:43:26.285 [INFO] com.dreamteam.utils.UserFactory: New user: Passenger, ID: 25, Start floor: 25, Destination floor: 8, ElevatorA2
2021.12.09 13:43:26.332 [INFO] com.dreamteam.model2.Elevator: No users left Elevator3
2021.12.09 13:43:26.332 [INFO] com.dreamteam.model2.ElevatorA: No active and waiting users, elevator is free now
2021.12.09 13:43:26.349 [INFO] com.dreamteam.model2.Floor: Queue at floor8, elevator2, queue size: 1
2021.12.09 13:43:26.349 [INFO] com.dreamteam.utils.UserFactory: New user: Passenger, ID: 26, Start floor: 8, Destination floor: 23, ElevatorA2
2021.12.09 13:43:26.412 [INFO] com.dreamteam.model2.Floor: Queue at floor28, elevator4, queue size: 1
2021.12.09 13:43:26.413 [INFO] com.dreamteam.utils.UserFactory: New user: Passenger, ID: 27, Start floor: 28, Destination floor: 1, ElevatorA4
2021.12.09 13:43:26.427 [INFO] com.dreamteam.model2.Elevator: No users left Elevator3
2021.12.09 13:43:26.427 [INFO] com.dreamteam.model2.ElevatorA: No active and waiting users, elevator is free now
2021.12.09 13:43:26.459 [INFO] com.dreamteam.model2.Floor: Queue at floor8, elevator0, queue size: 1
2021.12.09 13:43:26.459 [INFO] com.dreamteam.utils.UserFactory: New user: Passenger, ID: 28, Start floor: 8, Destination floor: 25, ElevatorA0
2021.12.09 13:43:26.473 [INFO] com.dreamteam.model2.Elevator: Elevator0, current floor: 1
2021.12.09 13:43:26.473 [INFO] com.dreamteam.model2.Elevator: User Passenger28 added to Elevator0 waiting list, size: 1
2021.12.09 13:43:26.474 [INFO] com.dreamteam.model2.Elevator: User Passenger24 added to Elevator0 waiting list, size: 2
2021.12.09 13:43:26.474 [INFO] com.dreamteam.model2.Elevator: User Passenger19 added to Elevator0 waiting list, size: 3
2021.12.09 13:43:26.518 [INFO] com.dreamteam.model2.Elevator: No users left Elevator3
2021.12.09 13:43:26.518 [INFO] com.dreamteam.model2.ElevatorA: No active and waiting users, elevator is free now
2021.12.09 13:43:26.538 [INFO] com.dreamteam.model2.Floor: Queue at floor14, elevator4, queue size: 1
2021.12.09 13:43:26.540 [INFO] com.dreamteam.utils.UserFactory: New user: Passenger, ID: 29, Start floor: 14, Destination floor: 27, ElevatorA4
2021.12.09 13:43:26.565 [INFO] com.dreamteam.model2.Elevator: No users left Elevator0
2021.12.09 13:43:26.569 [INFO] com.dreamteam.model2.Elevator: User Passenger17 entered Elevator0, active users: 1
2021.12.09 13:43:26.585 [INFO] com.dreamteam.model2.ElevatorA: ElevatorA0 goes to floor 19, direction: UP
2021.12.09 13:43:26.622 [INFO] com.dreamteam.model2.Floor: Queue at floor25, elevator0, queue size: 1
2021.12.09 13:43:26.624 [INFO] com.dreamteam.utils.UserFactory: New user: Passenger, ID: 30, Start floor: 25, Destination floor: 6, ElevatorA0
2021.12.09 13:43:26.628 [INFO] com.dreamteam.model2.Elevator: No users left Elevator3
2021.12.09 13:43:26.629 [INFO] com.dreamteam.model2.ElevatorA: No active and waiting users, elevator is free now
2021.12.09 13:43:26.666 [INFO] com.dreamteam.model2.Floor: Queue at floor15, elevator2, queue size: 1
2021.12.09 13:43:26.667 [INFO] com.dreamteam.utils.UserFactory: New user: Passenger, ID: 31, Start floor: 15, Destination floor: 29, ElevatorA2
2021.12.09 13:43:26.710 [INFO] com.dreamteam.model2.Floor: Queue at floor13, elevator2, queue size: 1
2021.12.09 13:43:26.712 [INFO] com.dreamteam.utils.UserFactory: New user: Passenger, ID: 32, Start floor: 13, Destination floor: 12, ElevatorA2
2021.12.09 13:43:26.722 [INFO] com.dreamteam.model2.Elevator: No users left Elevator3
2021.12.09 13:43:26.722 [INFO] com.dreamteam.model2.ElevatorA: No active and waiting users, elevator is free now
2021.12.09 13:43:26.767 [INFO] com.dreamteam.model2.Floor: Queue at floor18, elevator4, queue size: 1
2021.12.09 13:43:26.769 [INFO] com.dreamteam.utils.UserFactory: New user: Passenger, ID: 33, Start floor: 18, Destination floor: 3, ElevatorA4
2021.12.09 13:43:26.814 [INFO] com.dreamteam.model2.Elevator: No users left Elevator3
2021.12.09 13:43:26.814 [INFO] com.dreamteam.model2.ElevatorA: No active and waiting users, elevator is free now
2021.12.09 13:43:26.831 [INFO] com.dreamteam.model2.Floor: Queue at floor3, elevator0, queue size: 1
2021.12.09 13:43:26.831 [INFO] com.dreamteam.utils.UserFactory: New user: Passenger, ID: 34, Start floor: 3, Destination floor: 20, ElevatorA0
2021.12.09 13:43:26.893 [INFO] com.dreamteam.model2.Floor: Queue at floor29, elevator2, queue size: 1
2021.12.09 13:43:26.893 [INFO] com.dreamteam.utils.UserFactory: New user: Passenger, ID: 35, Start floor: 29, Destination floor: 8, ElevatorA2
2021.12.09 13:43:26.908 [INFO] com.dreamteam.model2.Elevator: No users left Elevator3
2021.12.09 13:43:26.908 [INFO] com.dreamteam.model2.ElevatorA: No active and waiting users, elevator is free now
2021.12.09 13:43:26.939 [INFO] com.dreamteam.model2.Floor: Queue at floor29, elevator0, queue size: 1
2021.12.09 13:43:26.940 [INFO] com.dreamteam.utils.UserFactory: New user: Passenger, ID: 36, Start floor: 29, Destination floor: 26, ElevatorA0
2021.12.09 13:43:27.001 [INFO] com.dreamteam.model2.Elevator: No users left Elevator3
2021.12.09 13:43:27.001 [INFO] com.dreamteam.model2.ElevatorA: No active and waiting users, elevator is free now
2021.12.09 13:43:27.002 [INFO] com.dreamteam.model2.Floor: Queue at floor7, elevator2, queue size: 1
2021.12.09 13:43:27.003 [INFO] com.dreamteam.utils.UserFactory: New user: Passenger, ID: 37, Start floor: 7, Destination floor: 9, ElevatorA2
2021.12.09 13:43:27.031 [INFO] com.dreamteam.model2.Elevator: Elevator2, current floor: 3
2021.12.09 13:43:27.032 [INFO] com.dreamteam.model2.Elevator: User Passenger37 added to Elevator2 waiting list, size: 1
2021.12.09 13:43:27.032 [INFO] com.dreamteam.model2.Elevator: User Passenger35 added to Elevator2 waiting list, size: 2
2021.12.09 13:43:27.032 [INFO] com.dreamteam.model2.Elevator: User Passenger32 added to Elevator2 waiting list, size: 3
2021.12.09 13:43:27.033 [INFO] com.dreamteam.model2.Elevator: User Passenger31 added to Elevator2 waiting list, size: 4
2021.12.09 13:43:27.033 [INFO] com.dreamteam.model2.Elevator: User Passenger26 added to Elevator2 waiting list, size: 5
2021.12.09 13:43:27.033 [INFO] com.dreamteam.model2.Elevator: User Passenger25 added to Elevator2 waiting list, size: 6
2021.12.09 13:43:27.034 [INFO] com.dreamteam.model2.Elevator: User Passenger18 added to Elevator2 waiting list, size: 7
2021.12.09 13:43:27.034 [INFO] com.dreamteam.model2.Elevator: User Passenger10 added to Elevator2 waiting list, size: 8
2021.12.09 13:43:27.034 [INFO] com.dreamteam.model2.Elevator: User Passenger9 added to Elevator2 waiting list, size: 9
2021.12.09 13:43:27.064 [INFO] com.dreamteam.model2.Floor: Queue at floor5, elevator2, queue size: 1
2021.12.09 13:43:27.065 [INFO] com.dreamteam.utils.UserFactory: New user: Passenger, ID: 38, Start floor: 5, Destination floor: 29, ElevatorA2
2021.12.09 13:43:27.065 [INFO] com.dreamteam.model2.Elevator: User Passenger38 added to Elevator2 waiting list, size: 10
2021.12.09 13:43:27.092 [INFO] com.dreamteam.model2.Elevator: No users left Elevator3
2021.12.09 13:43:27.092 [INFO] com.dreamteam.model2.ElevatorA: No active and waiting users, elevator is free now
2021.12.09 13:43:27.123 [INFO] com.dreamteam.model2.Elevator: No users left Elevator2
2021.12.09 13:43:27.124 [INFO] com.dreamteam.model2.Elevator: User Passenger8 entered Elevator2, active users: 1
2021.12.09 13:43:27.124 [INFO] com.dreamteam.model2.Floor: Queue at floor21, elevator2, queue size: 1
2021.12.09 13:43:27.124 [INFO] com.dreamteam.model2.ElevatorA: ElevatorA2 goes to floor 13, direction: UP
2021.12.09 13:43:27.124 [INFO] com.dreamteam.utils.UserFactory: New user: Passenger, ID: 39, Start floor: 21, Destination floor: 16, ElevatorA2
2021.12.09 13:43:27.185 [INFO] com.dreamteam.model2.Elevator: No users left Elevator3
2021.12.09 13:43:27.185 [INFO] com.dreamteam.model2.ElevatorA: No active and waiting users, elevator is free now
2021.12.09 13:43:27.186 [INFO] com.dreamteam.model2.Floor: Queue at floor8, elevator1, queue size: 1
2021.12.09 13:43:27.186 [INFO] com.dreamteam.utils.UserFactory: New user: Passenger, ID: 40, Start floor: 8, Destination floor: 17, ElevatorA1
2021.12.09 13:43:27.248 [INFO] com.dreamteam.model2.Floor: Queue at floor17, elevator4, queue size: 1
2021.12.09 13:43:27.248 [INFO] com.dreamteam.utils.UserFactory: New user: Passenger, ID: 41, Start floor: 17, Destination floor: 4, ElevatorA4
2021.12.09 13:43:27.277 [INFO] com.dreamteam.model2.Elevator: No users left Elevator3
2021.12.09 13:43:27.277 [INFO] com.dreamteam.model2.ElevatorA: No active and waiting users, elevator is free now
2021.12.09 13:43:27.309 [INFO] com.dreamteam.model2.Floor: Queue at floor10, elevator2, queue size: 1
2021.12.09 13:43:27.309 [INFO] com.dreamteam.utils.UserFactory: New user: Passenger, ID: 42, Start floor: 10, Destination floor: 26, ElevatorA2
2021.12.09 13:43:27.371 [INFO] com.dreamteam.model2.Elevator: No users left Elevator3
2021.12.09 13:43:27.371 [INFO] com.dreamteam.model2.ElevatorA: No active and waiting users, elevator is free now
2021.12.09 13:43:27.372 [INFO] com.dreamteam.model2.Floor: Queue at floor18, elevator2, queue size: 1
2021.12.09 13:43:27.372 [INFO] com.dreamteam.utils.UserFactory: New user: Passenger, ID: 43, Start floor: 18, Destination floor: 21, ElevatorA2
2021.12.09 13:43:27.419 [INFO] com.dreamteam.model2.Floor: Queue at floor16, elevator1, queue size: 1
2021.12.09 13:43:27.420 [INFO] com.dreamteam.utils.UserFactory: New user: Passenger, ID: 44, Start floor: 16, Destination floor: 21, ElevatorA1
2021.12.09 13:43:27.465 [INFO] com.dreamteam.model2.Elevator: No users left Elevator3
2021.12.09 13:43:27.465 [INFO] com.dreamteam.model2.ElevatorA: No active and waiting users, elevator is free now
2021.12.09 13:43:27.481 [INFO] com.dreamteam.model2.Floor: Queue at floor0, elevator4, queue size: 1
2021.12.09 13:43:27.481 [INFO] com.dreamteam.utils.UserFactory: New user: Passenger, ID: 45, Start floor: 0, Destination floor: 26, ElevatorA4
2021.12.09 13:43:27.544 [INFO] com.dreamteam.model2.Floor: Queue at floor10, elevator0, queue size: 1
2021.12.09 13:43:27.545 [INFO] com.dreamteam.utils.UserFactory: New user: Passenger, ID: 46, Start floor: 10, Destination floor: 5, ElevatorA0
2021.12.09 13:43:27.559 [INFO] com.dreamteam.model2.Elevator: No users left Elevator3
2021.12.09 13:43:27.560 [INFO] com.dreamteam.model2.ElevatorA: No active and waiting users, elevator is free now
2021.12.09 13:43:27.606 [INFO] com.dreamteam.model2.Floor: Queue at floor2, elevator4, queue size: 1
2021.12.09 13:43:27.607 [INFO] com.dreamteam.utils.UserFactory: New user: Passenger, ID: 47, Start floor: 2, Destination floor: 22, ElevatorA4
2021.12.09 13:43:27.651 [INFO] com.dreamteam.model2.Elevator: No users left Elevator3
2021.12.09 13:43:27.651 [INFO] com.dreamteam.model2.ElevatorA: No active and waiting users, elevator is free now
2021.12.09 13:43:27.667 [INFO] com.dreamteam.model2.Floor: Queue at floor21, elevator0, queue size: 1
2021.12.09 13:43:27.668 [INFO] com.dreamteam.utils.UserFactory: New user: Passenger, ID: 48, Start floor: 21, Destination floor: 16, ElevatorA0
2021.12.09 13:43:27.730 [INFO] com.dreamteam.model2.Floor: Queue at floor13, elevator0, queue size: 1
2021.12.09 13:43:27.731 [INFO] com.dreamteam.utils.UserFactory: New user: Passenger, ID: 49, Start floor: 13, Destination floor: 26, ElevatorA0
2021.12.09 13:43:27.745 [INFO] com.dreamteam.model2.Elevator: No users left Elevator3
2021.12.09 13:43:27.746 [INFO] com.dreamteam.model2.ElevatorA: No active and waiting users, elevator is free now
2021.12.09 13:43:27.794 [INFO] com.dreamteam.model2.Floor: Queue at floor23, elevator4, queue size: 1
2021.12.09 13:43:27.795 [INFO] com.dreamteam.utils.UserFactory: New user: Passenger, ID: 50, Start floor: 23, Destination floor: 10, ElevatorA4
2021.12.09 13:43:27.837 [INFO] com.dreamteam.model2.Elevator: No users left Elevator3
2021.12.09 13:43:27.837 [INFO] com.dreamteam.model2.ElevatorA: No active and waiting users, elevator is free now
2021.12.09 13:43:27.856 [INFO] com.dreamteam.model2.Floor: Queue at floor17, elevator2, queue size: 1
2021.12.09 13:43:27.857 [INFO] com.dreamteam.utils.UserFactory: New user: Passenger, ID: 51, Start floor: 17, Destination floor: 2, ElevatorA2
2021.12.09 13:43:27.903 [INFO] com.dreamteam.model2.Floor: Queue at floor4, elevator4, queue size: 1
2021.12.09 13:43:27.908 [INFO] com.dreamteam.utils.UserFactory: New user: Passenger, ID: 52, Start floor: 4, Destination floor: 10, ElevatorA4
2021.12.09 13:43:27.928 [INFO] com.dreamteam.model2.Elevator: No users left Elevator3
2021.12.09 13:43:27.930 [INFO] com.dreamteam.model2.ElevatorA: No active and waiting users, elevator is free now
2021.12.09 13:43:27.960 [INFO] com.dreamteam.model2.Floor: Queue at floor28, elevator2, queue size: 1
2021.12.09 13:43:27.960 [INFO] com.dreamteam.utils.UserFactory: New user: Passenger, ID: 53, Start floor: 28, Destination floor: 20, ElevatorA2
2021.12.09 13:43:28.023 [INFO] com.dreamteam.model2.Elevator: No users left Elevator3
2021.12.09 13:43:28.023 [INFO] com.dreamteam.model2.ElevatorA: No active and waiting users, elevator is free now
2021.12.09 13:43:28.026 [INFO] com.dreamteam.model2.Floor: Queue at floor25, elevator1, queue size: 1
2021.12.09 13:43:28.027 [INFO] com.dreamteam.utils.UserFactory: New user: Passenger, ID: 54, Start floor: 25, Destination floor: 20, ElevatorA1
2021.12.09 13:43:28.087 [INFO] com.dreamteam.model2.Floor: Queue at floor22, elevator4, queue size: 1
2021.12.09 13:43:28.087 [INFO] com.dreamteam.utils.UserFactory: New user: Passenger, ID: 55, Start floor: 22, Destination floor: 3, ElevatorA4
2021.12.09 13:43:28.117 [INFO] com.dreamteam.model2.Elevator: No users left Elevator3
2021.12.09 13:43:28.117 [INFO] com.dreamteam.model2.ElevatorA: No active and waiting users, elevator is free now
2021.12.09 13:43:28.149 [INFO] com.dreamteam.model2.Floor: Queue at floor28, elevator0, queue size: 1
2021.12.09 13:43:28.152 [INFO] com.dreamteam.utils.UserFactory: New user: Passenger, ID: 56, Start floor: 28, Destination floor: 5, ElevatorA0
2021.12.09 13:43:28.209 [INFO] com.dreamteam.model2.Elevator: No users left Elevator3
2021.12.09 13:43:28.209 [INFO] com.dreamteam.model2.ElevatorA: No active and waiting users, elevator is free now
2021.12.09 13:43:28.210 [INFO] com.dreamteam.model2.Floor: Queue at floor19, elevator2, queue size: 1
2021.12.09 13:43:28.211 [INFO] com.dreamteam.utils.UserFactory: New user: Passenger, ID: 57, Start floor: 19, Destination floor: 26, ElevatorA2
2021.12.09 13:43:28.258 [INFO] com.dreamteam.model2.Floor: Queue at floor1, elevator0, queue size: 1
2021.12.09 13:43:28.259 [INFO] com.dreamteam.utils.UserFactory: New user: Passenger, ID: 58, Start floor: 1, Destination floor: 2, ElevatorA0
2021.12.09 13:43:28.303 [INFO] com.dreamteam.model2.Elevator: No users left Elevator3
2021.12.09 13:43:28.303 [INFO] com.dreamteam.model2.ElevatorA: No active and waiting users, elevator is free now
2021.12.09 13:43:28.319 [INFO] com.dreamteam.model2.Floor: Queue at floor18, elevator0, queue size: 1
2021.12.09 13:43:28.320 [INFO] com.dreamteam.utils.UserFactory: New user: Passenger, ID: 59, Start floor: 18, Destination floor: 20, ElevatorA0
2021.12.09 13:43:28.382 [INFO] com.dreamteam.model2.Floor: Queue at floor6, elevator4, queue size: 1
2021.12.09 13:43:28.383 [INFO] com.dreamteam.utils.UserFactory: New user: Passenger, ID: 60, Start floor: 6, Destination floor: 12, ElevatorA4
2021.12.09 13:43:28.397 [INFO] com.dreamteam.model2.Elevator: No users left Elevator3
2021.12.09 13:43:28.397 [INFO] com.dreamteam.model2.ElevatorA: No active and waiting users, elevator is free now
2021.12.09 13:43:28.446 [INFO] com.dreamteam.model2.Floor: Queue at floor18, elevator1, queue size: 1
2021.12.09 13:43:28.447 [INFO] com.dreamteam.utils.UserFactory: New user: Passenger, ID: 61, Start floor: 18, Destination floor: 6, ElevatorA1
2021.12.09 13:43:28.492 [INFO] com.dreamteam.model2.Elevator: No users left Elevator3
2021.12.09 13:43:28.492 [INFO] com.dreamteam.model2.ElevatorA: No active and waiting users, elevator is free now
2021.12.09 13:43:28.509 [INFO] com.dreamteam.model2.Floor: Queue at floor4, elevator2, queue size: 1
2021.12.09 13:43:28.510 [INFO] com.dreamteam.utils.UserFactory: New user: Passenger, ID: 62, Start floor: 4, Destination floor: 12, ElevatorA2
2021.12.09 13:43:28.581 [INFO] com.dreamteam.model2.Floor: Queue at floor15, elevator0, queue size: 1
2021.12.09 13:43:28.583 [INFO] com.dreamteam.utils.UserFactory: New user: Passenger, ID: 63, Start floor: 15, Destination floor: 16, ElevatorA0
2021.12.09 13:43:28.585 [INFO] com.dreamteam.model2.Elevator: No users left Elevator3
2021.12.09 13:43:28.586 [INFO] com.dreamteam.model2.ElevatorA: No active and waiting users, elevator is free now
2021.12.09 13:43:28.677 [INFO] com.dreamteam.model2.Elevator: No users left Elevator3
2021.12.09 13:43:28.677 [INFO] com.dreamteam.model2.ElevatorA: No active and waiting users, elevator is free now
2021.12.09 13:43:28.697 [INFO] com.dreamteam.model2.Floor: Queue at floor3, elevator2, queue size: 1
2021.12.09 13:43:28.698 [INFO] com.dreamteam.utils.UserFactory: New user: Passenger, ID: 64, Start floor: 3, Destination floor: 25, ElevatorA2
2021.12.09 13:43:28.699 [INFO] com.dreamteam.model2.Floor: Queue at floor20, elevator4, queue size: 1
2021.12.09 13:43:28.700 [INFO] com.dreamteam.utils.UserFactory: New user: Passenger, ID: 65, Start floor: 20, Destination floor: 5, ElevatorA4
2021.12.09 13:43:28.739 [INFO] com.dreamteam.model2.Floor: Queue at floor15, elevator1, queue size: 1
2021.12.09 13:43:28.739 [INFO] com.dreamteam.utils.UserFactory: New user: Passenger, ID: 66, Start floor: 15, Destination floor: 29, ElevatorA1
2021.12.09 13:43:28.769 [INFO] com.dreamteam.model2.Elevator: No users left Elevator3
2021.12.09 13:43:28.769 [INFO] com.dreamteam.model2.ElevatorA: No active and waiting users, elevator is free now
2021.12.09 13:43:28.800 [INFO] com.dreamteam.model2.Floor: Queue at floor16, elevator3, queue size: 1
2021.12.09 13:43:28.801 [INFO] com.dreamteam.utils.UserFactory: New user: Passenger, ID: 67, Start floor: 16, Destination floor: 26, ElevatorA3
2021.12.09 13:43:28.801 [INFO] com.dreamteam.model2.Elevator: Elevator3 goes to user Passenger67
2021.12.09 13:43:28.862 [INFO] com.dreamteam.model2.Elevator: No users left Elevator3
2021.12.09 13:43:28.862 [INFO] com.dreamteam.model2.ElevatorA: ElevatorA3 goes to floor 16, direction: UP
2021.12.09 13:43:28.863 [INFO] com.dreamteam.model2.Floor: Queue at floor25, elevator3, queue size: 1
2021.12.09 13:43:28.863 [INFO] com.dreamteam.utils.UserFactory: New user: Passenger, ID: 68, Start floor: 25, Destination floor: 9, ElevatorA3
2021.12.09 13:43:28.925 [INFO] com.dreamteam.model2.Floor: Queue at floor28, elevator1, queue size: 1
2021.12.09 13:43:28.925 [INFO] com.dreamteam.utils.UserFactory: New user: Passenger, ID: 69, Start floor: 28, Destination floor: 23, ElevatorA1
2021.12.09 13:43:28.986 [INFO] com.dreamteam.model2.Floor: Queue at floor28, elevator3, queue size: 1
2021.12.09 13:43:28.986 [INFO] com.dreamteam.utils.UserFactory: New user: Passenger, ID: 70, Start floor: 28, Destination floor: 5, ElevatorA3
2021.12.09 13:43:29.049 [INFO] com.dreamteam.model2.Floor: Queue at floor14, elevator2, queue size: 1
2021.12.09 13:43:29.050 [INFO] com.dreamteam.utils.UserFactory: New user: Passenger, ID: 71, Start floor: 14, Destination floor: 27, ElevatorA2
2021.12.09 13:43:29.112 [INFO] com.dreamteam.model2.Floor: Queue at floor28, elevator4, queue size: 2
2021.12.09 13:43:29.112 [INFO] com.dreamteam.utils.UserFactory: New user: Passenger, ID: 72, Start floor: 28, Destination floor: 22, ElevatorA4
2021.12.09 13:43:29.160 [INFO] com.dreamteam.model2.Floor: Queue at floor23, elevator2, queue size: 1
2021.12.09 13:43:29.161 [INFO] com.dreamteam.utils.UserFactory: New user: Passenger, ID: 73, Start floor: 23, Destination floor: 4, ElevatorA2
2021.12.09 13:43:29.220 [INFO] com.dreamteam.model2.Floor: Queue at floor2, elevator2, queue size: 1
2021.12.09 13:43:29.220 [INFO] com.dreamteam.utils.UserFactory: New user: Passenger, ID: 74, Start floor: 2, Destination floor: 22, ElevatorA2
2021.12.09 13:43:29.282 [INFO] com.dreamteam.model2.Floor: Queue at floor16, elevator4, queue size: 2
2021.12.09 13:43:29.282 [INFO] com.dreamteam.utils.UserFactory: New user: Passenger, ID: 75, Start floor: 16, Destination floor: 1, ElevatorA4
2021.12.09 13:43:29.344 [INFO] com.dreamteam.model2.Floor: Queue at floor13, elevator1, queue size: 1
2021.12.09 13:43:29.344 [INFO] com.dreamteam.utils.UserFactory: New user: Passenger, ID: 76, Start floor: 13, Destination floor: 5, ElevatorA1
2021.12.09 13:43:29.411 [INFO] com.dreamteam.model2.Floor: Queue at floor29, elevator1, queue size: 1
2021.12.09 13:43:29.413 [INFO] com.dreamteam.utils.UserFactory: New user: Passenger, ID: 77, Start floor: 29, Destination floor: 6, ElevatorA1
2021.12.09 13:43:29.475 [INFO] com.dreamteam.model2.Floor: Queue at floor5, elevator0, queue size: 1
2021.12.09 13:43:29.476 [INFO] com.dreamteam.utils.UserFactory: New user: Passenger, ID: 78, Start floor: 5, Destination floor: 19, ElevatorA0
2021.12.09 13:43:29.518 [INFO] com.dreamteam.model2.Floor: Queue at floor20, elevator2, queue size: 1
2021.12.09 13:43:29.519 [INFO] com.dreamteam.utils.UserFactory: New user: Passenger, ID: 79, Start floor: 20, Destination floor: 18, ElevatorA2
2021.12.09 13:43:29.565 [INFO] com.dreamteam.model2.Elevator: Elevator4, current floor: 9
2021.12.09 13:43:29.565 [INFO] com.dreamteam.model2.Elevator: User Passenger75 added to Elevator4 waiting list, size: 2
2021.12.09 13:43:29.566 [INFO] com.dreamteam.model2.Elevator: User Passenger72 added to Elevator4 waiting list, size: 3
2021.12.09 13:43:29.566 [INFO] com.dreamteam.model2.Elevator: User Passenger65 added to Elevator4 waiting list, size: 4
2021.12.09 13:43:29.566 [INFO] com.dreamteam.model2.Elevator: User Passenger60 added to Elevator4 waiting list, size: 5
2021.12.09 13:43:29.567 [INFO] com.dreamteam.model2.Elevator: User Passenger55 added to Elevator4 waiting list, size: 6
2021.12.09 13:43:29.567 [INFO] com.dreamteam.model2.Elevator: User Passenger52 added to Elevator4 waiting list, size: 7
2021.12.09 13:43:29.567 [INFO] com.dreamteam.model2.Elevator: User Passenger50 added to Elevator4 waiting list, size: 8
2021.12.09 13:43:29.567 [INFO] com.dreamteam.model2.Elevator: User Passenger47 added to Elevator4 waiting list, size: 9
2021.12.09 13:43:29.567 [INFO] com.dreamteam.model2.Elevator: User Passenger45 added to Elevator4 waiting list, size: 10
2021.12.09 13:43:29.567 [INFO] com.dreamteam.model2.Elevator: User Passenger41 added to Elevator4 waiting list, size: 11
2021.12.09 13:43:29.567 [INFO] com.dreamteam.model2.Elevator: User Passenger33 added to Elevator4 waiting list, size: 12
2021.12.09 13:43:29.568 [INFO] com.dreamteam.model2.Elevator: User Passenger29 added to Elevator4 waiting list, size: 13
2021.12.09 13:43:29.568 [INFO] com.dreamteam.model2.Elevator: User Passenger27 added to Elevator4 waiting list, size: 14
2021.12.09 13:43:29.568 [INFO] com.dreamteam.model2.Elevator: User Passenger23 added to Elevator4 waiting list, size: 15
2021.12.09 13:43:29.568 [INFO] com.dreamteam.model2.Elevator: User Passenger22 added to Elevator4 waiting list, size: 16
2021.12.09 13:43:29.568 [INFO] com.dreamteam.model2.Elevator: User Passenger21 added to Elevator4 waiting list, size: 17
2021.12.09 13:43:29.568 [INFO] com.dreamteam.model2.Elevator: User Passenger16 added to Elevator4 waiting list, size: 18
2021.12.09 13:43:29.569 [INFO] com.dreamteam.model2.Elevator: User Passenger15 added to Elevator4 waiting list, size: 19
2021.12.09 13:43:29.569 [INFO] com.dreamteam.model2.Elevator: User Passenger14 added to Elevator4 waiting list, size: 20
2021.12.09 13:43:29.569 [INFO] com.dreamteam.model2.Elevator: User Passenger13 added to Elevator4 waiting list, size: 21
2021.12.09 13:43:29.569 [INFO] com.dreamteam.model2.Elevator: User Passenger12 added to Elevator4 waiting list, size: 22
2021.12.09 13:43:29.569 [INFO] com.dreamteam.model2.Elevator: User Passenger11 added to Elevator4 waiting list, size: 23
2021.12.09 13:43:29.569 [INFO] com.dreamteam.model2.Elevator: User Passenger7 added to Elevator4 waiting list, size: 24
2021.12.09 13:43:29.569 [INFO] com.dreamteam.model2.Elevator: User Passenger6 added to Elevator4 waiting list, size: 25
2021.12.09 13:43:29.569 [INFO] com.dreamteam.model2.Elevator: User Passenger5 added to Elevator4 waiting list, size: 26
2021.12.09 13:43:29.570 [INFO] com.dreamteam.model2.Elevator: User Passenger4 added to Elevator4 waiting list, size: 27
2021.12.09 13:43:29.570 [INFO] com.dreamteam.model2.Elevator: User Passenger3 added to Elevator4 waiting list, size: 28
2021.12.09 13:43:29.570 [INFO] com.dreamteam.model2.Elevator: User Passenger2 added to Elevator4 waiting list, size: 29
2021.12.09 13:43:29.582 [INFO] com.dreamteam.model2.Floor: Queue at floor29, elevator3, queue size: 1
2021.12.09 13:43:29.582 [INFO] com.dreamteam.utils.UserFactory: New user: Passenger, ID: 80, Start floor: 29, Destination floor: 2, ElevatorA3
2021.12.09 13:43:29.643 [INFO] com.dreamteam.model2.Floor: Queue at floor26, elevator4, queue size: 1
2021.12.09 13:43:29.643 [INFO] com.dreamteam.utils.UserFactory: New user: Passenger, ID: 81, Start floor: 26, Destination floor: 19, ElevatorA4
2021.12.09 13:43:29.643 [INFO] com.dreamteam.model2.Elevator: User Passenger81 added to Elevator4 waiting list, size: 30
2021.12.09 13:43:29.657 [INFO] com.dreamteam.model2.Elevator: No users left Elevator4
2021.12.09 13:43:29.657 [INFO] com.dreamteam.model2.Elevator: User Passenger0 entered Elevator4, active users: 1
2021.12.09 13:43:29.658 [INFO] com.dreamteam.model2.ElevatorA: ElevatorA4 goes to floor 15, direction: UP
2021.12.09 13:43:29.703 [INFO] com.dreamteam.model2.Floor: Queue at floor21, elevator1, queue size: 1
2021.12.09 13:43:29.703 [INFO] com.dreamteam.utils.UserFactory: New user: Passenger, ID: 82, Start floor: 21, Destination floor: 5, ElevatorA1
2021.12.09 13:43:29.765 [INFO] com.dreamteam.model2.Floor: Queue at floor16, elevator2, queue size: 2
2021.12.09 13:43:29.766 [INFO] com.dreamteam.utils.UserFactory: New user: Passenger, ID: 83, Start floor: 16, Destination floor: 5, ElevatorA2
2021.12.09 13:43:29.835 [INFO] com.dreamteam.model2.Floor: Queue at floor8, elevator3, queue size: 1
2021.12.09 13:43:29.836 [INFO] com.dreamteam.utils.UserFactory: New user: Passenger, ID: 84, Start floor: 8, Destination floor: 22, ElevatorA3
2021.12.09 13:43:29.896 [INFO] com.dreamteam.model2.Floor: Queue at floor18, elevator3, queue size: 1
2021.12.09 13:43:29.897 [INFO] com.dreamteam.utils.UserFactory: New user: Passenger, ID: 85, Start floor: 18, Destination floor: 13, ElevatorA3
2021.12.09 13:43:29.949 [INFO] com.dreamteam.model2.Floor: Queue at floor19, elevator0, queue size: 1
2021.12.09 13:43:29.949 [INFO] com.dreamteam.utils.UserFactory: New user: Passenger, ID: 86, Start floor: 19, Destination floor: 4, ElevatorA0
2021.12.09 13:43:30.013 [INFO] com.dreamteam.model2.Floor: Queue at floor2, elevator0, queue size: 1
2021.12.09 13:43:30.013 [INFO] com.dreamteam.utils.UserFactory: New user: Passenger, ID: 87, Start floor: 2, Destination floor: 16, ElevatorA0
2021.12.09 13:43:30.059 [INFO] com.dreamteam.model2.Floor: Queue at floor27, elevator3, queue size: 1
2021.12.09 13:43:30.060 [INFO] com.dreamteam.utils.UserFactory: New user: Passenger, ID: 88, Start floor: 27, Destination floor: 23, ElevatorA3
2021.12.09 13:43:30.120 [INFO] com.dreamteam.model2.Floor: Queue at floor1, elevator1, queue size: 1
2021.12.09 13:43:30.120 [INFO] com.dreamteam.utils.UserFactory: New user: Passenger, ID: 89, Start floor: 1, Destination floor: 5, ElevatorA1
2021.12.09 13:43:30.183 [INFO] com.dreamteam.model2.Floor: Queue at floor5, elevator1, queue size: 1
2021.12.09 13:43:30.184 [INFO] com.dreamteam.utils.UserFactory: New user: Passenger, ID: 90, Start floor: 5, Destination floor: 10, ElevatorA1
2021.12.09 13:43:30.249 [INFO] com.dreamteam.model2.Floor: Queue at floor13, elevator3, queue size: 1
2021.12.09 13:43:30.251 [INFO] com.dreamteam.utils.UserFactory: New user: Passenger, ID: 91, Start floor: 13, Destination floor: 23, ElevatorA3
2021.12.09 13:43:30.308 [INFO] com.dreamteam.model2.Floor: Queue at floor7, elevator0, queue size: 1
2021.12.09 13:43:30.309 [INFO] com.dreamteam.utils.UserFactory: New user: Passenger, ID: 92, Start floor: 7, Destination floor: 13, ElevatorA0
2021.12.09 13:43:30.369 [INFO] com.dreamteam.model2.Floor: Queue at floor18, elevator4, queue size: 2
2021.12.09 13:43:30.370 [INFO] com.dreamteam.utils.UserFactory: New user: Passenger, ID: 93, Start floor: 18, Destination floor: 14, ElevatorA4
2021.12.09 13:43:30.429 [INFO] com.dreamteam.model2.Floor: Queue at floor6, elevator2, queue size: 1
2021.12.09 13:43:30.430 [INFO] com.dreamteam.utils.UserFactory: New user: Passenger, ID: 94, Start floor: 6, Destination floor: 4, ElevatorA2
2021.12.09 13:43:30.489 [INFO] com.dreamteam.model2.Floor: Queue at floor24, elevator4, queue size: 1
2021.12.09 13:43:30.490 [INFO] com.dreamteam.utils.UserFactory: New user: Passenger, ID: 95, Start floor: 24, Destination floor: 16, ElevatorA4
2021.12.09 13:43:30.552 [INFO] com.dreamteam.model2.Floor: Queue at floor14, elevator0, queue size: 1
2021.12.09 13:43:30.552 [INFO] com.dreamteam.utils.UserFactory: New user: Passenger, ID: 96, Start floor: 14, Destination floor: 19, ElevatorA0
2021.12.09 13:43:30.598 [INFO] com.dreamteam.model2.Floor: Queue at floor3, elevator1, queue size: 1
2021.12.09 13:43:30.598 [INFO] com.dreamteam.utils.UserFactory: New user: Passenger, ID: 97, Start floor: 3, Destination floor: 15, ElevatorA1
2021.12.09 13:43:30.662 [INFO] com.dreamteam.model2.Floor: Queue at floor23, elevator0, queue size: 1
2021.12.09 13:43:30.663 [INFO] com.dreamteam.utils.UserFactory: New user: Passenger, ID: 98, Start floor: 23, Destination floor: 25, ElevatorA0
2021.12.09 13:43:30.723 [INFO] com.dreamteam.model2.Floor: Queue at floor24, elevator2, queue size: 1
2021.12.09 13:43:30.723 [INFO] com.dreamteam.utils.UserFactory: New user: Passenger, ID: 99, Start floor: 24, Destination floor: 7, ElevatorA2
2021.12.09 13:43:30.790 [INFO] com.dreamteam.model2.Floor: Queue at floor17, elevator0, queue size: 1
2021.12.09 13:43:30.790 [INFO] com.dreamteam.utils.UserFactory: New user: Passenger, ID: 100, Start floor: 17, Destination floor: 21, ElevatorA0
2021.12.09 13:43:30.860 [INFO] com.dreamteam.model2.Floor: Queue at floor5, elevator3, queue size: 1
2021.12.09 13:43:30.861 [INFO] com.dreamteam.utils.UserFactory: New user: Passenger, ID: 101, Start floor: 5, Destination floor: 6, ElevatorA3
2021.12.09 13:43:30.915 [INFO] com.dreamteam.model2.Floor: Queue at floor24, elevator0, queue size: 1
2021.12.09 13:43:30.915 [INFO] com.dreamteam.utils.UserFactory: New user: Passenger, ID: 102, Start floor: 24, Destination floor: 14, ElevatorA0
2021.12.09 13:43:30.972 [INFO] com.dreamteam.model2.Floor: Queue at floor27, elevator4, queue size: 2
2021.12.09 13:43:30.973 [INFO] com.dreamteam.utils.UserFactory: New user: Passenger, ID: 103, Start floor: 27, Destination floor: 29, ElevatorA4
2021.12.09 13:43:31.020 [INFO] com.dreamteam.model2.Floor: Queue at floor17, elevator1, queue size: 1
2021.12.09 13:43:31.021 [INFO] com.dreamteam.utils.UserFactory: New user: Passenger, ID: 104, Start floor: 17, Destination floor: 1, ElevatorA1
2021.12.09 13:43:31.083 [INFO] com.dreamteam.model2.Floor: Queue at floor2, elevator1, queue size: 1
2021.12.09 13:43:31.083 [INFO] com.dreamteam.utils.UserFactory: New user: Passenger, ID: 105, Start floor: 2, Destination floor: 20, ElevatorA1
2021.12.09 13:43:31.146 [INFO] com.dreamteam.model2.Floor: Queue at floor5, elevator4, queue size: 2
2021.12.09 13:43:31.147 [INFO] com.dreamteam.utils.UserFactory: New user: Passenger, ID: 106, Start floor: 5, Destination floor: 27, ElevatorA4
2021.12.09 13:43:31.212 [INFO] com.dreamteam.model2.Floor: Queue at floor16, elevator0, queue size: 2
2021.12.09 13:43:31.214 [INFO] com.dreamteam.utils.UserFactory: New user: Passenger, ID: 107, Start floor: 16, Destination floor: 11, ElevatorA0
2021.12.09 13:43:31.286 [INFO] com.dreamteam.model2.Floor: Queue at floor1, elevator3, queue size: 1
2021.12.09 13:43:31.287 [INFO] com.dreamteam.utils.UserFactory: New user: Passenger, ID: 108, Start floor: 1, Destination floor: 25, ElevatorA3
2021.12.09 13:43:31.336 [INFO] com.dreamteam.model2.Floor: Queue at floor6, elevator0, queue size: 1
2021.12.09 13:43:31.337 [INFO] com.dreamteam.utils.UserFactory: New user: Passenger, ID: 109, Start floor: 6, Destination floor: 1, ElevatorA0
2021.12.09 13:43:31.392 [INFO] com.dreamteam.model2.Floor: Queue at floor12, elevator2, queue size: 1
2021.12.09 13:43:31.393 [INFO] com.dreamteam.utils.UserFactory: New user: Passenger, ID: 110, Start floor: 12, Destination floor: 21, ElevatorA2
2021.12.09 13:43:31.441 [INFO] com.dreamteam.model2.Floor: Queue at floor26, elevator2, queue size: 1
2021.12.09 13:43:31.442 [INFO] com.dreamteam.utils.UserFactory: New user: Passenger, ID: 111, Start floor: 26, Destination floor: 21, ElevatorA2
2021.12.09 13:43:31.504 [INFO] com.dreamteam.model2.Floor: Queue at floor21, elevator3, queue size: 1
2021.12.09 13:43:31.505 [INFO] com.dreamteam.utils.UserFactory: New user: Passenger, ID: 112, Start floor: 21, Destination floor: 9, ElevatorA3
2021.12.09 13:43:31.565 [INFO] com.dreamteam.model2.Floor: Queue at floor28, elevator2, queue size: 2
2021.12.09 13:43:31.566 [INFO] com.dreamteam.utils.UserFactory: New user: Passenger, ID: 113, Start floor: 28, Destination floor: 15, ElevatorA2
2021.12.09 13:43:31.628 [INFO] com.dreamteam.model2.Floor: Queue at floor10, elevator1, queue size: 1
2021.12.09 13:43:31.628 [INFO] com.dreamteam.utils.UserFactory: New user: Passenger, ID: 114, Start floor: 10, Destination floor: 15, ElevatorA1
2021.12.09 13:43:31.694 [INFO] com.dreamteam.model2.Floor: Queue at floor2, elevator3, queue size: 1
2021.12.09 13:43:31.695 [INFO] com.dreamteam.utils.UserFactory: New user: Passenger, ID: 115, Start floor: 2, Destination floor: 3, ElevatorA3
2021.12.09 13:43:31.752 [INFO] com.dreamteam.model2.Floor: Queue at floor5, elevator2, queue size: 2
2021.12.09 13:43:31.753 [INFO] com.dreamteam.utils.UserFactory: New user: Passenger, ID: 116, Start floor: 5, Destination floor: 26, ElevatorA2
2021.12.09 13:43:31.798 [INFO] com.dreamteam.model2.Floor: Queue at floor0, elevator2, queue size: 1
2021.12.09 13:43:31.799 [INFO] com.dreamteam.utils.UserFactory: New user: Passenger, ID: 117, Start floor: 0, Destination floor: 1, ElevatorA2
2021.12.09 13:43:31.859 [INFO] com.dreamteam.model2.Floor: Queue at floor17, elevator3, queue size: 1
2021.12.09 13:43:31.859 [INFO] com.dreamteam.utils.UserFactory: New user: Passenger, ID: 118, Start floor: 17, Destination floor: 19, ElevatorA3
2021.12.09 13:43:31.920 [INFO] com.dreamteam.model2.Floor: Queue at floor21, elevator4, queue size: 2
2021.12.09 13:43:31.921 [INFO] com.dreamteam.utils.UserFactory: New user: Passenger, ID: 119, Start floor: 21, Destination floor: 22, ElevatorA4
2021.12.09 13:43:31.982 [INFO] com.dreamteam.model2.Floor: Queue at floor25, elevator4, queue size: 2
2021.12.09 13:43:31.983 [INFO] com.dreamteam.utils.UserFactory: New user: Passenger, ID: 120, Start floor: 25, Destination floor: 16, ElevatorA4
2021.12.09 13:43:32.043 [INFO] com.dreamteam.model2.Floor: Queue at floor1, elevator4, queue size: 2
2021.12.09 13:43:32.044 [INFO] com.dreamteam.utils.UserFactory: New user: Passenger, ID: 121, Start floor: 1, Destination floor: 16, ElevatorA4
2021.12.09 13:43:32.108 [INFO] com.dreamteam.model2.Floor: Queue at floor19, elevator1, queue size: 1
2021.12.09 13:43:32.109 [INFO] com.dreamteam.utils.UserFactory: New user: Passenger, ID: 122, Start floor: 19, Destination floor: 27, ElevatorA1
2021.12.09 13:43:32.170 [INFO] com.dreamteam.model2.Floor: Queue at floor26, elevator0, queue size: 1
2021.12.09 13:43:32.170 [INFO] com.dreamteam.utils.UserFactory: New user: Passenger, ID: 123, Start floor: 26, Destination floor: 5, ElevatorA0
2021.12.09 13:43:32.231 [INFO] com.dreamteam.model2.Elevator: Elevator2, current floor: 13
2021.12.09 13:43:32.232 [INFO] com.dreamteam.model2.Elevator: User Passenger117 added to Elevator2 waiting list, size: 11
2021.12.09 13:43:32.232 [INFO] com.dreamteam.model2.Elevator: User Passenger116 added to Elevator2 waiting list, size: 12
2021.12.09 13:43:32.233 [INFO] com.dreamteam.model2.Elevator: User Passenger113 added to Elevator2 waiting list, size: 13
2021.12.09 13:43:32.233 [INFO] com.dreamteam.model2.Elevator: User Passenger111 added to Elevator2 waiting list, size: 14
2021.12.09 13:43:32.233 [INFO] com.dreamteam.model2.Floor: Queue at floor29, elevator4, queue size: 2
2021.12.09 13:43:32.234 [INFO] com.dreamteam.model2.Elevator: User Passenger110 added to Elevator2 waiting list, size: 15
2021.12.09 13:43:32.234 [INFO] com.dreamteam.model2.Elevator: User Passenger99 added to Elevator2 waiting list, size: 16
2021.12.09 13:43:32.234 [INFO] com.dreamteam.model2.Elevator: User Passenger94 added to Elevator2 waiting list, size: 17
2021.12.09 13:43:32.234 [INFO] com.dreamteam.utils.UserFactory: New user: Passenger, ID: 124, Start floor: 29, Destination floor: 10, ElevatorA4
2021.12.09 13:43:32.234 [INFO] com.dreamteam.model2.Elevator: User Passenger83 added to Elevator2 waiting list, size: 18
2021.12.09 13:43:32.234 [INFO] com.dreamteam.model2.Elevator: User Passenger79 added to Elevator2 waiting list, size: 19
2021.12.09 13:43:32.234 [INFO] com.dreamteam.model2.Elevator: User Passenger74 added to Elevator2 waiting list, size: 20
2021.12.09 13:43:32.235 [INFO] com.dreamteam.model2.Elevator: User Passenger73 added to Elevator2 waiting list, size: 21
2021.12.09 13:43:32.235 [INFO] com.dreamteam.model2.Elevator: User Passenger71 added to Elevator2 waiting list, size: 22
2021.12.09 13:43:32.235 [INFO] com.dreamteam.model2.Elevator: User Passenger64 added to Elevator2 waiting list, size: 23
2021.12.09 13:43:32.236 [INFO] com.dreamteam.model2.Elevator: User Passenger62 added to Elevator2 waiting list, size: 24
2021.12.09 13:43:32.236 [INFO] com.dreamteam.model2.Elevator: User Passenger57 added to Elevator2 waiting list, size: 25
2021.12.09 13:43:32.237 [INFO] com.dreamteam.model2.Elevator: User Passenger53 added to Elevator2 waiting list, size: 26
2021.12.09 13:43:32.237 [INFO] com.dreamteam.model2.Elevator: User Passenger51 added to Elevator2 waiting list, size: 27
2021.12.09 13:43:32.237 [INFO] com.dreamteam.model2.Elevator: User Passenger43 added to Elevator2 waiting list, size: 28
2021.12.09 13:43:32.237 [INFO] com.dreamteam.model2.Elevator: User Passenger42 added to Elevator2 waiting list, size: 29
2021.12.09 13:43:32.238 [INFO] com.dreamteam.model2.Elevator: User Passenger39 added to Elevator2 waiting list, size: 30
2021.12.09 13:43:32.279 [INFO] com.dreamteam.model2.Floor: Queue at floor21, elevator2, queue size: 2
2021.12.09 13:43:32.279 [INFO] com.dreamteam.utils.UserFactory: New user: Passenger, ID: 125, Start floor: 21, Destination floor: 1, ElevatorA2
2021.12.09 13:43:32.279 [INFO] com.dreamteam.model2.Elevator: User Passenger125 added to Elevator2 waiting list, size: 31
2021.12.09 13:43:32.323 [INFO] com.dreamteam.model2.Elevator: User(s) left Elevator2
2021.12.09 13:43:32.324 [INFO] com.dreamteam.model2.Elevator: User Passenger32 entered Elevator2, active users: 1
2021.12.09 13:43:32.327 [INFO] com.dreamteam.model2.ElevatorA: ElevatorA2 goes to floor 12, direction: DOWN
2021.12.09 13:43:32.342 [INFO] com.dreamteam.model2.Floor: Queue at floor25, elevator2, queue size: 2
2021.12.09 13:43:32.343 [INFO] com.dreamteam.utils.UserFactory: New user: Passenger, ID: 126, Start floor: 25, Destination floor: 3, ElevatorA2
2021.12.09 13:43:32.402 [INFO] com.dreamteam.model2.Floor: Queue at floor24, elevator1, queue size: 1
2021.12.09 13:43:32.402 [INFO] com.dreamteam.utils.UserFactory: New user: Passenger, ID: 127, Start floor: 24, Destination floor: 10, ElevatorA1
2021.12.09 13:43:32.464 [INFO] com.dreamteam.model2.Floor: Queue at floor29, elevator2, queue size: 2
2021.12.09 13:43:32.465 [INFO] com.dreamteam.utils.UserFactory: New user: Passenger, ID: 128, Start floor: 29, Destination floor: 24, ElevatorA2
2021.12.09 13:43:32.526 [INFO] com.dreamteam.model2.Floor: Queue at floor1, elevator2, queue size: 2
2021.12.09 13:43:32.526 [INFO] com.dreamteam.utils.UserFactory: New user: Passenger, ID: 129, Start floor: 1, Destination floor: 2, ElevatorA2
2021.12.09 13:43:32.588 [INFO] com.dreamteam.model2.Floor: Queue at floor29, elevator0, queue size: 2
2021.12.09 13:43:32.588 [INFO] com.dreamteam.utils.UserFactory: New user: Passenger, ID: 130, Start floor: 29, Destination floor: 23, ElevatorA0
2021.12.09 13:43:32.650 [INFO] com.dreamteam.model2.Floor: Queue at floor25, elevator0, queue size: 2
2021.12.09 13:43:32.650 [INFO] com.dreamteam.utils.UserFactory: New user: Passenger, ID: 131, Start floor: 25, Destination floor: 20, ElevatorA0
2021.12.09 13:43:32.717 [INFO] com.dreamteam.model2.Floor: Queue at floor25, elevator1, queue size: 2
2021.12.09 13:43:32.718 [INFO] com.dreamteam.utils.UserFactory: New user: Passenger, ID: 132, Start floor: 25, Destination floor: 0, ElevatorA1
2021.12.09 13:43:32.728 [INFO] com.dreamteam.model2.Elevator: Elevator4, current floor: 15
2021.12.09 13:43:32.729 [INFO] com.dreamteam.model2.Elevator: User Passenger124 added to Elevator4 waiting list, size: 31
2021.12.09 13:43:32.729 [INFO] com.dreamteam.model2.Elevator: User Passenger121 added to Elevator4 waiting list, size: 32
2021.12.09 13:43:32.731 [INFO] com.dreamteam.model2.Elevator: User Passenger120 added to Elevator4 waiting list, size: 33
2021.12.09 13:43:32.731 [INFO] com.dreamteam.model2.Elevator: User Passenger119 added to Elevator4 waiting list, size: 34
2021.12.09 13:43:32.732 [INFO] com.dreamteam.model2.Elevator: User Passenger106 added to Elevator4 waiting list, size: 35
2021.12.09 13:43:32.732 [INFO] com.dreamteam.model2.Elevator: User Passenger103 added to Elevator4 waiting list, size: 36
2021.12.09 13:43:32.732 [INFO] com.dreamteam.model2.Elevator: User Passenger95 added to Elevator4 waiting list, size: 37
2021.12.09 13:43:32.732 [INFO] com.dreamteam.model2.Elevator: User Passenger93 added to Elevator4 waiting list, size: 38
2021.12.09 13:43:32.762 [INFO] com.dreamteam.model2.Floor: Queue at floor29, elevator1, queue size: 2
2021.12.09 13:43:32.762 [INFO] com.dreamteam.utils.UserFactory: New user: Passenger, ID: 133, Start floor: 29, Destination floor: 2, ElevatorA1
2021.12.09 13:43:32.822 [INFO] com.dreamteam.model2.Elevator: User(s) left Elevator4
2021.12.09 13:43:32.822 [INFO] com.dreamteam.model2.Elevator: User Passenger15 entered Elevator4, active users: 1
2021.12.09 13:43:32.823 [INFO] com.dreamteam.model2.Floor: Queue at floor10, elevator3, queue size: 1
2021.12.09 13:43:32.823 [INFO] com.dreamteam.utils.UserFactory: New user: Passenger, ID: 134, Start floor: 10, Destination floor: 22, ElevatorA3
2021.12.09 13:43:32.823 [INFO] com.dreamteam.model2.ElevatorA: ElevatorA4 goes to floor 25, direction: UP
2021.12.09 13:43:32.837 [INFO] com.dreamteam.model2.Elevator: Elevator2, current floor: 12
2021.12.09 13:43:32.837 [INFO] com.dreamteam.model2.Elevator: User Passenger129 added to Elevator2 waiting list, size: 31
2021.12.09 13:43:32.837 [INFO] com.dreamteam.model2.Elevator: User Passenger128 added to Elevator2 waiting list, size: 32
2021.12.09 13:43:32.838 [INFO] com.dreamteam.model2.Elevator: User Passenger126 added to Elevator2 waiting list, size: 33
2021.12.09 13:43:32.884 [INFO] com.dreamteam.model2.Floor: Queue at floor16, elevator1, queue size: 2
2021.12.09 13:43:32.884 [INFO] com.dreamteam.utils.UserFactory: New user: Passenger, ID: 135, Start floor: 16, Destination floor: 18, ElevatorA1
2021.12.09 13:43:32.929 [INFO] com.dreamteam.model2.Elevator: User(s) left Elevator2
2021.12.09 13:43:32.931 [INFO] com.dreamteam.model2.Elevator: User Passenger110 entered Elevator2, active users: 1
2021.12.09 13:43:32.934 [INFO] com.dreamteam.model2.ElevatorA: ElevatorA2 goes to floor 21, direction: UP
2021.12.09 13:43:32.947 [INFO] com.dreamteam.model2.Floor: Queue at floor19, elevator3, queue size: 1
2021.12.09 13:43:32.948 [INFO] com.dreamteam.utils.UserFactory: New user: Passenger, ID: 136, Start floor: 19, Destination floor: 29, ElevatorA3
2021.12.09 13:43:33.007 [INFO] com.dreamteam.model2.Floor: Queue at floor18, elevator2, queue size: 2
2021.12.09 13:43:33.008 [INFO] com.dreamteam.utils.UserFactory: New user: Passenger, ID: 137, Start floor: 18, Destination floor: 17, ElevatorA2
2021.12.09 13:43:33.072 [INFO] com.dreamteam.model2.Floor: Queue at floor27, elevator2, queue size: 2
2021.12.09 13:43:33.072 [INFO] com.dreamteam.utils.UserFactory: New user: Passenger, ID: 138, Start floor: 27, Destination floor: 10, ElevatorA2
2021.12.09 13:43:33.118 [INFO] com.dreamteam.model2.Floor: Queue at floor7, elevator1, queue size: 1
2021.12.09 13:43:33.118 [INFO] com.dreamteam.utils.UserFactory: New user: Passenger, ID: 139, Start floor: 7, Destination floor: 20, ElevatorA1
2021.12.09 13:43:33.180 [INFO] com.dreamteam.model2.Floor: Queue at floor8, elevator4, queue size: 2
2021.12.09 13:43:33.181 [INFO] com.dreamteam.utils.UserFactory: New user: Passenger, ID: 140, Start floor: 8, Destination floor: 10, ElevatorA4
2021.12.09 13:43:33.245 [INFO] com.dreamteam.model2.Floor: Queue at floor24, elevator3, queue size: 1
2021.12.09 13:43:33.246 [INFO] com.dreamteam.utils.UserFactory: New user: Passenger, ID: 141, Start floor: 24, Destination floor: 2, ElevatorA3
2021.12.09 13:43:33.304 [INFO] com.dreamteam.model2.Floor: Queue at floor27, elevator0, queue size: 2
2021.12.09 13:43:33.305 [INFO] com.dreamteam.utils.UserFactory: New user: Passenger, ID: 142, Start floor: 27, Destination floor: 19, ElevatorA0
2021.12.09 13:43:33.369 [INFO] com.dreamteam.model2.Floor: Queue at floor8, elevator2, queue size: 2
2021.12.09 13:43:33.369 [INFO] com.dreamteam.utils.UserFactory: New user: Passenger, ID: 143, Start floor: 8, Destination floor: 15, ElevatorA2
2021.12.09 13:43:33.432 [INFO] com.dreamteam.model2.Floor: Queue at floor16, elevator3, queue size: 2
2021.12.09 13:43:33.433 [INFO] com.dreamteam.utils.UserFactory: New user: Passenger, ID: 144, Start floor: 16, Destination floor: 1, ElevatorA3
2021.12.09 13:43:33.482 [INFO] com.dreamteam.model2.Floor: Queue at floor11, elevator2, queue size: 1
2021.12.09 13:43:33.483 [INFO] com.dreamteam.utils.UserFactory: New user: Passenger, ID: 145, Start floor: 11, Destination floor: 24, ElevatorA2
2021.12.09 13:43:33.542 [INFO] com.dreamteam.model2.Floor: Queue at floor5, elevator0, queue size: 2
2021.12.09 13:43:33.542 [INFO] com.dreamteam.utils.UserFactory: New user: Passenger, ID: 146, Start floor: 5, Destination floor: 27, ElevatorA0
2021.12.09 13:43:33.602 [INFO] com.dreamteam.model2.Floor: Queue at floor1, elevator0, queue size: 2
2021.12.09 13:43:33.603 [INFO] com.dreamteam.utils.UserFactory: New user: Passenger, ID: 147, Start floor: 1, Destination floor: 4, ElevatorA0
2021.12.09 13:43:33.665 [INFO] com.dreamteam.model2.Floor: Queue at floor5, elevator1, queue size: 2
2021.12.09 13:43:33.665 [INFO] com.dreamteam.utils.UserFactory: New user: Passenger, ID: 148, Start floor: 5, Destination floor: 18, ElevatorA1
2021.12.09 13:43:33.725 [INFO] com.dreamteam.model2.Floor: Queue at floor16, elevator4, queue size: 3
2021.12.09 13:43:33.726 [INFO] com.dreamteam.utils.UserFactory: New user: Passenger, ID: 149, Start floor: 16, Destination floor: 3, ElevatorA4
2021.12.09 13:43:33.789 [INFO] com.dreamteam.model2.Floor: Queue at floor6, elevator1, queue size: 1
2021.12.09 13:43:33.789 [INFO] com.dreamteam.utils.UserFactory: New user: Passenger, ID: 150, Start floor: 6, Destination floor: 23, ElevatorA1
2021.12.09 13:43:33.850 [INFO] com.dreamteam.model2.Floor: Queue at floor18, elevator0, queue size: 2
2021.12.09 13:43:33.852 [INFO] com.dreamteam.utils.UserFactory: New user: Passenger, ID: 151, Start floor: 18, Destination floor: 0, ElevatorA0
2021.12.09 13:43:33.912 [INFO] com.dreamteam.model2.Floor: Queue at floor5, elevator3, queue size: 2
2021.12.09 13:43:33.912 [INFO] com.dreamteam.utils.UserFactory: New user: Passenger, ID: 152, Start floor: 5, Destination floor: 0, ElevatorA3
2021.12.09 13:43:33.959 [INFO] com.dreamteam.model2.Floor: Queue at floor9, elevator4, queue size: 1
2021.12.09 13:43:33.959 [INFO] com.dreamteam.utils.UserFactory: New user: Passenger, ID: 153, Start floor: 9, Destination floor: 29, ElevatorA4
2021.12.09 13:43:34.022 [INFO] com.dreamteam.model2.Floor: Queue at floor1, elevator1, queue size: 2
2021.12.09 13:43:34.023 [INFO] com.dreamteam.utils.UserFactory: New user: Passenger, ID: 154, Start floor: 1, Destination floor: 11, ElevatorA1
2021.12.09 13:43:34.084 [INFO] com.dreamteam.model2.Floor: Queue at floor0, elevator0, queue size: 1
2021.12.09 13:43:34.085 [INFO] com.dreamteam.utils.UserFactory: New user: Passenger, ID: 155, Start floor: 0, Destination floor: 1, ElevatorA0
2021.12.09 13:43:34.147 [INFO] com.dreamteam.model2.Floor: Queue at floor5, elevator4, queue size: 3
2021.12.09 13:43:34.147 [INFO] com.dreamteam.utils.UserFactory: New user: Passenger, ID: 156, Start floor: 5, Destination floor: 15, ElevatorA4
2021.12.09 13:43:34.189 [INFO] com.dreamteam.model2.Elevator: User Passenger77 added to Elevator1 waiting list, size: 1
2021.12.09 13:43:34.189 [INFO] com.dreamteam.model2.Elevator: User Passenger133 added to Elevator1 waiting list, size: 2
2021.12.09 13:43:34.189 [INFO] com.dreamteam.model2.Elevator: User Passenger156 added to Elevator4 waiting list, size: 38
2021.12.09 13:43:34.189 [INFO] com.dreamteam.model2.Elevator: User Passenger80 added to Elevator3 waiting list, size: 1
2021.12.09 13:43:34.189 [INFO] com.dreamteam.model2.Elevator: User Passenger142 added to Elevator0 waiting list, size: 4
2021.12.09 13:43:34.189 [INFO] com.dreamteam.model2.Elevator: User Passenger150 added to Elevator1 waiting list, size: 3
2021.12.09 13:43:34.190 [INFO] com.dreamteam.model2.Elevator: User Passenger153 added to Elevator4 waiting list, size: 39
2021.12.09 13:43:34.190 [INFO] com.dreamteam.model2.Elevator: User Passenger152 added to Elevator3 waiting list, size: 2
2021.12.09 13:43:34.190 [INFO] com.dreamteam.model2.Elevator: User Passenger127 added to Elevator1 waiting list, size: 4
2021.12.09 13:43:34.190 [INFO] com.dreamteam.model2.Elevator: User Passenger155 added to Elevator0 waiting list, size: 5
2021.12.09 13:43:34.190 [INFO] com.dreamteam.model2.Elevator: User Passenger54 added to Elevator1 waiting list, size: 5
2021.12.09 13:43:34.190 [INFO] com.dreamteam.model2.Elevator: User Passenger90 added to Elevator1 waiting list, size: 6
2021.12.09 13:43:34.190 [INFO] com.dreamteam.model2.Elevator: User Passenger118 added to Elevator3 waiting list, size: 3
2021.12.09 13:43:34.190 [INFO] com.dreamteam.model2.Elevator: User Passenger115 added to Elevator3 waiting list, size: 4
2021.12.09 13:43:34.191 [INFO] com.dreamteam.model2.Elevator: User Passenger144 added to Elevator3 waiting list, size: 5
2021.12.09 13:43:34.191 [INFO] com.dreamteam.model2.Elevator: User Passenger149 added to Elevator4 waiting list, size: 40
2021.12.09 13:43:34.190 [INFO] com.dreamteam.model2.Elevator: User Passenger135 added to Elevator1 waiting list, size: 7
2021.12.09 13:43:34.191 [INFO] com.dreamteam.model2.Elevator: User Passenger141 added to Elevator3 waiting list, size: 6
2021.12.09 13:43:34.191 [INFO] com.dreamteam.model2.Elevator: User Passenger151 added to Elevator0 waiting list, size: 6
2021.12.09 13:43:34.191 [INFO] com.dreamteam.model2.Elevator: User Passenger154 added to Elevator1 waiting list, size: 8
2021.12.09 13:43:34.191 [INFO] com.dreamteam.model2.Elevator: User Passenger140 added to Elevator4 waiting list, size: 41
2021.12.09 13:43:34.192 [INFO] com.dreamteam.model2.Elevator: User Passenger136 added to Elevator3 waiting list, size: 7
2021.12.09 13:43:34.192 [INFO] com.dreamteam.model2.Elevator: User Passenger147 added to Elevator0 waiting list, size: 7
2021.12.09 13:43:34.192 [INFO] com.dreamteam.model2.Elevator: User Passenger148 added to Elevator1 waiting list, size: 9
2021.12.09 13:43:34.191 [INFO] com.dreamteam.model2.Elevator: User Passenger145 added to Elevator2 waiting list, size: 33
2021.12.09 13:43:34.192 [INFO] com.dreamteam.model2.Elevator: User Passenger134 added to Elevator3 waiting list, size: 8
2021.12.09 13:43:34.193 [INFO] com.dreamteam.model2.Elevator: User Passenger146 added to Elevator0 waiting list, size: 8
2021.12.09 13:43:34.193 [INFO] com.dreamteam.model2.Elevator: User Passenger139 added to Elevator1 waiting list, size: 10
2021.12.09 13:43:34.194 [INFO] com.dreamteam.model2.Elevator: User Passenger112 added to Elevator3 waiting list, size: 9
2021.12.09 13:43:34.194 [INFO] com.dreamteam.model2.Elevator: User Passenger131 added to Elevator0 waiting list, size: 9
2021.12.09 13:43:34.195 [INFO] com.dreamteam.model2.Elevator: User Passenger132 added to Elevator1 waiting list, size: 11
2021.12.09 13:43:34.195 [INFO] com.dreamteam.model2.Elevator: User Passenger108 added to Elevator3 waiting list, size: 10
2021.12.09 13:43:34.194 [INFO] com.dreamteam.model2.Elevator: User Passenger143 added to Elevator2 waiting list, size: 34
2021.12.09 13:43:34.195 [INFO] com.dreamteam.model2.Elevator: User Passenger101 added to Elevator3 waiting list, size: 11
2021.12.09 13:43:34.195 [INFO] com.dreamteam.model2.Elevator: User Passenger130 added to Elevator0 waiting list, size: 10
2021.12.09 13:43:34.195 [INFO] com.dreamteam.model2.Elevator: User Passenger138 added to Elevator2 waiting list, size: 35
2021.12.09 13:43:34.195 [INFO] com.dreamteam.model2.Elevator: User Passenger122 added to Elevator1 waiting list, size: 12
2021.12.09 13:43:34.195 [INFO] com.dreamteam.model2.Elevator: User Passenger123 added to Elevator0 waiting list, size: 11
2021.12.09 13:43:34.195 [INFO] com.dreamteam.model2.Elevator: User Passenger114 added to Elevator1 waiting list, size: 13
2021.12.09 13:43:34.196 [INFO] com.dreamteam.model2.Elevator: User Passenger109 added to Elevator0 waiting list, size: 12
2021.12.09 13:43:34.195 [INFO] com.dreamteam.model2.Elevator: User Passenger91 added to Elevator3 waiting list, size: 12
