2021.12.08 00:25:05.823 [INFO] com.dreamteam.model2.Floor: [0;35mQueue at floor13, elevator3, queue size: 1[0m
2021.12.08 00:25:05.831 [INFO] com.dreamteam.utils.UserFactory: [0;36mNew user: Liliia, ID: 0, Start floor: 13, Destination floor: 8, ElevatorA3[0m
2021.12.08 00:25:05.833 [INFO] com.dreamteam.model2.Elevator: [0;33mElevator3 goes to user Liliia0[0m
2021.12.08 00:25:05.889 [INFO] com.dreamteam.model2.Floor: [0;35mQueue at floor26, elevator3, queue size: 1[0m
2021.12.08 00:25:05.906 [INFO] com.dreamteam.model2.Elevator: [0;34mNo users left Elevator3[0m
2021.12.08 00:25:05.906 [INFO] com.dreamteam.model2.Elevator: [0;34mNo users left Elevator2[0m
2021.12.08 00:25:05.906 [INFO] com.dreamteam.model2.Elevator: [0;34mNo users left Elevator1[0m
2021.12.08 00:25:05.906 [INFO] com.dreamteam.model2.Elevator: [0;34mNo users left Elevator0[0m
2021.12.08 00:25:05.906 [INFO] com.dreamteam.model2.Elevator: [0;34mNo users left Elevator4[0m
2021.12.08 00:25:05.906 [INFO] com.dreamteam.model2.ElevatorA: [0;33mNo active and waiting users, elevator is free now[0m
2021.12.08 00:25:05.906 [INFO] com.dreamteam.model2.ElevatorA: [0;33mNo active and waiting users, elevator is free now[0m
2021.12.08 00:25:05.906 [INFO] com.dreamteam.model2.ElevatorA: [0;33mNo active and waiting users, elevator is free now[0m
2021.12.08 00:25:05.906 [INFO] com.dreamteam.model2.ElevatorA: [0;33mNo active and waiting users, elevator is free now[0m
2021.12.08 00:25:05.908 [INFO] com.dreamteam.model2.ElevatorA: [0;33mElevatorA3 goes to floor 13, direction: UP[0m
2021.12.08 00:25:05.936 [INFO] com.dreamteam.model2.Floor: [0;35mQueue at floor6, elevator3, queue size: 1[0m
2021.12.08 00:25:05.937 [INFO] com.dreamteam.utils.UserFactory: [0;36mNew user: Nazar, ID: 2, Start floor: 6, Destination floor: 28, ElevatorA3[0m
2021.12.08 00:25:05.999 [INFO] com.dreamteam.model2.Elevator: [0;34mNo users left Elevator2[0m
2021.12.08 00:25:05.999 [INFO] com.dreamteam.model2.Elevator: [0;34mNo users left Elevator0[0m
2021.12.08 00:25:05.999 [INFO] com.dreamteam.model2.Elevator: [0;34mNo users left Elevator1[0m
2021.12.08 00:25:05.999 [INFO] com.dreamteam.model2.Elevator: [0;34mNo users left Elevator4[0m
2021.12.08 00:25:05.999 [INFO] com.dreamteam.model2.ElevatorA: [0;33mNo active and waiting users, elevator is free now[0m
2021.12.08 00:25:05.999 [INFO] com.dreamteam.model2.ElevatorA: [0;33mNo active and waiting users, elevator is free now[0m
2021.12.08 00:25:05.999 [INFO] com.dreamteam.model2.ElevatorA: [0;33mNo active and waiting users, elevator is free now[0m
2021.12.08 00:25:05.999 [INFO] com.dreamteam.model2.ElevatorA: [0;33mNo active and waiting users, elevator is free now[0m
2021.12.08 00:25:05.999 [INFO] com.dreamteam.model2.Floor: [0;35mQueue at floor4, elevator3, queue size: 1[0m
2021.12.08 00:25:06.000 [INFO] com.dreamteam.utils.UserFactory: [0;36mNew user: Tetiana, ID: 3, Start floor: 4, Destination floor: 5, ElevatorA3[0m
2021.12.08 00:25:06.060 [INFO] com.dreamteam.model2.Floor: [0;35mQueue at floor17, elevator3, queue size: 1[0m
2021.12.08 00:25:06.061 [INFO] com.dreamteam.utils.UserFactory: [0;36mNew user: Tetiana, ID: 4, Start floor: 17, Destination floor: 24, ElevatorA3[0m
2021.12.08 00:25:06.090 [INFO] com.dreamteam.model2.Elevator: [0;34mNo users left Elevator4[0m
2021.12.08 00:25:06.090 [INFO] com.dreamteam.model2.Elevator: [0;34mNo users left Elevator2[0m
2021.12.08 00:25:06.090 [INFO] com.dreamteam.model2.Elevator: [0;34mNo users left Elevator0[0m
2021.12.08 00:25:06.090 [INFO] com.dreamteam.model2.Elevator: [0;34mNo users left Elevator1[0m
2021.12.08 00:25:06.090 [INFO] com.dreamteam.model2.ElevatorA: [0;33mNo active and waiting users, elevator is free now[0m
2021.12.08 00:25:06.090 [INFO] com.dreamteam.model2.ElevatorA: [0;33mNo active and waiting users, elevator is free now[0m
2021.12.08 00:25:06.090 [INFO] com.dreamteam.model2.ElevatorA: [0;33mNo active and waiting users, elevator is free now[0m
2021.12.08 00:25:06.090 [INFO] com.dreamteam.model2.ElevatorA: [0;33mNo active and waiting users, elevator is free now[0m
2021.12.08 00:25:06.120 [INFO] com.dreamteam.model2.Floor: [0;35mQueue at floor13, elevator1, queue size: 1[0m
2021.12.08 00:25:06.121 [INFO] com.dreamteam.utils.UserFactory: [0;36mNew user: Vladyslav, ID: 5, Start floor: 13, Destination floor: 6, ElevatorA1[0m
2021.12.08 00:25:06.121 [INFO] com.dreamteam.model2.Elevator: [0;33mElevator1 goes to user Vladyslav5[0m
2021.12.08 00:25:06.182 [INFO] com.dreamteam.model2.Elevator: [0;34mNo users left Elevator1[0m
2021.12.08 00:25:06.182 [INFO] com.dreamteam.model2.Elevator: [0;34mNo users left Elevator0[0m
2021.12.08 00:25:06.182 [INFO] com.dreamteam.model2.Elevator: [0;34mNo users left Elevator4[0m
2021.12.08 00:25:06.182 [INFO] com.dreamteam.model2.Elevator: [0;34mNo users left Elevator2[0m
2021.12.08 00:25:06.182 [INFO] com.dreamteam.model2.ElevatorA: [0;33mElevatorA1 goes to floor 13, direction: UP[0m
2021.12.08 00:25:06.182 [INFO] com.dreamteam.model2.ElevatorA: [0;33mNo active and waiting users, elevator is free now[0m
2021.12.08 00:25:06.182 [INFO] com.dreamteam.model2.ElevatorA: [0;33mNo active and waiting users, elevator is free now[0m
2021.12.08 00:25:06.182 [INFO] com.dreamteam.model2.ElevatorA: [0;33mNo active and waiting users, elevator is free now[0m
2021.12.08 00:25:06.182 [INFO] com.dreamteam.model2.Floor: [0;35mQueue at floor17, elevator1, queue size: 1[0m
2021.12.08 00:25:06.183 [INFO] com.dreamteam.utils.UserFactory: [0;36mNew user: Tetiana, ID: 6, Start floor: 17, Destination floor: 22, ElevatorA1[0m
2021.12.08 00:25:06.244 [INFO] com.dreamteam.model2.Floor: [0;35mQueue at floor4, elevator1, queue size: 1[0m
2021.12.08 00:25:06.245 [INFO] com.dreamteam.utils.UserFactory: [0;36mNew user: Liliia, ID: 7, Start floor: 4, Destination floor: 23, ElevatorA1[0m
2021.12.08 00:25:06.275 [INFO] com.dreamteam.model2.Elevator: [0;34mNo users left Elevator4[0m
2021.12.08 00:25:06.275 [INFO] com.dreamteam.model2.Elevator: [0;34mNo users left Elevator0[0m
2021.12.08 00:25:06.275 [INFO] com.dreamteam.model2.Elevator: [0;34mNo users left Elevator2[0m
2021.12.08 00:25:06.275 [INFO] com.dreamteam.model2.ElevatorA: [0;33mNo active and waiting users, elevator is free now[0m
2021.12.08 00:25:06.275 [INFO] com.dreamteam.model2.ElevatorA: [0;33mNo active and waiting users, elevator is free now[0m
2021.12.08 00:25:06.275 [INFO] com.dreamteam.model2.ElevatorA: [0;33mNo active and waiting users, elevator is free now[0m
2021.12.08 00:25:06.306 [INFO] com.dreamteam.model2.Floor: [0;35mQueue at floor14, elevator3, queue size: 1[0m
2021.12.08 00:25:06.307 [INFO] com.dreamteam.utils.UserFactory: [0;36mNew user: Viktoriia, ID: 8, Start floor: 14, Destination floor: 24, ElevatorA3[0m
2021.12.08 00:25:06.367 [INFO] com.dreamteam.model2.Elevator: [0;34mNo users left Elevator4[0m
2021.12.08 00:25:06.367 [INFO] com.dreamteam.model2.Elevator: [0;34mNo users left Elevator2[0m
2021.12.08 00:25:06.367 [INFO] com.dreamteam.model2.Elevator: [0;34mNo users left Elevator0[0m
2021.12.08 00:25:06.367 [INFO] com.dreamteam.model2.ElevatorA: [0;33mNo active and waiting users, elevator is free now[0m
2021.12.08 00:25:06.367 [INFO] com.dreamteam.model2.ElevatorA: [0;33mNo active and waiting users, elevator is free now[0m
2021.12.08 00:25:06.367 [INFO] com.dreamteam.model2.ElevatorA: [0;33mNo active and waiting users, elevator is free now[0m
2021.12.08 00:25:06.367 [INFO] com.dreamteam.model2.Floor: [0;35mQueue at floor16, elevator3, queue size: 1[0m
2021.12.08 00:25:06.368 [INFO] com.dreamteam.utils.UserFactory: [0;36mNew user: Anastasiia, ID: 9, Start floor: 16, Destination floor: 0, ElevatorA3[0m
2021.12.08 00:25:06.430 [INFO] com.dreamteam.model2.Floor: [0;35mQueue at floor4, elevator4, queue size: 1[0m
2021.12.08 00:25:06.431 [INFO] com.dreamteam.utils.UserFactory: [0;36mNew user: Yaryna, ID: 10, Start floor: 4, Destination floor: 13, ElevatorA4[0m
2021.12.08 00:25:06.431 [INFO] com.dreamteam.model2.Elevator: [0;33mElevator4 goes to user Yaryna10[0m
2021.12.08 00:25:06.460 [INFO] com.dreamteam.model2.Elevator: [0;34mNo users left Elevator0[0m
2021.12.08 00:25:06.460 [INFO] com.dreamteam.model2.Elevator: [0;34mNo users left Elevator2[0m
2021.12.08 00:25:06.460 [INFO] com.dreamteam.model2.Elevator: [0;34mNo users left Elevator4[0m
2021.12.08 00:25:06.460 [INFO] com.dreamteam.model2.ElevatorA: [0;33mNo active and waiting users, elevator is free now[0m
2021.12.08 00:25:06.460 [INFO] com.dreamteam.model2.ElevatorA: [0;33mNo active and waiting users, elevator is free now[0m
2021.12.08 00:25:06.460 [INFO] com.dreamteam.model2.ElevatorA: [0;33mElevatorA4 goes to floor 4, direction: UP[0m
2021.12.08 00:25:06.476 [INFO] com.dreamteam.model2.Floor: [0;35mQueue at floor12, elevator3, queue size: 1[0m
2021.12.08 00:25:06.477 [INFO] com.dreamteam.utils.UserFactory: [0;36mNew user: Anastasiia, ID: 11, Start floor: 12, Destination floor: 1, ElevatorA3[0m
2021.12.08 00:25:06.538 [INFO] com.dreamteam.model2.Floor: [0;35mQueue at floor14, elevator1, queue size: 1[0m
2021.12.08 00:25:06.539 [INFO] com.dreamteam.utils.UserFactory: [0;36mNew user: Tetiana, ID: 12, Start floor: 14, Destination floor: 6, ElevatorA1[0m
2021.12.08 00:25:06.553 [INFO] com.dreamteam.model2.Elevator: [0;34mNo users left Elevator2[0m
2021.12.08 00:25:06.553 [INFO] com.dreamteam.model2.Elevator: [0;34mNo users left Elevator0[0m
2021.12.08 00:25:06.553 [INFO] com.dreamteam.model2.ElevatorA: [0;33mNo active and waiting users, elevator is free now[0m
2021.12.08 00:25:06.553 [INFO] com.dreamteam.model2.ElevatorA: [0;33mNo active and waiting users, elevator is free now[0m
2021.12.08 00:25:06.601 [INFO] com.dreamteam.model2.Floor: [0;35mQueue at floor15, elevator3, queue size: 1[0m
2021.12.08 00:25:06.602 [INFO] com.dreamteam.utils.UserFactory: [0;36mNew user: Anastasiia, ID: 13, Start floor: 15, Destination floor: 11, ElevatorA3[0m
2021.12.08 00:25:06.636 [INFO] com.dreamteam.model2.Elevator: [0;34mUser Anastasiia9 added to Elevator3 waiting list, size: 1[0m
2021.12.08 00:25:06.636 [INFO] com.dreamteam.model2.Elevator: [0;34mUser Tetiana12 added to Elevator1 waiting list, size: 1[0m
2021.12.08 00:25:06.636 [INFO] com.dreamteam.model2.Elevator: [0;34mUser Anastasiia13 added to Elevator3 waiting list, size: 2[0m
2021.12.08 00:25:06.636 [INFO] com.dreamteam.model2.Elevator: [0;34mUser Liliia7 added to Elevator1 waiting list, size: 2[0m
2021.12.08 00:25:06.637 [INFO] com.dreamteam.model2.Elevator: [0;34mUser Anastasiia11 added to Elevator3 waiting list, size: 3[0m
2021.12.08 00:25:06.637 [INFO] com.dreamteam.model2.Elevator: [0;34mUser Tetiana6 added to Elevator1 waiting list, size: 3[0m
2021.12.08 00:25:06.637 [INFO] com.dreamteam.model2.Elevator: [0;34mUser Viktoriia8 added to Elevator3 waiting list, size: 4[0m
2021.12.08 00:25:06.637 [INFO] com.dreamteam.model2.Elevator: [0;34mUser Tetiana4 added to Elevator3 waiting list, size: 5[0m
2021.12.08 00:25:06.637 [INFO] com.dreamteam.model2.Elevator: [0;34mUser Tetiana3 added to Elevator3 waiting list, size: 6[0m
2021.12.08 00:25:06.637 [INFO] com.dreamteam.model2.Elevator: [0;34mUser Nazar2 added to Elevator3 waiting list, size: 7[0m
